2018-07-11 12:46:20,309 - root - INFO - ***************一级市场购买开始****************
2018-07-11 12:46:20,313 - root - INFO - qyd_app login is running...
2018-07-11 12:46:26,112 - root - INFO - applogin is running success!
2018-07-11 12:46:27,578 - root - INFO - 购买XYY: 平台剩余可投金额为0!
2018-07-11 12:46:27,580 - root - INFO - ***************一级市场购买结束****************
2018-07-11 12:46:27,582 - root - INFO - ***************一级市场购买开始****************
2018-07-11 12:46:27,585 - root - INFO - qyd_app login is running...
2018-07-11 12:46:28,879 - root - INFO - applogin is running success!
2018-07-11 12:46:29,998 - root - INFO - 购买XZY: 成功!
2018-07-11 12:46:30,000 - root - INFO - ***************一级市场购买结束****************
2018-07-11 12:46:30,001 - root - INFO - ***************一级市场购买开始****************
2018-07-11 12:46:30,003 - root - INFO - qyd_app login is running...
2018-07-11 12:46:31,170 - root - INFO - applogin is running success!
2018-07-11 12:46:32,474 - root - INFO - 购买XYY: 平台剩余可投金额为0!
2018-07-11 12:46:32,475 - root - INFO - ***************一级市场购买结束****************
2018-07-11 12:46:32,477 - root - INFO - ***************一级市场购买开始****************
2018-07-11 12:46:32,479 - root - INFO - qyd_app login is running...
2018-07-11 12:46:34,631 - root - INFO - applogin is running success!
2018-07-11 12:46:35,848 - root - INFO - 购买XZY: 成功!
2018-07-11 12:46:35,850 - root - INFO - ***************一级市场购买结束****************
