2018-07-19 11:43:26,474 - root - INFO - ***************一级市场购买开始****************
2018-07-19 11:43:26,477 - root - INFO - qyd_app login is running...
2018-07-19 11:43:28,238 - root - INFO - applogin is running success!
2018-07-19 11:43:29,659 - root - INFO - 购买XYY: 成功!
2018-07-19 11:43:29,661 - root - INFO - ***************一级市场购买结束****************
2018-07-19 11:43:29,663 - root - INFO - ***************一级市场购买开始****************
2018-07-19 11:43:29,665 - root - INFO - qyd_app login is running...
2018-07-19 11:43:31,633 - root - INFO - applogin is running success!
2018-07-19 11:43:33,237 - root - INFO - 购买XZY: 成功!
2018-07-19 11:43:33,239 - root - INFO - ***************一级市场购买结束****************
2018-07-19 11:43:33,241 - root - INFO - ***************一级市场购买开始****************
2018-07-19 11:43:33,242 - root - INFO - qyd_app login is running...
2018-07-19 11:43:36,218 - root - INFO - applogin is running success!
2018-07-19 11:43:38,590 - root - INFO - 购买XYY: 成功!
2018-07-19 11:43:38,592 - root - INFO - ***************一级市场购买结束****************
2018-07-19 11:43:38,595 - root - INFO - ***************一级市场购买开始****************
2018-07-19 11:43:38,597 - root - INFO - qyd_app login is running...
2018-07-19 11:43:40,139 - root - INFO - applogin is running success!
2018-07-19 11:43:41,582 - root - INFO - 购买XZY: 成功!
2018-07-19 11:43:41,584 - root - INFO - ***************一级市场购买结束****************
