2018-07-10 17:56:16,010 - root - INFO - ***************一级市场购买开始****************
2018-07-10 17:56:16,011 - root - INFO - 一级市场购买开始----
2018-07-10 17:56:16,013 - root - INFO - qyd_app login is running...
2018-07-10 17:56:17,261 - root - INFO - applogin is running success!
2018-07-10 17:56:18,060 - root - INFO - 平台剩余可投金额为0!
2018-07-10 17:56:18,062 - root - INFO - ***************一级市场购买结束****************
2018-07-10 17:56:18,063 - root - INFO - ***************一级市场购买开始****************
2018-07-10 17:56:18,064 - root - INFO - 一级市场购买开始----
2018-07-10 17:56:18,066 - root - INFO - qyd_app login is running...
2018-07-10 17:56:18,954 - root - INFO - applogin is running success!
2018-07-10 17:56:19,740 - root - INFO -  购买成功
2018-07-10 17:56:19,741 - root - INFO - ***************一级市场购买结束****************
2018-07-10 17:56:19,743 - root - INFO - ***************一级市场购买开始****************
2018-07-10 17:56:19,744 - root - INFO - 一级市场购买开始----
2018-07-10 17:56:19,745 - root - INFO - qyd_app login is running...
2018-07-10 17:56:20,726 - root - INFO - applogin is running success!
2018-07-10 17:56:21,310 - root - INFO - 平台剩余可投金额为0!
2018-07-10 17:56:21,311 - root - INFO - ***************一级市场购买结束****************
2018-07-10 17:56:21,312 - root - INFO - ***************一级市场购买开始****************
2018-07-10 17:56:21,313 - root - INFO - 一级市场购买开始----
2018-07-10 17:56:21,315 - root - INFO - qyd_app login is running...
2018-07-10 17:56:22,503 - root - INFO - applogin is running success!
2018-07-10 17:56:23,351 - root - INFO -  购买成功
2018-07-10 17:56:23,352 - root - INFO - ***************一级市场购买结束****************
