2018-07-19 16:48:45,803 - root - INFO - qyd_app login is running...
2018-07-19 16:48:47,697 - root - INFO - applogin is running success!
2018-07-19 16:48:47,699 - root - INFO - qyd_app login is running...
2018-07-19 16:48:48,639 - root - INFO - applogin is running success!
2018-07-19 16:48:48,816 - root - INFO - 获取众盈持有中债权列表成功!
2018-07-19 16:48:49,041 - root - INFO - 您目前没有持有中的新众盈!
2018-07-19 16:48:49,055 - root - INFO - qyd_app login is running...
2018-07-19 16:48:49,986 - root - INFO - applogin is running success!
2018-07-19 16:48:50,210 - root - INFO - 获取预约理财状态成功!
2018-07-19 16:48:50,220 - root - INFO - ***************一级市场购买开始****************
2018-07-19 16:48:50,222 - root - INFO - qyd_app login is running...
2018-07-19 16:48:51,176 - root - INFO - applogin is running success!
2018-07-19 16:48:51,836 - root - INFO - 购买XYY: 平台剩余可投金额为0!
2018-07-19 16:48:51,837 - root - INFO - ***************一级市场购买结束****************
2018-07-19 16:48:51,839 - root - INFO - ***************一级市场购买开始****************
2018-07-19 16:48:51,840 - root - INFO - qyd_app login is running...
2018-07-19 16:48:52,946 - root - INFO - applogin is running success!
2018-07-19 16:48:53,588 - root - INFO - 购买XZY: 平台剩余可投金额为0!
2018-07-19 16:48:53,590 - root - INFO - ***************一级市场购买结束****************
2018-07-19 16:48:53,592 - root - INFO - ***************一级市场购买开始****************
2018-07-19 16:48:53,593 - root - INFO - qyd_app login is running...
2018-07-19 16:48:54,551 - root - INFO - applogin is running success!
2018-07-19 16:48:55,534 - root - INFO - 购买XYY: 平台剩余可投金额为0!
2018-07-19 16:48:55,536 - root - INFO - ***************一级市场购买结束****************
2018-07-19 16:48:55,538 - root - INFO - ***************一级市场购买开始****************
2018-07-19 16:48:55,540 - root - INFO - qyd_app login is running...
2018-07-19 16:48:56,687 - root - INFO - applogin is running success!
2018-07-19 16:48:57,270 - root - INFO - 购买XZY: 平台剩余可投金额为0!
2018-07-19 16:48:57,272 - root - INFO - ***************一级市场购买结束****************
2018-07-19 16:48:57,273 - root - INFO - ***************查询 新月盈、新众盈 预期收益开始****************
2018-07-19 16:48:57,274 - root - INFO - qyd_app login is running...
2018-07-19 16:48:58,615 - root - INFO - applogin is running success!
2018-07-19 16:48:58,822 - root - ERROR - 查询XYY预期收益失败:
 其他错误
2018-07-19 16:48:58,824 - root - INFO - ***************查询 新月盈、新众盈 预期收益结束****************
2018-07-19 16:48:58,825 - root - INFO - ***************查询 新月盈、新众盈 预期收益开始****************
2018-07-19 16:48:58,826 - root - INFO - qyd_app login is running...
2018-07-19 16:48:59,850 - root - INFO - applogin is running success!
2018-07-19 16:49:00,056 - root - ERROR - 查询XZY预期收益失败:
 其他错误
2018-07-19 16:49:00,058 - root - INFO - ***************查询 新月盈、新众盈 预期收益结束****************
2018-07-19 16:49:00,060 - root - INFO - ************** 收益计算器计算接口开始执行 **************
2018-07-19 16:49:00,180 - root - INFO - XYY收益计算器：执行成功！
2018-07-19 16:49:00,182 - root - INFO - ************** 收益计算器计算接口执行完毕 ************** 
2018-07-19 16:49:00,183 - root - INFO - ************** 收益计算器计算接口开始执行 **************
2018-07-19 16:49:00,430 - root - INFO - XYYA收益计算器：执行成功！
2018-07-19 16:49:00,432 - root - INFO - ************** 收益计算器计算接口执行完毕 ************** 
2018-07-19 16:49:00,433 - root - INFO - ************** 新月盈、新众盈计算器信息展示接口开始执行 **************
2018-07-19 16:49:00,560 - root - INFO - NWYY计算器信息展示接口：执行成功！
2018-07-19 16:49:00,562 - root - INFO - ************** 新月盈、新众盈计算器信息展示接口执行结束 ************** 
2018-07-19 16:49:00,564 - root - INFO - ************** 新月盈、新众盈计算器信息展示接口开始执行 **************
2018-07-19 16:49:00,688 - root - INFO - NWYYOPT计算器信息展示接口：执行成功！
2018-07-19 16:49:00,690 - root - INFO - ************** 新月盈、新众盈计算器信息展示接口执行结束 ************** 
2018-07-19 16:49:00,691 - root - INFO - ************** 新月盈、新众盈计算器信息展示接口开始执行 **************
2018-07-19 16:49:00,815 - root - INFO - NWZY计算器信息展示接口：执行成功！
2018-07-19 16:49:00,817 - root - INFO - ************** 新月盈、新众盈计算器信息展示接口执行结束 ************** 
2018-07-19 16:49:00,818 - root - INFO - ***************开启和关闭预约理财接口开始****************
2018-07-19 16:49:00,820 - root - INFO - qyd_app login is running...
2018-07-19 16:49:01,867 - root - INFO - applogin is running success!
2018-07-19 16:49:02,936 - root - INFO - 开启预约BUY_XYY: 成功!
2018-07-19 16:49:02,937 - root - INFO - ***************开启和关闭预约理财接口结束****************
2018-07-19 16:49:02,939 - root - INFO - ***************开启和关闭预约理财接口开始****************
2018-07-19 16:49:02,940 - root - INFO - qyd_app login is running...
2018-07-19 16:49:04,149 - root - INFO - applogin is running success!
2018-07-19 16:49:04,677 - root - INFO - 手动关闭预约BUY_QYY: 成功!
2018-07-19 16:49:04,678 - root - INFO - ***************开启和关闭预约理财接口结束****************
2018-07-19 16:49:04,680 - root - INFO - ***************开启和关闭预约理财接口开始****************
2018-07-19 16:49:04,681 - root - INFO - qyd_app login is running...
2018-07-19 16:49:05,892 - root - INFO - applogin is running success!
2018-07-19 16:49:06,686 - root - INFO - 开启预约BUY_ZRZQ: 成功!
2018-07-19 16:49:06,688 - root - INFO - ***************开启和关闭预约理财接口结束****************
2018-07-19 16:49:06,690 - root - INFO - ***************开启和关闭预约理财接口开始****************
2018-07-19 16:49:06,691 - root - INFO - qyd_app login is running...
2018-07-19 16:49:07,919 - root - INFO - applogin is running success!
2018-07-19 16:49:08,370 - root - INFO - 系统取消预约BUY_ZRZQ: 成功!
2018-07-19 16:49:08,373 - root - INFO - ***************开启和关闭预约理财接口结束****************
2018-07-19 16:49:08,374 - root - INFO - ***************开启和关闭预约理财接口开始****************
2018-07-19 16:49:08,376 - root - INFO - qyd_app login is running...
2018-07-19 16:49:09,586 - root - INFO - applogin is running success!
2018-07-19 16:49:10,103 - root - INFO - 开启预约BUY_YY: 成功!
2018-07-19 16:49:10,105 - root - INFO - ***************开启和关闭预约理财接口结束****************
2018-07-19 16:49:10,107 - root - INFO - ***************开启和关闭预约理财接口开始****************
2018-07-19 16:49:10,109 - root - INFO - qyd_app login is running...
2018-07-19 16:49:11,098 - root - INFO - applogin is running success!
2018-07-19 16:49:11,586 - root - INFO - 系统取消预约BUY_YY: 成功!
2018-07-19 16:49:11,588 - root - INFO - ***************开启和关闭预约理财接口结束****************
2018-07-19 16:49:11,589 - root - INFO - ***************开启和关闭预约理财接口开始****************
2018-07-19 16:49:11,591 - root - INFO - qyd_app login is running...
2018-07-19 16:49:12,596 - root - INFO - applogin is running success!
2018-07-19 16:49:13,318 - root - INFO - 开启预约BUY_YYZR: 成功!
2018-07-19 16:49:13,319 - root - INFO - ***************开启和关闭预约理财接口结束****************
2018-07-19 16:49:13,321 - root - INFO - ***************开启和关闭预约理财接口开始****************
2018-07-19 16:49:13,322 - root - INFO - qyd_app login is running...
2018-07-19 16:49:14,377 - root - INFO - applogin is running success!
2018-07-19 16:49:14,835 - root - INFO - 手动关闭预约BUY_YYZR: 成功!
2018-07-19 16:49:14,836 - root - INFO - ***************开启和关闭预约理财接口结束****************
2018-07-19 16:49:14,838 - root - INFO - ***************开启和关闭预约理财接口开始****************
2018-07-19 16:49:14,839 - root - INFO - qyd_app login is running...
2018-07-19 16:49:15,824 - root - INFO - applogin is running success!
2018-07-19 16:49:16,309 - root - INFO - 开启预约BUY_ZY: 成功!
2018-07-19 16:49:16,311 - root - INFO - ***************开启和关闭预约理财接口结束****************
2018-07-19 16:49:16,313 - root - INFO - ***************开启和关闭预约理财接口开始****************
2018-07-19 16:49:16,315 - root - INFO - qyd_app login is running...
2018-07-19 16:49:17,366 - root - INFO - applogin is running success!
2018-07-19 16:49:17,860 - root - INFO - 系统取消预约BUY_ZY: 成功!
2018-07-19 16:49:17,861 - root - INFO - ***************开启和关闭预约理财接口结束****************
2018-07-19 16:49:17,863 - root - INFO - ***************开启和关闭预约理财接口开始****************
2018-07-19 16:49:17,864 - root - INFO - qyd_app login is running...
2018-07-19 16:49:18,918 - root - INFO - applogin is running success!
2018-07-19 16:49:19,369 - root - INFO - 手动关闭预约BUY_XYY: 成功!
2018-07-19 16:49:19,371 - root - INFO - ***************开启和关闭预约理财接口结束****************
2018-07-19 16:49:19,372 - root - INFO - ***************开启和关闭预约理财接口开始****************
2018-07-19 16:49:19,374 - root - INFO - qyd_app login is running...
2018-07-19 16:49:20,513 - root - INFO - applogin is running success!
2018-07-19 16:49:21,457 - root - INFO - 开启预约BUY_ZRXYY: 成功!
2018-07-19 16:49:21,459 - root - INFO - ***************开启和关闭预约理财接口结束****************
2018-07-19 16:49:21,460 - root - INFO - ***************开启和关闭预约理财接口开始****************
2018-07-19 16:49:21,461 - root - INFO - qyd_app login is running...
2018-07-19 16:49:22,404 - root - INFO - applogin is running success!
2018-07-19 16:49:23,058 - root - INFO - 系统取消预约BUY_ZRXYY: 成功!
2018-07-19 16:49:23,060 - root - INFO - ***************开启和关闭预约理财接口结束****************
2018-07-19 16:49:23,062 - root - INFO - ***************开启和关闭预约理财接口开始****************
2018-07-19 16:49:23,063 - root - INFO - qyd_app login is running...
2018-07-19 16:49:24,001 - root - INFO - applogin is running success!
2018-07-19 16:49:24,956 - root - INFO - 开启预约BUY_XZY: 成功!
2018-07-19 16:49:24,957 - root - INFO - ***************开启和关闭预约理财接口结束****************
2018-07-19 16:49:24,959 - root - INFO - ***************开启和关闭预约理财接口开始****************
2018-07-19 16:49:24,960 - root - INFO - qyd_app login is running...
2018-07-19 16:49:26,147 - root - INFO - applogin is running success!
2018-07-19 16:49:26,588 - root - INFO - 手动关闭预约BUY_XZY: 成功!
2018-07-19 16:49:26,590 - root - INFO - ***************开启和关闭预约理财接口结束****************
2018-07-19 16:49:26,592 - root - INFO - ***************开启和关闭预约理财接口开始****************
2018-07-19 16:49:26,594 - root - INFO - qyd_app login is running...
2018-07-19 16:49:28,782 - root - INFO - applogin is running success!
2018-07-19 16:49:31,050 - root - INFO - 开启预约BUY_XSB: 成功!
2018-07-19 16:49:31,052 - root - INFO - ***************开启和关闭预约理财接口结束****************
2018-07-19 16:49:31,054 - root - INFO - ***************开启和关闭预约理财接口开始****************
2018-07-19 16:49:31,055 - root - INFO - qyd_app login is running...
2018-07-19 16:49:32,081 - root - INFO - applogin is running success!
2018-07-19 16:49:32,524 - root - INFO - 手动关闭预约BUY_XSB: 成功!
2018-07-19 16:49:32,526 - root - INFO - ***************开启和关闭预约理财接口结束****************
2018-07-19 16:49:32,527 - root - INFO - ***************开启和关闭预约理财接口开始****************
2018-07-19 16:49:32,529 - root - INFO - qyd_app login is running...
2018-07-19 16:49:33,919 - root - INFO - applogin is running success!
2018-07-19 16:49:34,436 - root - INFO - 开启预约BUY_QYY: 成功!
2018-07-19 16:49:34,438 - root - INFO - ***************开启和关闭预约理财接口结束****************
