2018-07-17 09:47:53,829 - root - INFO - ***************开启和关闭预约理财接口开始****************
2018-07-17 09:47:53,831 - root - INFO - qyd_app login is running...
2018-07-17 09:47:55,185 - root - INFO - applogin is running success!
2018-07-17 09:47:56,218 - root - INFO - 开启预约BUY_XYY: 成功!
2018-07-17 09:47:56,220 - root - INFO - ***************开启和关闭预约理财接口结束****************
2018-07-17 09:47:56,222 - root - INFO - ***************开启和关闭预约理财接口开始****************
2018-07-17 09:47:56,223 - root - INFO - qyd_app login is running...
2018-07-17 09:47:57,176 - root - INFO - applogin is running success!
2018-07-17 09:47:57,677 - root - INFO - 手动关闭预约BUY_XYY: 成功!
2018-07-17 09:47:57,678 - root - INFO - ***************开启和关闭预约理财接口结束****************
2018-07-17 09:47:57,680 - root - INFO - ***************开启和关闭预约理财接口开始****************
2018-07-17 09:47:57,682 - root - INFO - qyd_app login is running...
2018-07-17 09:47:58,661 - root - INFO - applogin is running success!
2018-07-17 09:47:59,800 - root - INFO - 开启预约BUY_ZRXYY: 成功!
2018-07-17 09:47:59,801 - root - INFO - ***************开启和关闭预约理财接口结束****************
2018-07-17 09:47:59,804 - root - INFO - ***************开启和关闭预约理财接口开始****************
2018-07-17 09:47:59,806 - root - INFO - qyd_app login is running...
2018-07-17 09:48:00,956 - root - INFO - applogin is running success!
2018-07-17 09:48:02,694 - root - INFO - 系统取消预约BUY_ZRXYY: 成功!
2018-07-17 09:48:02,696 - root - INFO - ***************开启和关闭预约理财接口结束****************
2018-07-17 09:48:02,698 - root - INFO - ***************开启和关闭预约理财接口开始****************
2018-07-17 09:48:02,700 - root - INFO - qyd_app login is running...
2018-07-17 09:48:04,131 - root - INFO - applogin is running success!
2018-07-17 09:48:05,097 - root - INFO - 开启预约BUY_XZY: 成功!
2018-07-17 09:48:05,099 - root - INFO - ***************开启和关闭预约理财接口结束****************
2018-07-17 09:48:05,101 - root - INFO - ***************开启和关闭预约理财接口开始****************
2018-07-17 09:48:05,102 - root - INFO - qyd_app login is running...
2018-07-17 09:48:06,176 - root - INFO - applogin is running success!
2018-07-17 09:48:06,761 - root - INFO - 手动关闭预约BUY_XZY: 成功!
2018-07-17 09:48:06,763 - root - INFO - ***************开启和关闭预约理财接口结束****************
2018-07-17 09:48:06,765 - root - INFO - ***************开启和关闭预约理财接口开始****************
2018-07-17 09:48:06,767 - root - INFO - qyd_app login is running...
2018-07-17 09:48:08,323 - root - INFO - applogin is running success!
2018-07-17 09:48:09,359 - root - INFO - 开启预约BUY_XSB: 成功!
2018-07-17 09:48:09,361 - root - INFO - ***************开启和关闭预约理财接口结束****************
