2018-07-11 10:24:59,401 - root - INFO - ***************一级市场购买开始****************
2018-07-11 10:24:59,404 - root - INFO - qyd_app login is running...
2018-07-11 10:25:00,609 - root - INFO - applogin is running success!
2018-07-11 10:25:01,384 - root - INFO - 购买XYY平台剩余可投金额为0!
2018-07-11 10:25:01,386 - root - INFO - ***************一级市场购买结束****************
2018-07-11 10:25:01,388 - root - INFO - ***************一级市场购买开始****************
2018-07-11 10:25:01,389 - root - INFO - qyd_app login is running...
2018-07-11 10:25:02,360 - root - INFO - applogin is running success!
2018-07-11 10:25:03,359 - root - INFO - 购买XZY成功
2018-07-11 10:25:03,360 - root - INFO - ***************一级市场购买结束****************
2018-07-11 10:25:03,362 - root - INFO - ***************一级市场购买开始****************
2018-07-11 10:25:03,364 - root - INFO - qyd_app login is running...
2018-07-11 10:25:04,313 - root - INFO - applogin is running success!
2018-07-11 10:25:04,894 - root - INFO - 购买XYY平台剩余可投金额为0!
2018-07-11 10:25:04,896 - root - INFO - ***************一级市场购买结束****************
2018-07-11 10:25:04,899 - root - INFO - ***************一级市场购买开始****************
2018-07-11 10:25:04,901 - root - INFO - qyd_app login is running...
2018-07-11 10:25:06,252 - root - INFO - applogin is running success!
2018-07-11 10:25:07,211 - root - INFO - 购买XZY成功
2018-07-11 10:25:07,213 - root - INFO - ***************一级市场购买结束****************
