2018-07-19 15:26:16,989 - root - INFO - ***************一级市场购买开始****************
2018-07-19 15:26:16,991 - root - INFO - qyd_app login is running...
2018-07-19 15:26:18,863 - root - INFO - applogin is running success!
2018-07-19 15:26:19,650 - root - ERROR - 购买XYY失败:
 其他错误
2018-07-19 15:26:19,652 - root - INFO - ***************一级市场购买结束****************
2018-07-19 15:26:19,655 - root - INFO - ***************一级市场购买开始****************
2018-07-19 15:26:19,656 - root - INFO - qyd_app login is running...
2018-07-19 15:26:20,614 - root - INFO - applogin is running success!
2018-07-19 15:26:21,286 - root - ERROR - 购买XZY失败:
 其他错误
2018-07-19 15:26:21,288 - root - INFO - ***************一级市场购买结束****************
2018-07-19 15:26:21,291 - root - INFO - ***************一级市场购买开始****************
2018-07-19 15:26:21,293 - root - INFO - qyd_app login is running...
2018-07-19 15:26:22,279 - root - INFO - applogin is running success!
2018-07-19 15:26:23,077 - root - ERROR - 购买XYY失败:
 其他错误
2018-07-19 15:26:23,078 - root - INFO - ***************一级市场购买结束****************
2018-07-19 15:26:23,080 - root - INFO - ***************一级市场购买开始****************
2018-07-19 15:26:23,082 - root - INFO - qyd_app login is running...
2018-07-19 15:26:24,310 - root - INFO - applogin is running success!
2018-07-19 15:26:24,959 - root - ERROR - 购买XZY失败:
 其他错误
2018-07-19 15:26:24,961 - root - INFO - ***************一级市场购买结束****************
