2018-07-19 17:05:13,104 - root - INFO - qyd_app login is running...
2018-07-19 17:05:27,966 - root - INFO - applogin is running success!
2018-07-19 17:05:27,967 - root - INFO - qyd_app login is running...
2018-07-19 17:05:29,476 - root - INFO - applogin is running success!
2018-07-19 17:05:29,691 - root - INFO - 获取众盈持有中债权列表成功!
2018-07-19 17:05:29,984 - root - INFO - 您目前没有持有中的新众盈!
2018-07-19 17:05:30,005 - root - INFO - qyd_app login is running...
2018-07-19 17:05:31,247 - root - INFO - applogin is running success!
2018-07-19 17:05:31,420 - root - INFO - 获取预约理财状态成功!
2018-07-19 17:05:31,447 - root - INFO - ***************一级市场购买开始****************
2018-07-19 17:05:31,448 - root - INFO - qyd_app login is running...
2018-07-19 17:05:32,690 - root - INFO - applogin is running success!
2018-07-19 17:05:33,438 - root - INFO - 购买XYY: 平台剩余可投金额为0!
2018-07-19 17:05:33,439 - root - INFO - ***************一级市场购买结束****************
2018-07-19 17:05:33,441 - root - INFO - ***************一级市场购买开始****************
2018-07-19 17:05:33,442 - root - INFO - qyd_app login is running...
2018-07-19 17:05:34,531 - root - INFO - applogin is running success!
2018-07-19 17:05:35,228 - root - INFO - 购买XZY: 平台剩余可投金额为0!
2018-07-19 17:05:35,230 - root - INFO - ***************一级市场购买结束****************
2018-07-19 17:05:35,231 - root - INFO - ***************一级市场购买开始****************
2018-07-19 17:05:35,232 - root - INFO - qyd_app login is running...
2018-07-19 17:05:37,029 - root - INFO - applogin is running success!
2018-07-19 17:05:37,841 - root - INFO - 购买XYY: 平台剩余可投金额为0!
2018-07-19 17:05:37,842 - root - INFO - ***************一级市场购买结束****************
2018-07-19 17:05:37,844 - root - INFO - ***************一级市场购买开始****************
2018-07-19 17:05:37,845 - root - INFO - qyd_app login is running...
2018-07-19 17:05:38,991 - root - INFO - applogin is running success!
2018-07-19 17:05:39,640 - root - INFO - 购买XZY: 平台剩余可投金额为0!
2018-07-19 17:05:39,642 - root - INFO - ***************一级市场购买结束****************
2018-07-19 17:05:39,643 - root - INFO - ***************查询 新月盈、新众盈 预期收益开始****************
2018-07-19 17:05:39,645 - root - INFO - qyd_app login is running...
2018-07-19 17:05:40,880 - root - INFO - applogin is running success!
2018-07-19 17:05:41,036 - root - ERROR - 查询XYY预期收益失败:
 其他错误
2018-07-19 17:05:41,038 - root - INFO - ***************查询 新月盈、新众盈 预期收益结束****************
2018-07-19 17:05:41,039 - root - INFO - ***************查询 新月盈、新众盈 预期收益开始****************
2018-07-19 17:05:41,041 - root - INFO - qyd_app login is running...
2018-07-19 17:05:42,152 - root - INFO - applogin is running success!
2018-07-19 17:05:42,320 - root - ERROR - 查询XZY预期收益失败:
 其他错误
2018-07-19 17:05:42,322 - root - INFO - ***************查询 新月盈、新众盈 预期收益结束****************
2018-07-19 17:05:42,324 - root - INFO - ************** 收益计算器计算接口开始执行 **************
2018-07-19 17:05:42,428 - root - INFO - XYY收益计算器：执行成功！
2018-07-19 17:05:42,430 - root - INFO - ************** 收益计算器计算接口执行完毕 ************** 
2018-07-19 17:05:42,431 - root - INFO - ************** 收益计算器计算接口开始执行 **************
2018-07-19 17:05:42,782 - root - INFO - XYYA收益计算器：执行成功！
2018-07-19 17:05:42,784 - root - INFO - ************** 收益计算器计算接口执行完毕 ************** 
2018-07-19 17:05:42,786 - root - INFO - ************** 新月盈、新众盈计算器信息展示接口开始执行 **************
2018-07-19 17:05:42,889 - root - INFO - NWYY计算器信息展示接口：执行成功！
2018-07-19 17:05:42,891 - root - INFO - ************** 新月盈、新众盈计算器信息展示接口执行结束 ************** 
2018-07-19 17:05:42,894 - root - INFO - ************** 新月盈、新众盈计算器信息展示接口开始执行 **************
2018-07-19 17:05:43,014 - root - INFO - NWYYOPT计算器信息展示接口：执行成功！
2018-07-19 17:05:43,015 - root - INFO - ************** 新月盈、新众盈计算器信息展示接口执行结束 ************** 
2018-07-19 17:05:43,017 - root - INFO - ************** 新月盈、新众盈计算器信息展示接口开始执行 **************
2018-07-19 17:05:43,129 - root - INFO - NWZY计算器信息展示接口：执行成功！
2018-07-19 17:05:43,131 - root - INFO - ************** 新月盈、新众盈计算器信息展示接口执行结束 ************** 
2018-07-19 17:05:43,132 - root - INFO - ***************开启和关闭预约理财接口开始****************
2018-07-19 17:05:43,134 - root - INFO - qyd_app login is running...
2018-07-19 17:05:44,070 - root - INFO - applogin is running success!
2018-07-19 17:05:45,283 - root - INFO - 开启预约BUY_XYY: 成功!
2018-07-19 17:05:45,285 - root - INFO - ***************开启和关闭预约理财接口结束****************
2018-07-19 17:05:45,287 - root - INFO - ***************开启和关闭预约理财接口开始****************
2018-07-19 17:05:45,288 - root - INFO - qyd_app login is running...
2018-07-19 17:05:46,333 - root - INFO - applogin is running success!
2018-07-19 17:05:46,794 - root - INFO - 手动关闭预约BUY_QYY: 成功!
2018-07-19 17:05:46,795 - root - INFO - ***************开启和关闭预约理财接口结束****************
2018-07-19 17:05:46,797 - root - INFO - ***************开启和关闭预约理财接口开始****************
2018-07-19 17:05:46,798 - root - INFO - qyd_app login is running...
2018-07-19 17:05:47,827 - root - INFO - applogin is running success!
2018-07-19 17:05:48,352 - root - INFO - 开启预约BUY_ZRZQ: 成功!
2018-07-19 17:05:48,353 - root - INFO - ***************开启和关闭预约理财接口结束****************
2018-07-19 17:05:48,355 - root - INFO - ***************开启和关闭预约理财接口开始****************
2018-07-19 17:05:48,356 - root - INFO - qyd_app login is running...
2018-07-19 17:05:49,309 - root - INFO - applogin is running success!
2018-07-19 17:05:49,773 - root - INFO - 系统取消预约BUY_ZRZQ: 成功!
2018-07-19 17:05:49,775 - root - INFO - ***************开启和关闭预约理财接口结束****************
2018-07-19 17:05:49,777 - root - INFO - ***************开启和关闭预约理财接口开始****************
2018-07-19 17:05:49,778 - root - INFO - qyd_app login is running...
2018-07-19 17:05:51,037 - root - INFO - applogin is running success!
2018-07-19 17:05:51,949 - root - INFO - 开启预约BUY_YY: 成功!
2018-07-19 17:05:51,951 - root - INFO - ***************开启和关闭预约理财接口结束****************
2018-07-19 17:05:51,952 - root - INFO - ***************开启和关闭预约理财接口开始****************
2018-07-19 17:05:51,954 - root - INFO - qyd_app login is running...
2018-07-19 17:05:52,990 - root - INFO - applogin is running success!
2018-07-19 17:05:53,480 - root - INFO - 系统取消预约BUY_YY: 成功!
2018-07-19 17:05:53,482 - root - INFO - ***************开启和关闭预约理财接口结束****************
2018-07-19 17:05:53,483 - root - INFO - ***************开启和关闭预约理财接口开始****************
2018-07-19 17:05:53,485 - root - INFO - qyd_app login is running...
2018-07-19 17:05:54,458 - root - INFO - applogin is running success!
2018-07-19 17:05:55,178 - root - INFO - 开启预约BUY_YYZR: 成功!
2018-07-19 17:05:55,179 - root - INFO - ***************开启和关闭预约理财接口结束****************
2018-07-19 17:05:55,181 - root - INFO - ***************开启和关闭预约理财接口开始****************
2018-07-19 17:05:55,182 - root - INFO - qyd_app login is running...
2018-07-19 17:05:56,173 - root - INFO - applogin is running success!
2018-07-19 17:05:56,672 - root - INFO - 手动关闭预约BUY_YYZR: 成功!
2018-07-19 17:05:56,675 - root - INFO - ***************开启和关闭预约理财接口结束****************
2018-07-19 17:05:56,677 - root - INFO - ***************开启和关闭预约理财接口开始****************
2018-07-19 17:05:56,678 - root - INFO - qyd_app login is running...
2018-07-19 17:05:57,628 - root - INFO - applogin is running success!
2018-07-19 17:05:58,087 - root - INFO - 开启预约BUY_ZY: 成功!
2018-07-19 17:05:58,089 - root - INFO - ***************开启和关闭预约理财接口结束****************
2018-07-19 17:05:58,090 - root - INFO - ***************开启和关闭预约理财接口开始****************
2018-07-19 17:05:58,091 - root - INFO - qyd_app login is running...
2018-07-19 17:05:59,108 - root - INFO - applogin is running success!
2018-07-19 17:05:59,823 - root - INFO - 系统取消预约BUY_ZY: 成功!
2018-07-19 17:05:59,825 - root - INFO - ***************开启和关闭预约理财接口结束****************
2018-07-19 17:05:59,826 - root - INFO - ***************开启和关闭预约理财接口开始****************
2018-07-19 17:05:59,828 - root - INFO - qyd_app login is running...
2018-07-19 17:06:01,040 - root - INFO - applogin is running success!
2018-07-19 17:06:01,504 - root - INFO - 手动关闭预约BUY_XYY: 成功!
2018-07-19 17:06:01,506 - root - INFO - ***************开启和关闭预约理财接口结束****************
2018-07-19 17:06:01,507 - root - INFO - ***************开启和关闭预约理财接口开始****************
2018-07-19 17:06:01,508 - root - INFO - qyd_app login is running...
2018-07-19 17:06:02,591 - root - INFO - applogin is running success!
2018-07-19 17:06:04,148 - root - INFO - 开启预约BUY_ZRXYY: 成功!
2018-07-19 17:06:04,150 - root - INFO - ***************开启和关闭预约理财接口结束****************
2018-07-19 17:06:04,151 - root - INFO - ***************开启和关闭预约理财接口开始****************
2018-07-19 17:06:04,152 - root - INFO - qyd_app login is running...
2018-07-19 17:06:05,195 - root - INFO - applogin is running success!
2018-07-19 17:06:05,904 - root - INFO - 系统取消预约BUY_ZRXYY: 成功!
2018-07-19 17:06:05,906 - root - INFO - ***************开启和关闭预约理财接口结束****************
2018-07-19 17:06:05,908 - root - INFO - ***************开启和关闭预约理财接口开始****************
2018-07-19 17:06:05,910 - root - INFO - qyd_app login is running...
2018-07-19 17:06:07,016 - root - INFO - applogin is running success!
2018-07-19 17:06:08,976 - root - INFO - 开启预约BUY_XZY: 成功!
2018-07-19 17:06:08,978 - root - INFO - ***************开启和关闭预约理财接口结束****************
2018-07-19 17:06:08,979 - root - INFO - ***************开启和关闭预约理财接口开始****************
2018-07-19 17:06:08,981 - root - INFO - qyd_app login is running...
2018-07-19 17:06:10,070 - root - INFO - applogin is running success!
2018-07-19 17:06:10,619 - root - INFO - 手动关闭预约BUY_XZY: 成功!
2018-07-19 17:06:10,621 - root - INFO - ***************开启和关闭预约理财接口结束****************
2018-07-19 17:06:10,622 - root - INFO - ***************开启和关闭预约理财接口开始****************
2018-07-19 17:06:10,623 - root - INFO - qyd_app login is running...
2018-07-19 17:06:11,953 - root - INFO - applogin is running success!
2018-07-19 17:06:13,605 - root - INFO - 开启预约BUY_XSB: 成功!
2018-07-19 17:06:13,608 - root - INFO - ***************开启和关闭预约理财接口结束****************
2018-07-19 17:06:13,610 - root - INFO - ***************开启和关闭预约理财接口开始****************
2018-07-19 17:06:13,613 - root - INFO - qyd_app login is running...
2018-07-19 17:06:14,816 - root - INFO - applogin is running success!
2018-07-19 17:06:15,493 - root - INFO - 手动关闭预约BUY_XSB: 成功!
2018-07-19 17:06:15,495 - root - INFO - ***************开启和关闭预约理财接口结束****************
2018-07-19 17:06:15,496 - root - INFO - ***************开启和关闭预约理财接口开始****************
2018-07-19 17:06:15,498 - root - INFO - qyd_app login is running...
2018-07-19 17:06:16,480 - root - INFO - applogin is running success!
2018-07-19 17:06:17,181 - root - INFO - 开启预约BUY_QYY: 成功!
2018-07-19 17:06:17,184 - root - INFO - ***************开启和关闭预约理财接口结束****************
2018-07-19 17:06:17,185 - root - INFO - ***************查询新产品详情开始****************
2018-07-19 17:06:17,387 - root - INFO - 查询XSB产品详情: 成功!
2018-07-19 17:06:17,389 - root - INFO - ***************查询新产品详情结束****************
2018-07-19 17:06:17,390 - root - INFO - ***************查询新产品详情开始****************
2018-07-19 17:06:17,581 - root - INFO - 查询XYY产品详情: 成功!
2018-07-19 17:06:17,583 - root - INFO - ***************查询新产品详情结束****************
2018-07-19 17:06:17,585 - root - INFO - ***************查询新产品详情开始****************
2018-07-19 17:06:17,757 - root - INFO - 查询XYYOPT产品详情: 成功!
2018-07-19 17:06:17,760 - root - INFO - ***************查询新产品详情结束****************
2018-07-19 17:06:17,762 - root - INFO - ***************查询新产品详情开始****************
2018-07-19 17:06:18,128 - root - INFO - 查询XZY产品详情: 成功!
2018-07-19 17:06:18,130 - root - INFO - ***************查询新产品详情结束****************
