2018-07-19 16:30:13,999 - root - INFO - qyd_app login is running...
2018-07-19 16:30:15,300 - root - INFO - applogin is running success!
2018-07-19 16:30:15,301 - root - INFO - qyd_app login is running...
2018-07-19 16:30:16,714 - root - INFO - applogin is running success!
2018-07-19 16:30:16,911 - root - INFO - 获取众盈持有中债权列表成功!
2018-07-19 16:30:17,151 - root - INFO - 您目前没有持有中的新众盈!
2018-07-19 16:30:17,167 - root - INFO - qyd_app login is running...
2018-07-19 16:30:18,247 - root - INFO - applogin is running success!
2018-07-19 16:30:18,400 - root - INFO - 获取预约理财状态成功!
2018-07-19 16:30:18,409 - root - INFO - ***************一级市场购买开始****************
2018-07-19 16:30:18,412 - root - INFO - qyd_app login is running...
2018-07-19 16:30:19,618 - root - INFO - applogin is running success!
2018-07-19 16:30:20,407 - root - INFO - 购买XYY: 平台剩余可投金额为0!
2018-07-19 16:30:20,408 - root - INFO - ***************一级市场购买结束****************
2018-07-19 16:30:20,410 - root - INFO - ***************一级市场购买开始****************
2018-07-19 16:30:20,411 - root - INFO - qyd_app login is running...
2018-07-19 16:30:21,482 - root - INFO - applogin is running success!
2018-07-19 16:30:22,112 - root - INFO - 购买XZY: 平台剩余可投金额为0!
2018-07-19 16:30:22,114 - root - INFO - ***************一级市场购买结束****************
2018-07-19 16:30:22,116 - root - INFO - ***************一级市场购买开始****************
2018-07-19 16:30:22,117 - root - INFO - qyd_app login is running...
2018-07-19 16:30:23,139 - root - INFO - applogin is running success!
2018-07-19 16:30:23,762 - root - INFO - 购买XYY: 平台剩余可投金额为0!
2018-07-19 16:30:23,764 - root - INFO - ***************一级市场购买结束****************
2018-07-19 16:30:23,765 - root - INFO - ***************一级市场购买开始****************
2018-07-19 16:30:23,766 - root - INFO - qyd_app login is running...
2018-07-19 16:30:24,765 - root - INFO - applogin is running success!
2018-07-19 16:30:25,351 - root - INFO - 购买XZY: 平台剩余可投金额为0!
2018-07-19 16:30:25,353 - root - INFO - ***************一级市场购买结束****************
2018-07-19 16:30:25,354 - root - INFO - ***************查询 新月盈、新众盈 预期收益开始****************
2018-07-19 16:30:25,356 - root - INFO - qyd_app login is running...
2018-07-19 16:30:26,314 - root - INFO - applogin is running success!
2018-07-19 16:30:26,482 - root - ERROR - 查询XYY预期收益失败:
 其他错误
2018-07-19 16:30:26,484 - root - INFO - ***************查询 新月盈、新众盈 预期收益结束****************
2018-07-19 16:30:26,486 - root - INFO - ***************查询 新月盈、新众盈 预期收益开始****************
2018-07-19 16:30:26,487 - root - INFO - qyd_app login is running...
2018-07-19 16:30:27,710 - root - INFO - applogin is running success!
2018-07-19 16:30:27,876 - root - ERROR - 查询XZY预期收益失败:
 其他错误
2018-07-19 16:30:27,878 - root - INFO - ***************查询 新月盈、新众盈 预期收益结束****************
2018-07-19 16:30:27,879 - root - INFO - ************** 收益计算器计算接口开始执行 **************
2018-07-19 16:30:27,994 - root - INFO - XYY收益计算器：执行成功！
2018-07-19 16:30:27,997 - root - INFO - ************** 收益计算器计算接口执行完毕 ************** 
2018-07-19 16:30:27,998 - root - INFO - ************** 收益计算器计算接口开始执行 **************
2018-07-19 16:30:28,140 - root - INFO - XYYA收益计算器：执行成功！
2018-07-19 16:30:28,142 - root - INFO - ************** 收益计算器计算接口执行完毕 ************** 
2018-07-19 16:30:28,143 - root - INFO - ************** 新月盈、新众盈计算器信息展示接口开始执行 **************
2018-07-19 16:30:28,257 - root - INFO - NWYY计算器信息展示接口：执行成功！
2018-07-19 16:30:28,259 - root - INFO - ************** 新月盈、新众盈计算器信息展示接口执行结束 ************** 
2018-07-19 16:30:28,261 - root - INFO - ************** 新月盈、新众盈计算器信息展示接口开始执行 **************
2018-07-19 16:30:28,375 - root - INFO - NWYYOPT计算器信息展示接口：执行成功！
2018-07-19 16:30:28,376 - root - INFO - ************** 新月盈、新众盈计算器信息展示接口执行结束 ************** 
2018-07-19 16:30:28,378 - root - INFO - ************** 新月盈、新众盈计算器信息展示接口开始执行 **************
2018-07-19 16:30:28,496 - root - INFO - NWZY计算器信息展示接口：执行成功！
2018-07-19 16:30:28,497 - root - INFO - ************** 新月盈、新众盈计算器信息展示接口执行结束 ************** 
2018-07-19 16:30:28,499 - root - INFO - ***************开启和关闭预约理财接口开始****************
2018-07-19 16:30:28,500 - root - INFO - qyd_app login is running...
2018-07-19 16:30:29,545 - root - INFO - applogin is running success!
2018-07-19 16:30:30,593 - root - INFO - 开启预约BUY_XYY: 成功!
2018-07-19 16:30:30,595 - root - INFO - ***************开启和关闭预约理财接口结束****************
2018-07-19 16:30:30,596 - root - INFO - ***************开启和关闭预约理财接口开始****************
2018-07-19 16:30:30,598 - root - INFO - qyd_app login is running...
2018-07-19 16:30:31,720 - root - INFO - applogin is running success!
2018-07-19 16:30:32,205 - root - INFO - 手动关闭预约BUY_QYY: 成功!
2018-07-19 16:30:32,206 - root - INFO - ***************开启和关闭预约理财接口结束****************
2018-07-19 16:30:32,208 - root - INFO - ***************开启和关闭预约理财接口开始****************
2018-07-19 16:30:32,209 - root - INFO - qyd_app login is running...
2018-07-19 16:30:33,196 - root - INFO - applogin is running success!
2018-07-19 16:30:33,745 - root - INFO - 开启预约BUY_ZRZQ: 成功!
2018-07-19 16:30:33,746 - root - INFO - ***************开启和关闭预约理财接口结束****************
2018-07-19 16:30:33,748 - root - INFO - ***************开启和关闭预约理财接口开始****************
2018-07-19 16:30:33,749 - root - INFO - qyd_app login is running...
2018-07-19 16:30:34,902 - root - INFO - applogin is running success!
2018-07-19 16:30:35,377 - root - INFO - 系统取消预约BUY_ZRZQ: 成功!
2018-07-19 16:30:35,379 - root - INFO - ***************开启和关闭预约理财接口结束****************
2018-07-19 16:30:35,381 - root - INFO - ***************开启和关闭预约理财接口开始****************
2018-07-19 16:30:35,382 - root - INFO - qyd_app login is running...
2018-07-19 16:30:36,366 - root - INFO - applogin is running success!
2018-07-19 16:30:36,831 - root - INFO - 开启预约BUY_YY: 成功!
2018-07-19 16:30:36,834 - root - INFO - ***************开启和关闭预约理财接口结束****************
2018-07-19 16:30:36,835 - root - INFO - ***************开启和关闭预约理财接口开始****************
2018-07-19 16:30:36,837 - root - INFO - qyd_app login is running...
2018-07-19 16:30:39,033 - root - INFO - applogin is running success!
2018-07-19 16:30:39,473 - root - INFO - 系统取消预约BUY_YY: 成功!
2018-07-19 16:30:39,476 - root - INFO - ***************开启和关闭预约理财接口结束****************
2018-07-19 16:30:39,477 - root - INFO - ***************开启和关闭预约理财接口开始****************
2018-07-19 16:30:39,479 - root - INFO - qyd_app login is running...
2018-07-19 16:30:40,404 - root - INFO - applogin is running success!
2018-07-19 16:30:40,934 - root - INFO - 开启预约BUY_YYZR: 成功!
2018-07-19 16:30:40,936 - root - INFO - ***************开启和关闭预约理财接口结束****************
2018-07-19 16:30:40,937 - root - INFO - ***************开启和关闭预约理财接口开始****************
2018-07-19 16:30:40,938 - root - INFO - qyd_app login is running...
2018-07-19 16:30:41,876 - root - INFO - applogin is running success!
2018-07-19 16:30:42,547 - root - INFO - 手动关闭预约BUY_YYZR: 成功!
2018-07-19 16:30:42,548 - root - INFO - ***************开启和关闭预约理财接口结束****************
2018-07-19 16:30:42,550 - root - INFO - ***************开启和关闭预约理财接口开始****************
2018-07-19 16:30:42,551 - root - INFO - qyd_app login is running...
2018-07-19 16:30:43,598 - root - INFO - applogin is running success!
2018-07-19 16:30:44,268 - root - INFO - 开启预约BUY_ZY: 成功!
2018-07-19 16:30:44,270 - root - INFO - ***************开启和关闭预约理财接口结束****************
2018-07-19 16:30:44,272 - root - INFO - ***************开启和关闭预约理财接口开始****************
2018-07-19 16:30:44,273 - root - INFO - qyd_app login is running...
2018-07-19 16:30:45,256 - root - INFO - applogin is running success!
2018-07-19 16:30:45,727 - root - INFO - 系统取消预约BUY_ZY: 成功!
2018-07-19 16:30:45,729 - root - INFO - ***************开启和关闭预约理财接口结束****************
2018-07-19 16:30:45,731 - root - INFO - ***************开启和关闭预约理财接口开始****************
2018-07-19 16:30:45,732 - root - INFO - qyd_app login is running...
2018-07-19 16:30:46,743 - root - INFO - applogin is running success!
2018-07-19 16:30:47,208 - root - INFO - 手动关闭预约BUY_XYY: 成功!
2018-07-19 16:30:47,209 - root - INFO - ***************开启和关闭预约理财接口结束****************
2018-07-19 16:30:47,211 - root - INFO - ***************开启和关闭预约理财接口开始****************
2018-07-19 16:30:47,213 - root - INFO - qyd_app login is running...
2018-07-19 16:30:48,141 - root - INFO - applogin is running success!
2018-07-19 16:30:49,593 - root - INFO - 开启预约BUY_ZRXYY: 成功!
2018-07-19 16:30:49,595 - root - INFO - ***************开启和关闭预约理财接口结束****************
2018-07-19 16:30:49,596 - root - INFO - ***************开启和关闭预约理财接口开始****************
2018-07-19 16:30:49,597 - root - INFO - qyd_app login is running...
2018-07-19 16:30:50,563 - root - INFO - applogin is running success!
2018-07-19 16:30:51,078 - root - INFO - 系统取消预约BUY_ZRXYY: 成功!
2018-07-19 16:30:51,080 - root - INFO - ***************开启和关闭预约理财接口结束****************
2018-07-19 16:30:51,082 - root - INFO - ***************开启和关闭预约理财接口开始****************
2018-07-19 16:30:51,084 - root - INFO - qyd_app login is running...
2018-07-19 16:30:52,361 - root - INFO - applogin is running success!
2018-07-19 16:30:54,587 - root - INFO - 开启预约BUY_XZY: 成功!
2018-07-19 16:30:54,589 - root - INFO - ***************开启和关闭预约理财接口结束****************
2018-07-19 16:30:54,591 - root - INFO - ***************开启和关闭预约理财接口开始****************
2018-07-19 16:30:54,592 - root - INFO - qyd_app login is running...
2018-07-19 16:30:55,615 - root - INFO - applogin is running success!
2018-07-19 16:30:56,061 - root - INFO - 手动关闭预约BUY_XZY: 成功!
2018-07-19 16:30:56,063 - root - INFO - ***************开启和关闭预约理财接口结束****************
2018-07-19 16:30:56,064 - root - INFO - ***************开启和关闭预约理财接口开始****************
2018-07-19 16:30:56,066 - root - INFO - qyd_app login is running...
2018-07-19 16:30:57,255 - root - INFO - applogin is running success!
2018-07-19 16:30:58,716 - root - INFO - 开启预约BUY_XSB: 成功!
2018-07-19 16:30:58,718 - root - INFO - ***************开启和关闭预约理财接口结束****************
2018-07-19 16:30:58,719 - root - INFO - ***************开启和关闭预约理财接口开始****************
2018-07-19 16:30:58,721 - root - INFO - qyd_app login is running...
2018-07-19 16:30:59,753 - root - INFO - applogin is running success!
2018-07-19 16:31:00,311 - root - INFO - 手动关闭预约BUY_XSB: 成功!
2018-07-19 16:31:00,313 - root - INFO - ***************开启和关闭预约理财接口结束****************
2018-07-19 16:31:00,315 - root - INFO - ***************开启和关闭预约理财接口开始****************
2018-07-19 16:31:00,316 - root - INFO - qyd_app login is running...
2018-07-19 16:31:01,633 - root - INFO - applogin is running success!
2018-07-19 16:31:02,220 - root - INFO - 开启预约BUY_QYY: 成功!
2018-07-19 16:31:02,221 - root - INFO - ***************开启和关闭预约理财接口结束****************
