2018-07-11 10:26:43,965 - root - INFO - ***************一级市场购买开始****************
2018-07-11 10:26:43,967 - root - INFO - qyd_app login is running...
2018-07-11 10:26:45,343 - root - INFO - applogin is running success!
2018-07-11 10:26:46,052 - root - INFO - 购买XYY: 平台剩余可投金额为0!
2018-07-11 10:26:46,054 - root - INFO - ***************一级市场购买结束****************
2018-07-11 10:26:46,055 - root - INFO - ***************一级市场购买开始****************
2018-07-11 10:26:46,057 - root - INFO - qyd_app login is running...
2018-07-11 10:26:47,231 - root - INFO - applogin is running success!
2018-07-11 10:26:47,944 - root - INFO - 购买XZY: 成功
2018-07-11 10:26:47,946 - root - INFO - ***************一级市场购买结束****************
2018-07-11 10:26:47,948 - root - INFO - ***************一级市场购买开始****************
2018-07-11 10:26:47,949 - root - INFO - qyd_app login is running...
2018-07-11 10:26:49,230 - root - INFO - applogin is running success!
2018-07-11 10:26:49,851 - root - INFO - 购买XYY: 平台剩余可投金额为0!
2018-07-11 10:26:49,852 - root - INFO - ***************一级市场购买结束****************
2018-07-11 10:26:49,854 - root - INFO - ***************一级市场购买开始****************
2018-07-11 10:26:49,855 - root - INFO - qyd_app login is running...
2018-07-11 10:26:51,985 - root - INFO - applogin is running success!
2018-07-11 10:26:52,895 - root - INFO - 购买XZY: 成功
2018-07-11 10:26:52,897 - root - INFO - ***************一级市场购买结束****************
