2018-07-19 16:14:27,591 - root - INFO - qyd_app login is running...
2018-07-19 16:14:28,867 - root - INFO - applogin is running success!
2018-07-19 16:14:28,869 - root - INFO - qyd_app login is running...
2018-07-19 16:14:29,832 - root - INFO - applogin is running success!
2018-07-19 16:14:30,005 - root - INFO - 获取众盈持有中债权列表成功!
2018-07-19 16:14:30,242 - root - INFO - 您目前没有持有中的新众盈!
2018-07-19 16:14:30,258 - root - INFO - qyd_app login is running...
2018-07-19 16:14:31,192 - root - INFO - applogin is running success!
2018-07-19 16:14:31,359 - root - INFO - 获取预约理财状态成功!
2018-07-19 16:14:31,368 - root - INFO - ***************一级市场购买开始****************
2018-07-19 16:14:31,370 - root - INFO - qyd_app login is running...
2018-07-19 16:14:32,506 - root - INFO - applogin is running success!
2018-07-19 16:14:33,080 - root - INFO - 购买XYY: 平台剩余可投金额为0!
2018-07-19 16:14:33,082 - root - INFO - ***************一级市场购买结束****************
2018-07-19 16:14:33,084 - root - INFO - ***************一级市场购买开始****************
2018-07-19 16:14:33,085 - root - INFO - qyd_app login is running...
2018-07-19 16:14:34,061 - root - INFO - applogin is running success!
2018-07-19 16:14:34,852 - root - INFO - 购买XZY: 平台剩余可投金额为0!
2018-07-19 16:14:34,854 - root - INFO - ***************一级市场购买结束****************
2018-07-19 16:14:34,856 - root - INFO - ***************一级市场购买开始****************
2018-07-19 16:14:34,857 - root - INFO - qyd_app login is running...
2018-07-19 16:14:36,049 - root - INFO - applogin is running success!
2018-07-19 16:14:36,807 - root - INFO - 购买XYY: 平台剩余可投金额为0!
2018-07-19 16:14:36,809 - root - INFO - ***************一级市场购买结束****************
2018-07-19 16:14:36,810 - root - INFO - ***************一级市场购买开始****************
2018-07-19 16:14:36,811 - root - INFO - qyd_app login is running...
2018-07-19 16:14:37,790 - root - INFO - applogin is running success!
2018-07-19 16:14:38,577 - root - INFO - 购买XZY: 平台剩余可投金额为0!
2018-07-19 16:14:38,579 - root - INFO - ***************一级市场购买结束****************
2018-07-19 16:14:38,580 - root - INFO - ***************查询 新月盈、新众盈 预期收益开始****************
2018-07-19 16:14:38,582 - root - INFO - qyd_app login is running...
2018-07-19 16:14:39,736 - root - INFO - applogin is running success!
2018-07-19 16:14:39,888 - root - ERROR - 查询XYY预期收益失败:
 其他错误
2018-07-19 16:14:39,889 - root - INFO - ***************查询 新月盈、新众盈 预期收益结束****************
2018-07-19 16:14:39,891 - root - INFO - ***************查询 新月盈、新众盈 预期收益开始****************
2018-07-19 16:14:39,892 - root - INFO - qyd_app login is running...
2018-07-19 16:14:40,801 - root - INFO - applogin is running success!
2018-07-19 16:14:40,956 - root - ERROR - 查询XZY预期收益失败:
 其他错误
2018-07-19 16:14:40,958 - root - INFO - ***************查询 新月盈、新众盈 预期收益结束****************
2018-07-19 16:14:40,959 - root - INFO - ************** 收益计算器计算接口开始执行 **************
2018-07-19 16:14:41,079 - root - INFO - XYY收益计算器：执行成功！
2018-07-19 16:14:41,081 - root - INFO - ************** 收益计算器计算接口执行完毕 ************** 
2018-07-19 16:14:41,083 - root - INFO - ************** 收益计算器计算接口开始执行 **************
2018-07-19 16:14:41,227 - root - INFO - XYYA收益计算器：执行成功！
2018-07-19 16:14:41,229 - root - INFO - ************** 收益计算器计算接口执行完毕 ************** 
2018-07-19 16:14:41,230 - root - INFO - ************** 新月盈、新众盈计算器信息展示接口开始执行 **************
2018-07-19 16:14:41,336 - root - INFO - NWYY计算器信息展示接口：执行成功！
2018-07-19 16:14:41,338 - root - INFO - ************** 新月盈、新众盈计算器信息展示接口执行结束 ************** 
2018-07-19 16:14:41,340 - root - INFO - ************** 新月盈、新众盈计算器信息展示接口开始执行 **************
2018-07-19 16:14:42,452 - root - INFO - NWYYOPT计算器信息展示接口：执行成功！
2018-07-19 16:14:42,454 - root - INFO - ************** 新月盈、新众盈计算器信息展示接口执行结束 ************** 
2018-07-19 16:14:42,455 - root - INFO - ************** 新月盈、新众盈计算器信息展示接口开始执行 **************
2018-07-19 16:14:42,563 - root - INFO - NWZY计算器信息展示接口：执行成功！
2018-07-19 16:14:42,565 - root - INFO - ************** 新月盈、新众盈计算器信息展示接口执行结束 ************** 
2018-07-19 16:14:42,567 - root - INFO - ***************开启和关闭预约理财接口开始****************
2018-07-19 16:14:42,568 - root - INFO - qyd_app login is running...
2018-07-19 16:14:43,462 - root - INFO - applogin is running success!
2018-07-19 16:14:44,678 - root - INFO - 开启预约BUY_XYY: 成功!
2018-07-19 16:14:44,679 - root - INFO - ***************开启和关闭预约理财接口结束****************
2018-07-19 16:14:44,681 - root - INFO - ***************开启和关闭预约理财接口开始****************
2018-07-19 16:14:44,682 - root - INFO - qyd_app login is running...
2018-07-19 16:14:45,598 - root - INFO - applogin is running success!
2018-07-19 16:14:46,087 - root - INFO - 手动关闭预约BUY_QYY: 成功!
2018-07-19 16:14:46,089 - root - INFO - ***************开启和关闭预约理财接口结束****************
2018-07-19 16:14:46,090 - root - INFO - ***************开启和关闭预约理财接口开始****************
2018-07-19 16:14:46,092 - root - INFO - qyd_app login is running...
2018-07-19 16:14:47,227 - root - INFO - applogin is running success!
2018-07-19 16:14:47,739 - root - INFO - 开启预约BUY_ZRZQ: 成功!
2018-07-19 16:14:47,741 - root - INFO - ***************开启和关闭预约理财接口结束****************
2018-07-19 16:14:47,742 - root - INFO - ***************开启和关闭预约理财接口开始****************
2018-07-19 16:14:47,744 - root - INFO - qyd_app login is running...
2018-07-19 16:14:49,107 - root - INFO - applogin is running success!
2018-07-19 16:14:50,235 - root - INFO - 系统取消预约BUY_ZRZQ: 成功!
2018-07-19 16:14:50,236 - root - INFO - ***************开启和关闭预约理财接口结束****************
2018-07-19 16:14:50,238 - root - INFO - ***************开启和关闭预约理财接口开始****************
2018-07-19 16:14:50,239 - root - INFO - qyd_app login is running...
2018-07-19 16:14:51,468 - root - INFO - applogin is running success!
2018-07-19 16:14:52,191 - root - INFO - 开启预约BUY_YY: 成功!
2018-07-19 16:14:52,193 - root - INFO - ***************开启和关闭预约理财接口结束****************
2018-07-19 16:14:52,195 - root - INFO - ***************开启和关闭预约理财接口开始****************
2018-07-19 16:14:52,197 - root - INFO - qyd_app login is running...
2018-07-19 16:14:53,219 - root - INFO - applogin is running success!
2018-07-19 16:14:53,683 - root - INFO - 系统取消预约BUY_YY: 成功!
2018-07-19 16:14:53,685 - root - INFO - ***************开启和关闭预约理财接口结束****************
2018-07-19 16:14:53,686 - root - INFO - ***************开启和关闭预约理财接口开始****************
2018-07-19 16:14:53,687 - root - INFO - qyd_app login is running...
2018-07-19 16:14:54,626 - root - INFO - applogin is running success!
2018-07-19 16:14:55,130 - root - INFO - 开启预约BUY_YYZR: 成功!
2018-07-19 16:14:55,132 - root - INFO - ***************开启和关闭预约理财接口结束****************
2018-07-19 16:14:55,133 - root - INFO - ***************开启和关闭预约理财接口开始****************
2018-07-19 16:14:55,135 - root - INFO - qyd_app login is running...
2018-07-19 16:14:56,048 - root - INFO - applogin is running success!
2018-07-19 16:14:56,912 - root - INFO - 手动关闭预约BUY_YYZR: 成功!
2018-07-19 16:14:56,914 - root - INFO - ***************开启和关闭预约理财接口结束****************
2018-07-19 16:14:56,916 - root - INFO - ***************开启和关闭预约理财接口开始****************
2018-07-19 16:14:56,917 - root - INFO - qyd_app login is running...
2018-07-19 16:14:57,890 - root - INFO - applogin is running success!
2018-07-19 16:14:58,400 - root - INFO - 开启预约BUY_ZY: 成功!
2018-07-19 16:14:58,402 - root - INFO - ***************开启和关闭预约理财接口结束****************
2018-07-19 16:14:58,403 - root - INFO - ***************开启和关闭预约理财接口开始****************
2018-07-19 16:14:58,405 - root - INFO - qyd_app login is running...
2018-07-19 16:14:59,329 - root - INFO - applogin is running success!
2018-07-19 16:14:59,798 - root - INFO - 系统取消预约BUY_ZY: 成功!
2018-07-19 16:14:59,801 - root - INFO - ***************开启和关闭预约理财接口结束****************
2018-07-19 16:14:59,802 - root - INFO - ***************开启和关闭预约理财接口开始****************
2018-07-19 16:14:59,804 - root - INFO - qyd_app login is running...
2018-07-19 16:15:01,067 - root - INFO - applogin is running success!
2018-07-19 16:15:02,576 - root - INFO - 手动关闭预约BUY_XYY: 成功!
2018-07-19 16:15:02,578 - root - INFO - ***************开启和关闭预约理财接口结束****************
2018-07-19 16:15:02,580 - root - INFO - ***************开启和关闭预约理财接口开始****************
2018-07-19 16:15:02,581 - root - INFO - qyd_app login is running...
2018-07-19 16:15:03,679 - root - INFO - applogin is running success!
2018-07-19 16:15:06,872 - root - INFO - 开启预约BUY_ZRXYY: 成功!
2018-07-19 16:15:06,874 - root - INFO - ***************开启和关闭预约理财接口结束****************
2018-07-19 16:15:06,875 - root - INFO - ***************开启和关闭预约理财接口开始****************
2018-07-19 16:15:06,877 - root - INFO - qyd_app login is running...
2018-07-19 16:15:08,149 - root - INFO - applogin is running success!
2018-07-19 16:15:08,747 - root - INFO - 系统取消预约BUY_ZRXYY: 成功!
2018-07-19 16:15:08,749 - root - INFO - ***************开启和关闭预约理财接口结束****************
2018-07-19 16:15:08,751 - root - INFO - ***************开启和关闭预约理财接口开始****************
2018-07-19 16:15:08,753 - root - INFO - qyd_app login is running...
2018-07-19 16:15:09,812 - root - INFO - applogin is running success!
2018-07-19 16:15:11,255 - root - INFO - 开启预约BUY_XZY: 成功!
2018-07-19 16:15:11,257 - root - INFO - ***************开启和关闭预约理财接口结束****************
2018-07-19 16:15:11,258 - root - INFO - ***************开启和关闭预约理财接口开始****************
2018-07-19 16:15:11,260 - root - INFO - qyd_app login is running...
2018-07-19 16:15:12,485 - root - INFO - applogin is running success!
2018-07-19 16:15:13,195 - root - INFO - 手动关闭预约BUY_XZY: 成功!
2018-07-19 16:15:13,198 - root - INFO - ***************开启和关闭预约理财接口结束****************
2018-07-19 16:15:13,199 - root - INFO - ***************开启和关闭预约理财接口开始****************
2018-07-19 16:15:13,201 - root - INFO - qyd_app login is running...
2018-07-19 16:15:14,639 - root - INFO - applogin is running success!
2018-07-19 16:15:15,735 - root - INFO - 开启预约BUY_XSB: 成功!
2018-07-19 16:15:15,737 - root - INFO - ***************开启和关闭预约理财接口结束****************
2018-07-19 16:15:15,739 - root - INFO - ***************开启和关闭预约理财接口开始****************
2018-07-19 16:15:15,741 - root - INFO - qyd_app login is running...
2018-07-19 16:15:16,791 - root - INFO - applogin is running success!
2018-07-19 16:15:17,281 - root - INFO - 手动关闭预约BUY_XSB: 成功!
2018-07-19 16:15:17,283 - root - INFO - ***************开启和关闭预约理财接口结束****************
2018-07-19 16:15:17,285 - root - INFO - ***************开启和关闭预约理财接口开始****************
2018-07-19 16:15:17,286 - root - INFO - qyd_app login is running...
2018-07-19 16:15:18,311 - root - INFO - applogin is running success!
2018-07-19 16:15:18,919 - root - INFO - 开启预约BUY_QYY: 成功!
2018-07-19 16:15:18,920 - root - INFO - ***************开启和关闭预约理财接口结束****************
