2018-07-19 15:26:45,932 - root - INFO - ***************一级市场购买开始****************
2018-07-19 15:26:45,934 - root - INFO - qyd_app login is running...
2018-07-19 15:26:47,442 - root - INFO - applogin is running success!
2018-07-19 15:26:48,279 - root - INFO - 购买XYY: 成功!
2018-07-19 15:26:48,281 - root - INFO - ***************一级市场购买结束****************
2018-07-19 15:26:48,283 - root - INFO - ***************一级市场购买开始****************
2018-07-19 15:26:48,284 - root - INFO - qyd_app login is running...
2018-07-19 15:26:49,377 - root - INFO - applogin is running success!
2018-07-19 15:26:50,007 - root - INFO - 购买XZY: 平台剩余可投金额为0!
2018-07-19 15:26:50,009 - root - INFO - ***************一级市场购买结束****************
2018-07-19 15:26:50,012 - root - INFO - ***************一级市场购买开始****************
2018-07-19 15:26:50,014 - root - INFO - qyd_app login is running...
2018-07-19 15:26:51,133 - root - INFO - applogin is running success!
2018-07-19 15:26:51,993 - root - INFO - 购买XYY: 成功!
2018-07-19 15:26:51,995 - root - INFO - ***************一级市场购买结束****************
2018-07-19 15:26:51,997 - root - INFO - ***************一级市场购买开始****************
2018-07-19 15:26:51,999 - root - INFO - qyd_app login is running...
2018-07-19 15:26:53,186 - root - INFO - applogin is running success!
2018-07-19 15:26:53,878 - root - INFO - 购买XZY: 平台剩余可投金额为0!
2018-07-19 15:26:53,880 - root - INFO - ***************一级市场购买结束****************
