2018-07-17 09:45:11,783 - root - INFO - ***************开启和关闭预约理财接口开始****************
2018-07-17 09:45:11,786 - root - INFO - qyd_app login is running...
2018-07-17 09:45:13,499 - root - INFO - applogin is running success!
2018-07-17 09:45:14,467 - root - INFO - 开启预约BUY_XYY: 成功!
2018-07-17 09:45:14,469 - root - INFO - ***************开启和关闭预约理财接口结束****************
2018-07-17 09:45:14,471 - root - INFO - ***************开启和关闭预约理财接口开始****************
2018-07-17 09:45:14,472 - root - INFO - qyd_app login is running...
2018-07-17 09:45:15,379 - root - INFO - applogin is running success!
2018-07-17 09:45:16,066 - root - INFO - 手动关闭预约BUY_XYY: 成功!
2018-07-17 09:45:16,068 - root - INFO - ***************开启和关闭预约理财接口结束****************
2018-07-17 09:45:16,069 - root - INFO - ***************开启和关闭预约理财接口开始****************
2018-07-17 09:45:16,071 - root - INFO - qyd_app login is running...
2018-07-17 09:45:17,063 - root - INFO - applogin is running success!
2018-07-17 09:45:17,980 - root - INFO - 开启预约BUY_ZRXYY: 成功!
2018-07-17 09:45:17,982 - root - INFO - ***************开启和关闭预约理财接口结束****************
2018-07-17 09:45:17,984 - root - INFO - ***************开启和关闭预约理财接口开始****************
2018-07-17 09:45:17,985 - root - INFO - qyd_app login is running...
2018-07-17 09:45:18,956 - root - INFO - applogin is running success!
2018-07-17 09:45:19,459 - root - INFO - 系统取消预约BUY_ZRXYY: 成功!
2018-07-17 09:45:19,460 - root - INFO - ***************开启和关闭预约理财接口结束****************
2018-07-17 09:45:19,463 - root - INFO - ***************开启和关闭预约理财接口开始****************
2018-07-17 09:45:19,464 - root - INFO - qyd_app login is running...
2018-07-17 09:45:20,382 - root - INFO - applogin is running success!
2018-07-17 09:45:21,537 - root - INFO - 开启预约BUY_XZY: 成功!
2018-07-17 09:45:21,539 - root - INFO - ***************开启和关闭预约理财接口结束****************
2018-07-17 09:45:21,542 - root - INFO - ***************开启和关闭预约理财接口开始****************
2018-07-17 09:45:21,543 - root - INFO - qyd_app login is running...
2018-07-17 09:45:22,505 - root - INFO - applogin is running success!
2018-07-17 09:45:22,997 - root - INFO - 手动关闭预约BUY_XZY: 成功!
2018-07-17 09:45:22,999 - root - INFO - ***************开启和关闭预约理财接口结束****************
2018-07-17 09:45:23,001 - root - INFO - ***************开启和关闭预约理财接口开始****************
2018-07-17 09:45:23,002 - root - INFO - qyd_app login is running...
2018-07-17 09:45:24,020 - root - INFO - applogin is running success!
2018-07-17 09:45:24,488 - root - INFO - ***************开启和关闭预约理财接口结束****************
