2018-07-19 11:41:56,203 - root - INFO - ***************一级市场购买开始****************
2018-07-19 11:41:56,206 - root - INFO - qyd_app login is running...
2018-07-19 11:41:57,943 - root - INFO - applogin is running success!
2018-07-19 11:41:59,163 - root - ERROR - 购买XYY失败:
 其他错误
2018-07-19 11:41:59,166 - root - INFO - ***************一级市场购买结束****************
2018-07-19 11:41:59,168 - root - INFO - ***************一级市场购买开始****************
2018-07-19 11:41:59,170 - root - INFO - qyd_app login is running...
2018-07-19 11:42:00,727 - root - INFO - applogin is running success!
2018-07-19 11:42:02,066 - root - ERROR - 购买XZY失败:
 其他错误
2018-07-19 11:42:02,067 - root - INFO - ***************一级市场购买结束****************
2018-07-19 11:42:02,069 - root - INFO - ***************一级市场购买开始****************
2018-07-19 11:42:02,071 - root - INFO - qyd_app login is running...
2018-07-19 11:42:03,264 - root - INFO - applogin is running success!
2018-07-19 11:42:04,109 - root - ERROR - 购买XYY失败:
 其他错误
2018-07-19 11:42:04,111 - root - INFO - ***************一级市场购买结束****************
2018-07-19 11:42:04,113 - root - INFO - ***************一级市场购买开始****************
2018-07-19 11:42:04,114 - root - INFO - qyd_app login is running...
2018-07-19 11:42:05,549 - root - INFO - applogin is running success!
2018-07-19 11:42:06,567 - root - ERROR - 购买XZY失败:
 其他错误
2018-07-19 11:42:06,569 - root - INFO - ***************一级市场购买结束****************
