2018-07-11 10:23:08,893 - root - INFO - ***************一级市场购买开始****************
2018-07-11 10:23:08,896 - root - INFO - qyd_app login is running...
2018-07-11 10:23:10,311 - root - INFO - applogin is running success!
2018-07-11 10:23:11,775 - root - INFO - 平台剩余可投金额为0!
2018-07-11 10:23:11,777 - root - INFO - ***************一级市场购买结束****************
2018-07-11 10:23:11,778 - root - INFO - ***************一级市场购买开始****************
2018-07-11 10:23:11,779 - root - INFO - qyd_app login is running...
2018-07-11 10:23:12,673 - root - INFO - applogin is running success!
2018-07-11 10:23:13,472 - root - INFO - 购买XZY成功
2018-07-11 10:23:13,473 - root - INFO - ***************一级市场购买结束****************
2018-07-11 10:23:13,475 - root - INFO - ***************一级市场购买开始****************
2018-07-11 10:23:13,477 - root - INFO - qyd_app login is running...
2018-07-11 10:23:14,593 - root - INFO - applogin is running success!
2018-07-11 10:23:15,335 - root - INFO - 平台剩余可投金额为0!
2018-07-11 10:23:15,337 - root - INFO - ***************一级市场购买结束****************
2018-07-11 10:23:15,339 - root - INFO - ***************一级市场购买开始****************
2018-07-11 10:23:15,341 - root - INFO - qyd_app login is running...
2018-07-11 10:23:16,436 - root - INFO - applogin is running success!
2018-07-11 10:23:17,289 - root - INFO - 购买XZY成功
2018-07-11 10:23:17,291 - root - INFO - ***************一级市场购买结束****************
