2018-07-19 16:31:57,376 - root - INFO - qyd_app login is running...
2018-07-19 16:31:58,777 - root - INFO - applogin is running success!
2018-07-19 16:31:58,779 - root - INFO - qyd_app login is running...
2018-07-19 16:32:00,002 - root - INFO - applogin is running success!
2018-07-19 16:32:00,183 - root - INFO - 获取众盈持有中债权列表成功!
2018-07-19 16:32:00,440 - root - INFO - 您目前没有持有中的新众盈!
2018-07-19 16:32:00,455 - root - INFO - qyd_app login is running...
2018-07-19 16:32:01,657 - root - INFO - applogin is running success!
2018-07-19 16:32:01,866 - root - INFO - 获取预约理财状态成功!
2018-07-19 16:32:01,876 - root - INFO - ***************一级市场购买开始****************
2018-07-19 16:32:01,878 - root - INFO - qyd_app login is running...
2018-07-19 16:32:02,928 - root - INFO - applogin is running success!
2018-07-19 16:32:03,531 - root - INFO - 购买XYY: 平台剩余可投金额为0!
2018-07-19 16:32:03,533 - root - INFO - ***************一级市场购买结束****************
2018-07-19 16:32:03,534 - root - INFO - ***************一级市场购买开始****************
2018-07-19 16:32:03,536 - root - INFO - qyd_app login is running...
2018-07-19 16:32:04,801 - root - INFO - applogin is running success!
2018-07-19 16:32:05,400 - root - INFO - 购买XZY: 平台剩余可投金额为0!
2018-07-19 16:32:05,402 - root - INFO - ***************一级市场购买结束****************
2018-07-19 16:32:05,403 - root - INFO - ***************一级市场购买开始****************
2018-07-19 16:32:05,405 - root - INFO - qyd_app login is running...
2018-07-19 16:32:06,448 - root - INFO - applogin is running success!
2018-07-19 16:32:07,107 - root - INFO - 购买XYY: 平台剩余可投金额为0!
2018-07-19 16:32:07,109 - root - INFO - ***************一级市场购买结束****************
2018-07-19 16:32:07,111 - root - INFO - ***************一级市场购买开始****************
2018-07-19 16:32:07,112 - root - INFO - qyd_app login is running...
2018-07-19 16:32:08,039 - root - INFO - applogin is running success!
2018-07-19 16:32:09,634 - root - INFO - 购买XZY: 平台剩余可投金额为0!
2018-07-19 16:32:09,636 - root - INFO - ***************一级市场购买结束****************
2018-07-19 16:32:09,638 - root - INFO - ***************查询 新月盈、新众盈 预期收益开始****************
2018-07-19 16:32:09,640 - root - INFO - qyd_app login is running...
2018-07-19 16:32:10,819 - root - INFO - applogin is running success!
2018-07-19 16:32:11,003 - root - ERROR - 查询XYY预期收益失败:
 其他错误
2018-07-19 16:32:11,004 - root - INFO - ***************查询 新月盈、新众盈 预期收益结束****************
2018-07-19 16:32:11,006 - root - INFO - ***************查询 新月盈、新众盈 预期收益开始****************
2018-07-19 16:32:11,007 - root - INFO - qyd_app login is running...
2018-07-19 16:32:12,081 - root - INFO - applogin is running success!
2018-07-19 16:32:12,232 - root - ERROR - 查询XZY预期收益失败:
 其他错误
2018-07-19 16:32:12,234 - root - INFO - ***************查询 新月盈、新众盈 预期收益结束****************
2018-07-19 16:32:12,235 - root - INFO - ************** 收益计算器计算接口开始执行 **************
2018-07-19 16:32:13,365 - root - INFO - XYY收益计算器：执行成功！
2018-07-19 16:32:13,367 - root - INFO - ************** 收益计算器计算接口执行完毕 ************** 
2018-07-19 16:32:13,368 - root - INFO - ************** 收益计算器计算接口开始执行 **************
2018-07-19 16:32:13,506 - root - INFO - XYYA收益计算器：执行成功！
2018-07-19 16:32:13,507 - root - INFO - ************** 收益计算器计算接口执行完毕 ************** 
2018-07-19 16:32:13,509 - root - INFO - ************** 新月盈、新众盈计算器信息展示接口开始执行 **************
2018-07-19 16:32:13,624 - root - INFO - NWYY计算器信息展示接口：执行成功！
2018-07-19 16:32:13,626 - root - INFO - ************** 新月盈、新众盈计算器信息展示接口执行结束 ************** 
2018-07-19 16:32:13,628 - root - INFO - ************** 新月盈、新众盈计算器信息展示接口开始执行 **************
2018-07-19 16:32:13,744 - root - INFO - NWYYOPT计算器信息展示接口：执行成功！
2018-07-19 16:32:13,746 - root - INFO - ************** 新月盈、新众盈计算器信息展示接口执行结束 ************** 
2018-07-19 16:32:13,748 - root - INFO - ************** 新月盈、新众盈计算器信息展示接口开始执行 **************
2018-07-19 16:32:13,859 - root - INFO - NWZY计算器信息展示接口：执行成功！
2018-07-19 16:32:13,861 - root - INFO - ************** 新月盈、新众盈计算器信息展示接口执行结束 ************** 
2018-07-19 16:32:13,863 - root - INFO - ***************开启和关闭预约理财接口开始****************
2018-07-19 16:32:13,864 - root - INFO - qyd_app login is running...
2018-07-19 16:32:14,884 - root - INFO - applogin is running success!
2018-07-19 16:32:15,860 - root - INFO - 开启预约BUY_XYY: 成功!
2018-07-19 16:32:15,862 - root - INFO - ***************开启和关闭预约理财接口结束****************
2018-07-19 16:32:15,864 - root - INFO - ***************开启和关闭预约理财接口开始****************
2018-07-19 16:32:15,866 - root - INFO - qyd_app login is running...
2018-07-19 16:32:17,096 - root - INFO - applogin is running success!
2018-07-19 16:32:17,611 - root - INFO - 手动关闭预约BUY_QYY: 成功!
2018-07-19 16:32:17,613 - root - INFO - ***************开启和关闭预约理财接口结束****************
2018-07-19 16:32:17,615 - root - INFO - ***************开启和关闭预约理财接口开始****************
2018-07-19 16:32:17,618 - root - INFO - qyd_app login is running...
2018-07-19 16:32:18,588 - root - INFO - applogin is running success!
2018-07-19 16:32:19,130 - root - INFO - 开启预约BUY_ZRZQ: 成功!
2018-07-19 16:32:19,132 - root - INFO - ***************开启和关闭预约理财接口结束****************
2018-07-19 16:32:19,134 - root - INFO - ***************开启和关闭预约理财接口开始****************
2018-07-19 16:32:19,135 - root - INFO - qyd_app login is running...
2018-07-19 16:32:20,074 - root - INFO - applogin is running success!
2018-07-19 16:32:20,540 - root - INFO - 系统取消预约BUY_ZRZQ: 成功!
2018-07-19 16:32:20,541 - root - INFO - ***************开启和关闭预约理财接口结束****************
2018-07-19 16:32:20,543 - root - INFO - ***************开启和关闭预约理财接口开始****************
2018-07-19 16:32:20,545 - root - INFO - qyd_app login is running...
2018-07-19 16:32:21,945 - root - INFO - applogin is running success!
2018-07-19 16:32:22,451 - root - INFO - 开启预约BUY_YY: 成功!
2018-07-19 16:32:22,453 - root - INFO - ***************开启和关闭预约理财接口结束****************
2018-07-19 16:32:22,455 - root - INFO - ***************开启和关闭预约理财接口开始****************
2018-07-19 16:32:22,456 - root - INFO - qyd_app login is running...
2018-07-19 16:32:23,559 - root - INFO - applogin is running success!
2018-07-19 16:32:24,256 - root - INFO - 系统取消预约BUY_YY: 成功!
2018-07-19 16:32:24,258 - root - INFO - ***************开启和关闭预约理财接口结束****************
2018-07-19 16:32:24,260 - root - INFO - ***************开启和关闭预约理财接口开始****************
2018-07-19 16:32:24,262 - root - INFO - qyd_app login is running...
2018-07-19 16:32:25,208 - root - INFO - applogin is running success!
2018-07-19 16:32:25,743 - root - INFO - 开启预约BUY_YYZR: 成功!
2018-07-19 16:32:25,745 - root - INFO - ***************开启和关闭预约理财接口结束****************
2018-07-19 16:32:25,747 - root - INFO - ***************开启和关闭预约理财接口开始****************
2018-07-19 16:32:25,748 - root - INFO - qyd_app login is running...
2018-07-19 16:32:26,925 - root - INFO - applogin is running success!
2018-07-19 16:32:27,591 - root - INFO - 手动关闭预约BUY_YYZR: 成功!
2018-07-19 16:32:27,593 - root - INFO - ***************开启和关闭预约理财接口结束****************
2018-07-19 16:32:27,595 - root - INFO - ***************开启和关闭预约理财接口开始****************
2018-07-19 16:32:27,596 - root - INFO - qyd_app login is running...
2018-07-19 16:32:28,636 - root - INFO - applogin is running success!
2018-07-19 16:32:29,145 - root - INFO - 开启预约BUY_ZY: 成功!
2018-07-19 16:32:29,147 - root - INFO - ***************开启和关闭预约理财接口结束****************
2018-07-19 16:32:29,148 - root - INFO - ***************开启和关闭预约理财接口开始****************
2018-07-19 16:32:29,150 - root - INFO - qyd_app login is running...
2018-07-19 16:32:30,261 - root - INFO - applogin is running success!
2018-07-19 16:32:30,737 - root - INFO - 系统取消预约BUY_ZY: 成功!
2018-07-19 16:32:30,738 - root - INFO - ***************开启和关闭预约理财接口结束****************
2018-07-19 16:32:30,740 - root - INFO - ***************开启和关闭预约理财接口开始****************
2018-07-19 16:32:30,742 - root - INFO - qyd_app login is running...
2018-07-19 16:32:31,760 - root - INFO - applogin is running success!
2018-07-19 16:32:32,265 - root - INFO - 手动关闭预约BUY_XYY: 成功!
2018-07-19 16:32:32,267 - root - INFO - ***************开启和关闭预约理财接口结束****************
2018-07-19 16:32:32,268 - root - INFO - ***************开启和关闭预约理财接口开始****************
2018-07-19 16:32:32,269 - root - INFO - qyd_app login is running...
2018-07-19 16:32:33,168 - root - INFO - applogin is running success!
2018-07-19 16:32:34,167 - root - INFO - 开启预约BUY_ZRXYY: 成功!
2018-07-19 16:32:34,169 - root - INFO - ***************开启和关闭预约理财接口结束****************
2018-07-19 16:32:34,170 - root - INFO - ***************开启和关闭预约理财接口开始****************
2018-07-19 16:32:34,171 - root - INFO - qyd_app login is running...
2018-07-19 16:32:35,095 - root - INFO - applogin is running success!
2018-07-19 16:32:35,807 - root - INFO - 系统取消预约BUY_ZRXYY: 成功!
2018-07-19 16:32:35,809 - root - INFO - ***************开启和关闭预约理财接口结束****************
2018-07-19 16:32:35,811 - root - INFO - ***************开启和关闭预约理财接口开始****************
2018-07-19 16:32:35,813 - root - INFO - qyd_app login is running...
2018-07-19 16:32:36,753 - root - INFO - applogin is running success!
2018-07-19 16:32:37,758 - root - INFO - 开启预约BUY_XZY: 成功!
2018-07-19 16:32:37,761 - root - INFO - ***************开启和关闭预约理财接口结束****************
2018-07-19 16:32:37,762 - root - INFO - ***************开启和关闭预约理财接口开始****************
2018-07-19 16:32:37,764 - root - INFO - qyd_app login is running...
2018-07-19 16:32:38,730 - root - INFO - applogin is running success!
2018-07-19 16:32:39,480 - root - INFO - 手动关闭预约BUY_XZY: 成功!
2018-07-19 16:32:39,482 - root - INFO - ***************开启和关闭预约理财接口结束****************
2018-07-19 16:32:39,483 - root - INFO - ***************开启和关闭预约理财接口开始****************
2018-07-19 16:32:39,485 - root - INFO - qyd_app login is running...
2018-07-19 16:32:40,494 - root - INFO - applogin is running success!
2018-07-19 16:32:42,110 - root - INFO - 开启预约BUY_XSB: 成功!
2018-07-19 16:32:42,112 - root - INFO - ***************开启和关闭预约理财接口结束****************
2018-07-19 16:32:42,114 - root - INFO - ***************开启和关闭预约理财接口开始****************
2018-07-19 16:32:42,116 - root - INFO - qyd_app login is running...
2018-07-19 16:32:43,080 - root - INFO - applogin is running success!
2018-07-19 16:32:43,577 - root - INFO - 手动关闭预约BUY_XSB: 成功!
2018-07-19 16:32:43,579 - root - INFO - ***************开启和关闭预约理财接口结束****************
2018-07-19 16:32:43,580 - root - INFO - ***************开启和关闭预约理财接口开始****************
2018-07-19 16:32:43,581 - root - INFO - qyd_app login is running...
2018-07-19 16:32:44,795 - root - INFO - applogin is running success!
2018-07-19 16:32:45,396 - root - INFO - 开启预约BUY_QYY: 成功!
2018-07-19 16:32:45,397 - root - INFO - ***************开启和关闭预约理财接口结束****************
