2018-07-19 16:56:09,611 - root - INFO - qyd_app login is running...
2018-07-19 16:56:11,084 - root - INFO - applogin is running success!
2018-07-19 16:56:11,086 - root - INFO - qyd_app login is running...
2018-07-19 16:56:12,418 - root - INFO - applogin is running success!
2018-07-19 16:56:12,627 - root - INFO - 获取众盈持有中债权列表成功!
2018-07-19 16:56:12,890 - root - INFO - 您目前没有持有中的新众盈!
2018-07-19 16:56:12,911 - root - INFO - qyd_app login is running...
2018-07-19 16:56:14,164 - root - INFO - applogin is running success!
2018-07-19 16:56:14,371 - root - INFO - 获取预约理财状态成功!
2018-07-19 16:56:14,386 - root - INFO - ***************一级市场购买开始****************
2018-07-19 16:56:14,389 - root - INFO - qyd_app login is running...
2018-07-19 16:56:15,615 - root - INFO - applogin is running success!
2018-07-19 16:56:16,259 - root - INFO - 购买XYY: 平台剩余可投金额为0!
2018-07-19 16:56:16,261 - root - INFO - ***************一级市场购买结束****************
2018-07-19 16:56:16,264 - root - INFO - ***************一级市场购买开始****************
2018-07-19 16:56:16,265 - root - INFO - qyd_app login is running...
2018-07-19 16:56:17,385 - root - INFO - applogin is running success!
2018-07-19 16:56:18,003 - root - INFO - 购买XZY: 平台剩余可投金额为0!
2018-07-19 16:56:18,005 - root - INFO - ***************一级市场购买结束****************
2018-07-19 16:56:18,007 - root - INFO - ***************一级市场购买开始****************
2018-07-19 16:56:18,009 - root - INFO - qyd_app login is running...
2018-07-19 16:56:19,243 - root - INFO - applogin is running success!
2018-07-19 16:56:19,880 - root - INFO - 购买XYY: 平台剩余可投金额为0!
2018-07-19 16:56:19,882 - root - INFO - ***************一级市场购买结束****************
2018-07-19 16:56:19,883 - root - INFO - ***************一级市场购买开始****************
2018-07-19 16:56:19,885 - root - INFO - qyd_app login is running...
2018-07-19 16:56:20,975 - root - INFO - applogin is running success!
2018-07-19 16:56:21,614 - root - INFO - 购买XZY: 平台剩余可投金额为0!
2018-07-19 16:56:21,616 - root - INFO - ***************一级市场购买结束****************
2018-07-19 16:56:21,618 - root - INFO - ***************查询 新月盈、新众盈 预期收益开始****************
2018-07-19 16:56:21,619 - root - INFO - qyd_app login is running...
2018-07-19 16:56:22,687 - root - INFO - applogin is running success!
2018-07-19 16:56:22,852 - root - ERROR - 查询XYY预期收益失败:
 其他错误
2018-07-19 16:56:22,855 - root - INFO - ***************查询 新月盈、新众盈 预期收益结束****************
2018-07-19 16:56:22,856 - root - INFO - ***************查询 新月盈、新众盈 预期收益开始****************
2018-07-19 16:56:22,858 - root - INFO - qyd_app login is running...
2018-07-19 16:56:24,019 - root - INFO - applogin is running success!
2018-07-19 16:56:24,195 - root - ERROR - 查询XZY预期收益失败:
 其他错误
2018-07-19 16:56:24,197 - root - INFO - ***************查询 新月盈、新众盈 预期收益结束****************
2018-07-19 16:56:24,199 - root - INFO - ************** 收益计算器计算接口开始执行 **************
2018-07-19 16:56:24,327 - root - INFO - XYY收益计算器：执行成功！
2018-07-19 16:56:24,329 - root - INFO - ************** 收益计算器计算接口执行完毕 ************** 
2018-07-19 16:56:24,331 - root - INFO - ************** 收益计算器计算接口开始执行 **************
2018-07-19 16:56:24,500 - root - INFO - XYYA收益计算器：执行成功！
2018-07-19 16:56:24,501 - root - INFO - ************** 收益计算器计算接口执行完毕 ************** 
2018-07-19 16:56:24,503 - root - INFO - ************** 新月盈、新众盈计算器信息展示接口开始执行 **************
2018-07-19 16:56:24,621 - root - INFO - NWYY计算器信息展示接口：执行成功！
2018-07-19 16:56:24,623 - root - INFO - ************** 新月盈、新众盈计算器信息展示接口执行结束 ************** 
2018-07-19 16:56:24,624 - root - INFO - ************** 新月盈、新众盈计算器信息展示接口开始执行 **************
2018-07-19 16:56:24,734 - root - INFO - NWYYOPT计算器信息展示接口：执行成功！
2018-07-19 16:56:24,737 - root - INFO - ************** 新月盈、新众盈计算器信息展示接口执行结束 ************** 
2018-07-19 16:56:24,738 - root - INFO - ************** 新月盈、新众盈计算器信息展示接口开始执行 **************
2018-07-19 16:56:24,874 - root - INFO - NWZY计算器信息展示接口：执行成功！
2018-07-19 16:56:24,876 - root - INFO - ************** 新月盈、新众盈计算器信息展示接口执行结束 ************** 
2018-07-19 16:56:24,878 - root - INFO - ***************开启和关闭预约理财接口开始****************
2018-07-19 16:56:24,880 - root - INFO - qyd_app login is running...
2018-07-19 16:56:25,902 - root - INFO - applogin is running success!
2018-07-19 16:56:26,912 - root - INFO - 开启预约BUY_XYY: 成功!
2018-07-19 16:56:26,914 - root - INFO - ***************开启和关闭预约理财接口结束****************
2018-07-19 16:56:26,916 - root - INFO - ***************开启和关闭预约理财接口开始****************
2018-07-19 16:56:26,918 - root - INFO - qyd_app login is running...
2018-07-19 16:56:27,960 - root - INFO - applogin is running success!
2018-07-19 16:56:28,450 - root - INFO - 手动关闭预约BUY_QYY: 成功!
2018-07-19 16:56:28,452 - root - INFO - ***************开启和关闭预约理财接口结束****************
2018-07-19 16:56:28,453 - root - INFO - ***************开启和关闭预约理财接口开始****************
2018-07-19 16:56:28,455 - root - INFO - qyd_app login is running...
2018-07-19 16:56:29,671 - root - INFO - applogin is running success!
2018-07-19 16:56:30,244 - root - INFO - 开启预约BUY_ZRZQ: 成功!
2018-07-19 16:56:30,247 - root - INFO - ***************开启和关闭预约理财接口结束****************
2018-07-19 16:56:30,249 - root - INFO - ***************开启和关闭预约理财接口开始****************
2018-07-19 16:56:30,250 - root - INFO - qyd_app login is running...
2018-07-19 16:56:31,493 - root - INFO - applogin is running success!
2018-07-19 16:56:32,035 - root - INFO - 系统取消预约BUY_ZRZQ: 成功!
2018-07-19 16:56:32,037 - root - INFO - ***************开启和关闭预约理财接口结束****************
2018-07-19 16:56:32,039 - root - INFO - ***************开启和关闭预约理财接口开始****************
2018-07-19 16:56:32,040 - root - INFO - qyd_app login is running...
2018-07-19 16:56:33,174 - root - INFO - applogin is running success!
2018-07-19 16:56:33,932 - root - INFO - 开启预约BUY_YY: 成功!
2018-07-19 16:56:33,934 - root - INFO - ***************开启和关闭预约理财接口结束****************
2018-07-19 16:56:33,936 - root - INFO - ***************开启和关闭预约理财接口开始****************
2018-07-19 16:56:33,937 - root - INFO - qyd_app login is running...
2018-07-19 16:56:35,222 - root - INFO - applogin is running success!
2018-07-19 16:56:35,933 - root - INFO - 系统取消预约BUY_YY: 成功!
2018-07-19 16:56:35,935 - root - INFO - ***************开启和关闭预约理财接口结束****************
2018-07-19 16:56:35,937 - root - INFO - ***************开启和关闭预约理财接口开始****************
2018-07-19 16:56:35,938 - root - INFO - qyd_app login is running...
2018-07-19 16:56:37,246 - root - INFO - applogin is running success!
2018-07-19 16:56:38,020 - root - INFO - 开启预约BUY_YYZR: 成功!
2018-07-19 16:56:38,022 - root - INFO - ***************开启和关闭预约理财接口结束****************
2018-07-19 16:56:38,024 - root - INFO - ***************开启和关闭预约理财接口开始****************
2018-07-19 16:56:38,026 - root - INFO - qyd_app login is running...
2018-07-19 16:56:39,443 - root - INFO - applogin is running success!
2018-07-19 16:56:40,329 - root - INFO - 手动关闭预约BUY_YYZR: 成功!
2018-07-19 16:56:40,331 - root - INFO - ***************开启和关闭预约理财接口结束****************
2018-07-19 16:56:40,332 - root - INFO - ***************开启和关闭预约理财接口开始****************
2018-07-19 16:56:40,333 - root - INFO - qyd_app login is running...
2018-07-19 16:56:41,605 - root - INFO - applogin is running success!
2018-07-19 16:56:42,434 - root - INFO - 开启预约BUY_ZY: 成功!
2018-07-19 16:56:42,435 - root - INFO - ***************开启和关闭预约理财接口结束****************
2018-07-19 16:56:42,437 - root - INFO - ***************开启和关闭预约理财接口开始****************
2018-07-19 16:56:42,438 - root - INFO - qyd_app login is running...
2018-07-19 16:56:43,706 - root - INFO - applogin is running success!
2018-07-19 16:56:44,407 - root - INFO - 系统取消预约BUY_ZY: 成功!
2018-07-19 16:56:44,409 - root - INFO - ***************开启和关闭预约理财接口结束****************
2018-07-19 16:56:44,411 - root - INFO - ***************开启和关闭预约理财接口开始****************
2018-07-19 16:56:44,412 - root - INFO - qyd_app login is running...
2018-07-19 16:56:45,386 - root - INFO - applogin is running success!
2018-07-19 16:56:45,896 - root - INFO - 手动关闭预约BUY_XYY: 成功!
2018-07-19 16:56:45,898 - root - INFO - ***************开启和关闭预约理财接口结束****************
2018-07-19 16:56:45,899 - root - INFO - ***************开启和关闭预约理财接口开始****************
2018-07-19 16:56:45,901 - root - INFO - qyd_app login is running...
2018-07-19 16:56:47,200 - root - INFO - applogin is running success!
2018-07-19 16:56:49,526 - root - INFO - 开启预约BUY_ZRXYY: 成功!
2018-07-19 16:56:49,528 - root - INFO - ***************开启和关闭预约理财接口结束****************
2018-07-19 16:56:49,530 - root - INFO - ***************开启和关闭预约理财接口开始****************
2018-07-19 16:56:49,531 - root - INFO - qyd_app login is running...
2018-07-19 16:56:50,622 - root - INFO - applogin is running success!
2018-07-19 16:56:51,223 - root - INFO - 系统取消预约BUY_ZRXYY: 成功!
2018-07-19 16:56:51,224 - root - INFO - ***************开启和关闭预约理财接口结束****************
2018-07-19 16:56:51,226 - root - INFO - ***************开启和关闭预约理财接口开始****************
2018-07-19 16:56:51,228 - root - INFO - qyd_app login is running...
2018-07-19 16:56:52,326 - root - INFO - applogin is running success!
2018-07-19 16:56:53,729 - root - INFO - 开启预约BUY_XZY: 成功!
2018-07-19 16:56:53,731 - root - INFO - ***************开启和关闭预约理财接口结束****************
2018-07-19 16:56:53,732 - root - INFO - ***************开启和关闭预约理财接口开始****************
2018-07-19 16:56:53,734 - root - INFO - qyd_app login is running...
2018-07-19 16:56:54,786 - root - INFO - applogin is running success!
2018-07-19 16:56:55,488 - root - INFO - 手动关闭预约BUY_XZY: 成功!
2018-07-19 16:56:55,490 - root - INFO - ***************开启和关闭预约理财接口结束****************
2018-07-19 16:56:55,491 - root - INFO - ***************开启和关闭预约理财接口开始****************
2018-07-19 16:56:55,493 - root - INFO - qyd_app login is running...
2018-07-19 16:56:56,447 - root - INFO - applogin is running success!
2018-07-19 16:56:57,911 - root - INFO - 开启预约BUY_XSB: 成功!
2018-07-19 16:56:57,912 - root - INFO - ***************开启和关闭预约理财接口结束****************
2018-07-19 16:56:57,914 - root - INFO - ***************开启和关闭预约理财接口开始****************
2018-07-19 16:56:57,915 - root - INFO - qyd_app login is running...
2018-07-19 16:56:58,964 - root - INFO - applogin is running success!
2018-07-19 16:56:59,471 - root - INFO - 手动关闭预约BUY_XSB: 成功!
2018-07-19 16:56:59,473 - root - INFO - ***************开启和关闭预约理财接口结束****************
2018-07-19 16:56:59,474 - root - INFO - ***************开启和关闭预约理财接口开始****************
2018-07-19 16:56:59,476 - root - INFO - qyd_app login is running...
2018-07-19 16:57:00,466 - root - INFO - applogin is running success!
2018-07-19 16:57:01,097 - root - INFO - 开启预约BUY_QYY: 成功!
2018-07-19 16:57:01,098 - root - INFO - ***************开启和关闭预约理财接口结束****************
