2018-07-17 09:43:21,214 - root - INFO - ***************开启和关闭预约理财接口开始****************
2018-07-17 09:43:21,217 - root - INFO - qyd_app login is running...
2018-07-17 09:43:24,533 - root - INFO - applogin is running success!
2018-07-17 09:43:25,496 - root - INFO - 开启预约BUY_XYY: 成功!
2018-07-17 09:43:25,498 - root - INFO - ***************开启和关闭预约理财接口结束****************
2018-07-17 09:43:25,500 - root - INFO - ***************开启和关闭预约理财接口开始****************
2018-07-17 09:43:25,501 - root - INFO - qyd_app login is running...
2018-07-17 09:43:26,502 - root - INFO - applogin is running success!
2018-07-17 09:43:27,217 - root - INFO - 手动关闭预约BUY_XYY: 成功!
2018-07-17 09:43:27,219 - root - INFO - ***************开启和关闭预约理财接口结束****************
2018-07-17 09:43:27,221 - root - INFO - ***************开启和关闭预约理财接口开始****************
2018-07-17 09:43:27,223 - root - INFO - qyd_app login is running...
2018-07-17 09:43:28,404 - root - INFO - applogin is running success!
2018-07-17 09:43:29,535 - root - INFO - 开启预约BUY_ZRXYY: 成功!
2018-07-17 09:43:29,540 - root - INFO - ***************开启和关闭预约理财接口结束****************
2018-07-17 09:43:29,544 - root - INFO - ***************开启和关闭预约理财接口开始****************
2018-07-17 09:43:29,546 - root - INFO - qyd_app login is running...
2018-07-17 09:43:30,495 - root - INFO - applogin is running success!
2018-07-17 09:43:30,957 - root - INFO - 系统取消预约BUY_ZRXYY: 成功!
2018-07-17 09:43:30,959 - root - INFO - ***************开启和关闭预约理财接口结束****************
2018-07-17 09:43:30,961 - root - INFO - ***************开启和关闭预约理财接口开始****************
2018-07-17 09:43:30,963 - root - INFO - qyd_app login is running...
2018-07-17 09:43:32,188 - root - INFO - applogin is running success!
2018-07-17 09:43:33,263 - root - INFO - 开启预约BUY_XZY: 成功!
2018-07-17 09:43:33,264 - root - INFO - ***************开启和关闭预约理财接口结束****************
2018-07-17 09:43:33,266 - root - INFO - ***************开启和关闭预约理财接口开始****************
2018-07-17 09:43:33,268 - root - INFO - qyd_app login is running...
2018-07-17 09:43:34,861 - root - INFO - applogin is running success!
2018-07-17 09:43:35,334 - root - INFO - 手动关闭预约BUY_XZY: 成功!
2018-07-17 09:43:35,336 - root - INFO - ***************开启和关闭预约理财接口结束****************
