2018-07-17 09:46:36,186 - root - INFO - ***************开启和关闭预约理财接口开始****************
2018-07-17 09:46:36,190 - root - INFO - qyd_app login is running...
2018-07-17 09:46:37,463 - root - INFO - applogin is running success!
2018-07-17 09:46:38,480 - root - INFO - 开启预约BUY_XYY: 成功!
2018-07-17 09:46:38,482 - root - INFO - ***************开启和关闭预约理财接口结束****************
2018-07-17 09:46:38,484 - root - INFO - ***************开启和关闭预约理财接口开始****************
2018-07-17 09:46:38,485 - root - INFO - qyd_app login is running...
2018-07-17 09:46:39,437 - root - INFO - applogin is running success!
2018-07-17 09:46:39,917 - root - INFO - 手动关闭预约BUY_XYY: 成功!
2018-07-17 09:46:39,919 - root - INFO - ***************开启和关闭预约理财接口结束****************
2018-07-17 09:46:39,921 - root - INFO - ***************开启和关闭预约理财接口开始****************
2018-07-17 09:46:39,922 - root - INFO - qyd_app login is running...
2018-07-17 09:46:40,968 - root - INFO - applogin is running success!
2018-07-17 09:46:41,871 - root - INFO - 开启预约BUY_ZRXYY: 成功!
2018-07-17 09:46:41,873 - root - INFO - ***************开启和关闭预约理财接口结束****************
2018-07-17 09:46:41,875 - root - INFO - ***************开启和关闭预约理财接口开始****************
2018-07-17 09:46:41,877 - root - INFO - qyd_app login is running...
2018-07-17 09:46:42,835 - root - INFO - applogin is running success!
2018-07-17 09:46:43,340 - root - INFO - 系统取消预约BUY_ZRXYY: 成功!
2018-07-17 09:46:43,342 - root - INFO - ***************开启和关闭预约理财接口结束****************
2018-07-17 09:46:43,344 - root - INFO - ***************开启和关闭预约理财接口开始****************
2018-07-17 09:46:43,345 - root - INFO - qyd_app login is running...
2018-07-17 09:46:44,525 - root - INFO - applogin is running success!
2018-07-17 09:46:45,544 - root - INFO - 开启预约BUY_XZY: 成功!
2018-07-17 09:46:45,545 - root - INFO - ***************开启和关闭预约理财接口结束****************
2018-07-17 09:46:45,547 - root - INFO - ***************开启和关闭预约理财接口开始****************
2018-07-17 09:46:45,548 - root - INFO - qyd_app login is running...
2018-07-17 09:46:46,566 - root - INFO - applogin is running success!
2018-07-17 09:46:47,117 - root - INFO - 手动关闭预约BUY_XZY: 成功!
2018-07-17 09:46:47,119 - root - INFO - ***************开启和关闭预约理财接口结束****************
2018-07-17 09:46:47,121 - root - INFO - ***************开启和关闭预约理财接口开始****************
2018-07-17 09:46:47,122 - root - INFO - qyd_app login is running...
2018-07-17 09:46:48,255 - root - INFO - applogin is running success!
2018-07-17 09:46:48,745 - root - INFO - ***************开启和关闭预约理财接口结束****************
