2018-07-17 09:33:35,052 - root - INFO - ***************开启和关闭预约理财接口开始****************
2018-07-17 09:33:35,055 - root - INFO - qyd_app login is running...
2018-07-17 09:33:36,659 - root - INFO - applogin is running success!
2018-07-17 09:33:38,888 - root - INFO - 0预约BUY_XYY: 成功!
2018-07-17 09:33:38,890 - root - INFO - ***************开启和关闭预约理财接口结束****************
2018-07-17 09:33:38,892 - root - INFO - ***************开启和关闭预约理财接口开始****************
2018-07-17 09:33:38,895 - root - INFO - qyd_app login is running...
2018-07-17 09:33:40,054 - root - INFO - applogin is running success!
2018-07-17 09:33:41,297 - root - INFO - 1预约BUY_XYY: 成功!
2018-07-17 09:33:41,299 - root - INFO - ***************开启和关闭预约理财接口结束****************
2018-07-17 09:33:41,301 - root - INFO - ***************开启和关闭预约理财接口开始****************
2018-07-17 09:33:41,302 - root - INFO - qyd_app login is running...
2018-07-17 09:33:42,932 - root - INFO - applogin is running success!
2018-07-17 09:33:44,361 - root - INFO - 0预约BUY_ZRXYY: 成功!
2018-07-17 09:33:44,363 - root - INFO - ***************开启和关闭预约理财接口结束****************
2018-07-17 09:33:44,366 - root - INFO - ***************开启和关闭预约理财接口开始****************
2018-07-17 09:33:44,367 - root - INFO - qyd_app login is running...
2018-07-17 09:33:45,603 - root - INFO - applogin is running success!
2018-07-17 09:33:46,586 - root - INFO - 2预约BUY_ZRXYY: 成功!
2018-07-17 09:33:46,588 - root - INFO - ***************开启和关闭预约理财接口结束****************
2018-07-17 09:33:46,590 - root - INFO - ***************开启和关闭预约理财接口开始****************
2018-07-17 09:33:46,593 - root - INFO - qyd_app login is running...
2018-07-17 09:33:48,243 - root - INFO - applogin is running success!
2018-07-17 09:33:49,953 - root - INFO - 0预约BUY_XZY: 成功!
2018-07-17 09:33:49,955 - root - INFO - ***************开启和关闭预约理财接口结束****************
2018-07-17 09:33:49,958 - root - INFO - ***************开启和关闭预约理财接口开始****************
2018-07-17 09:33:49,960 - root - INFO - qyd_app login is running...
2018-07-17 09:33:51,374 - root - INFO - applogin is running success!
2018-07-17 09:33:52,438 - root - INFO - 1预约BUY_XZY: 成功!
2018-07-17 09:33:52,440 - root - INFO - ***************开启和关闭预约理财接口结束****************
