2018-07-19 15:46:23,416 - root - INFO - qyd_app login is running...
2018-07-19 15:46:25,405 - root - INFO - applogin is running success!
2018-07-19 15:46:25,408 - root - INFO - qyd_app login is running...
2018-07-19 15:46:26,634 - root - INFO - applogin is running success!
2018-07-19 15:46:27,662 - root - INFO - 获取众盈持有中债权列表成功!
2018-07-19 15:46:28,019 - root - INFO - 您目前没有持有中的新众盈!
2018-07-19 15:46:28,105 - root - INFO - qyd_app login is running...
2018-07-19 15:46:29,915 - root - INFO - applogin is running success!
2018-07-19 15:46:30,319 - root - INFO - ***************一级市场购买开始****************
2018-07-19 15:46:30,320 - root - INFO - qyd_app login is running...
2018-07-19 15:46:31,415 - root - INFO - applogin is running success!
2018-07-19 15:46:32,746 - root - INFO - 购买XYY: 成功!
2018-07-19 15:46:32,748 - root - INFO - ***************一级市场购买结束****************
2018-07-19 15:46:32,750 - root - INFO - ***************一级市场购买开始****************
2018-07-19 15:46:32,752 - root - INFO - qyd_app login is running...
2018-07-19 15:46:33,734 - root - INFO - applogin is running success!
2018-07-19 15:46:34,674 - root - INFO - 购买XZY: 成功!
2018-07-19 15:46:34,676 - root - INFO - ***************一级市场购买结束****************
2018-07-19 15:46:34,677 - root - INFO - ***************一级市场购买开始****************
2018-07-19 15:46:34,679 - root - INFO - qyd_app login is running...
2018-07-19 15:46:35,937 - root - INFO - applogin is running success!
2018-07-19 15:46:36,778 - root - INFO - 购买XYY: 成功!
2018-07-19 15:46:36,780 - root - INFO - ***************一级市场购买结束****************
2018-07-19 15:46:36,781 - root - INFO - ***************一级市场购买开始****************
2018-07-19 15:46:36,782 - root - INFO - qyd_app login is running...
2018-07-19 15:46:37,840 - root - INFO - applogin is running success!
2018-07-19 15:46:39,077 - root - INFO - 购买XZY: 成功!
2018-07-19 15:46:39,078 - root - INFO - ***************一级市场购买结束****************
2018-07-19 15:46:39,080 - root - INFO - ***************查询 新月盈、新众盈 预期收益开始****************
2018-07-19 15:46:39,082 - root - INFO - qyd_app login is running...
2018-07-19 15:46:40,371 - root - INFO - applogin is running success!
2018-07-19 15:46:40,651 - root - ERROR - 查询XYY预期收益失败:
 其他错误
2018-07-19 15:46:40,653 - root - INFO - ***************查询 新月盈、新众盈 预期收益结束****************
2018-07-19 15:46:40,655 - root - INFO - ***************查询 新月盈、新众盈 预期收益开始****************
2018-07-19 15:46:40,656 - root - INFO - qyd_app login is running...
2018-07-19 15:46:41,769 - root - INFO - applogin is running success!
2018-07-19 15:46:43,586 - root - ERROR - 查询XZY预期收益失败:
 其他错误
2018-07-19 15:46:43,588 - root - INFO - ***************查询 新月盈、新众盈 预期收益结束****************
2018-07-19 15:46:43,590 - root - INFO - ************** 收益计算器计算接口开始执行 **************
2018-07-19 15:46:43,773 - root - INFO - XYY收益计算器：执行成功！
2018-07-19 15:46:43,775 - root - INFO - ************** 收益计算器计算接口执行完毕 ************** 
2018-07-19 15:46:43,776 - root - INFO - ************** 收益计算器计算接口开始执行 **************
2018-07-19 15:46:43,966 - root - INFO - XYYA收益计算器：执行成功！
2018-07-19 15:46:43,968 - root - INFO - ************** 收益计算器计算接口执行完毕 ************** 
2018-07-19 15:46:43,970 - root - INFO - ************** 新月盈、新众盈计算器信息展示接口开始执行 **************
2018-07-19 15:46:44,158 - root - INFO - NWYY计算器信息展示接口：执行成功！
2018-07-19 15:46:44,161 - root - INFO - ************** 新月盈、新众盈计算器信息展示接口执行结束 ************** 
2018-07-19 15:46:44,162 - root - INFO - ************** 新月盈、新众盈计算器信息展示接口开始执行 **************
2018-07-19 15:46:44,317 - root - INFO - NWYYOPT计算器信息展示接口：执行成功！
2018-07-19 15:46:44,319 - root - INFO - ************** 新月盈、新众盈计算器信息展示接口执行结束 ************** 
2018-07-19 15:46:44,321 - root - INFO - ************** 新月盈、新众盈计算器信息展示接口开始执行 **************
2018-07-19 15:46:44,428 - root - INFO - NWZY计算器信息展示接口：执行成功！
2018-07-19 15:46:44,431 - root - INFO - ************** 新月盈、新众盈计算器信息展示接口执行结束 ************** 
2018-07-19 15:46:44,433 - root - INFO - ***************开启和关闭预约理财接口开始****************
2018-07-19 15:46:44,434 - root - INFO - qyd_app login is running...
2018-07-19 15:46:45,694 - root - INFO - applogin is running success!
2018-07-19 15:46:47,608 - root - INFO - 开启预约BUY_XYY: 成功!
2018-07-19 15:46:47,610 - root - INFO - ***************开启和关闭预约理财接口结束****************
2018-07-19 15:46:47,611 - root - INFO - ***************开启和关闭预约理财接口开始****************
2018-07-19 15:46:47,613 - root - INFO - qyd_app login is running...
2018-07-19 15:46:49,045 - root - INFO - applogin is running success!
2018-07-19 15:46:50,050 - root - INFO - 手动关闭预约BUY_QYY: 成功!
2018-07-19 15:46:50,053 - root - INFO - ***************开启和关闭预约理财接口结束****************
2018-07-19 15:46:50,054 - root - INFO - ***************开启和关闭预约理财接口开始****************
2018-07-19 15:46:50,056 - root - INFO - qyd_app login is running...
2018-07-19 15:46:51,863 - root - INFO - applogin is running success!
2018-07-19 15:46:53,140 - root - INFO - 开启预约BUY_ZRZQ: 成功!
2018-07-19 15:46:53,143 - root - INFO - ***************开启和关闭预约理财接口结束****************
2018-07-19 15:46:53,145 - root - INFO - ***************开启和关闭预约理财接口开始****************
2018-07-19 15:46:53,147 - root - INFO - qyd_app login is running...
2018-07-19 15:46:54,760 - root - INFO - applogin is running success!
2018-07-19 15:46:56,073 - root - INFO - 系统取消预约BUY_ZRZQ: 成功!
2018-07-19 15:46:56,075 - root - INFO - ***************开启和关闭预约理财接口结束****************
2018-07-19 15:46:56,076 - root - INFO - ***************开启和关闭预约理财接口开始****************
2018-07-19 15:46:56,078 - root - INFO - qyd_app login is running...
2018-07-19 15:46:57,394 - root - INFO - applogin is running success!
2018-07-19 15:46:58,503 - root - INFO - 开启预约BUY_YY: 成功!
2018-07-19 15:46:58,505 - root - INFO - ***************开启和关闭预约理财接口结束****************
2018-07-19 15:46:58,506 - root - INFO - ***************开启和关闭预约理财接口开始****************
2018-07-19 15:46:58,508 - root - INFO - qyd_app login is running...
2018-07-19 15:47:00,009 - root - INFO - applogin is running success!
2018-07-19 15:47:00,843 - root - INFO - 系统取消预约BUY_YY: 成功!
2018-07-19 15:47:00,845 - root - INFO - ***************开启和关闭预约理财接口结束****************
2018-07-19 15:47:00,847 - root - INFO - ***************开启和关闭预约理财接口开始****************
2018-07-19 15:47:00,848 - root - INFO - qyd_app login is running...
2018-07-19 15:47:02,241 - root - INFO - applogin is running success!
2018-07-19 15:47:03,447 - root - INFO - 开启预约BUY_YYZR: 成功!
2018-07-19 15:47:03,449 - root - INFO - ***************开启和关闭预约理财接口结束****************
2018-07-19 15:47:03,451 - root - INFO - ***************开启和关闭预约理财接口开始****************
2018-07-19 15:47:03,452 - root - INFO - qyd_app login is running...
2018-07-19 15:47:04,923 - root - INFO - applogin is running success!
2018-07-19 15:47:05,805 - root - INFO - 手动关闭预约BUY_YYZR: 成功!
2018-07-19 15:47:05,807 - root - INFO - ***************开启和关闭预约理财接口结束****************
2018-07-19 15:47:05,808 - root - INFO - ***************开启和关闭预约理财接口开始****************
2018-07-19 15:47:05,810 - root - INFO - qyd_app login is running...
2018-07-19 15:47:07,187 - root - INFO - applogin is running success!
2018-07-19 15:47:08,297 - root - INFO - 开启预约BUY_ZY: 成功!
2018-07-19 15:47:08,299 - root - INFO - ***************开启和关闭预约理财接口结束****************
2018-07-19 15:47:08,301 - root - INFO - ***************开启和关闭预约理财接口开始****************
2018-07-19 15:47:08,303 - root - INFO - qyd_app login is running...
2018-07-19 15:47:09,624 - root - INFO - applogin is running success!
2018-07-19 15:47:10,662 - root - INFO - 系统取消预约BUY_ZY: 成功!
2018-07-19 15:47:10,664 - root - INFO - ***************开启和关闭预约理财接口结束****************
2018-07-19 15:47:10,666 - root - INFO - ***************开启和关闭预约理财接口开始****************
2018-07-19 15:47:10,667 - root - INFO - qyd_app login is running...
2018-07-19 15:47:12,304 - root - INFO - applogin is running success!
2018-07-19 15:47:13,319 - root - INFO - 手动关闭预约BUY_XYY: 成功!
2018-07-19 15:47:13,320 - root - INFO - ***************开启和关闭预约理财接口结束****************
2018-07-19 15:47:13,322 - root - INFO - ***************开启和关闭预约理财接口开始****************
2018-07-19 15:47:13,324 - root - INFO - qyd_app login is running...
2018-07-19 15:47:14,758 - root - INFO - applogin is running success!
2018-07-19 15:47:17,039 - root - INFO - 开启预约BUY_ZRXYY: 成功!
2018-07-19 15:47:17,041 - root - INFO - ***************开启和关闭预约理财接口结束****************
2018-07-19 15:47:17,042 - root - INFO - ***************开启和关闭预约理财接口开始****************
2018-07-19 15:47:17,044 - root - INFO - qyd_app login is running...
2018-07-19 15:47:19,287 - root - INFO - applogin is running success!
2018-07-19 15:47:20,814 - root - INFO - 系统取消预约BUY_ZRXYY: 成功!
2018-07-19 15:47:20,816 - root - INFO - ***************开启和关闭预约理财接口结束****************
2018-07-19 15:47:20,818 - root - INFO - ***************开启和关闭预约理财接口开始****************
2018-07-19 15:47:20,820 - root - INFO - qyd_app login is running...
2018-07-19 15:47:22,070 - root - INFO - applogin is running success!
2018-07-19 15:47:23,292 - root - INFO - 开启预约BUY_XZY: 成功!
2018-07-19 15:47:23,294 - root - INFO - ***************开启和关闭预约理财接口结束****************
2018-07-19 15:47:23,295 - root - INFO - ***************开启和关闭预约理财接口开始****************
2018-07-19 15:47:23,297 - root - INFO - qyd_app login is running...
2018-07-19 15:47:24,473 - root - INFO - applogin is running success!
2018-07-19 15:47:24,948 - root - INFO - 手动关闭预约BUY_XZY: 成功!
2018-07-19 15:47:24,949 - root - INFO - ***************开启和关闭预约理财接口结束****************
2018-07-19 15:47:24,951 - root - INFO - ***************开启和关闭预约理财接口开始****************
2018-07-19 15:47:24,952 - root - INFO - qyd_app login is running...
2018-07-19 15:47:25,920 - root - INFO - applogin is running success!
2018-07-19 15:47:27,078 - root - INFO - 开启预约BUY_XSB: 成功!
2018-07-19 15:47:27,080 - root - INFO - ***************开启和关闭预约理财接口结束****************
2018-07-19 15:47:27,081 - root - INFO - ***************开启和关闭预约理财接口开始****************
2018-07-19 15:47:27,083 - root - INFO - qyd_app login is running...
2018-07-19 15:47:28,077 - root - INFO - applogin is running success!
2018-07-19 15:47:28,609 - root - INFO - 手动关闭预约BUY_XSB: 成功!
2018-07-19 15:47:28,611 - root - INFO - ***************开启和关闭预约理财接口结束****************
2018-07-19 15:47:28,613 - root - INFO - ***************开启和关闭预约理财接口开始****************
2018-07-19 15:47:28,615 - root - INFO - qyd_app login is running...
2018-07-19 15:47:29,648 - root - INFO - applogin is running success!
2018-07-19 15:47:30,230 - root - INFO - 开启预约BUY_QYY: 成功!
2018-07-19 15:47:30,232 - root - INFO - ***************开启和关闭预约理财接口结束****************
