2018-07-17 09:52:04,154 - root - INFO - ***************开启和关闭预约理财接口开始****************
2018-07-17 09:52:04,156 - root - INFO - qyd_app login is running...
2018-07-17 09:52:05,845 - root - INFO - applogin is running success!
2018-07-17 09:52:06,926 - root - INFO - 开启预约BUY_XYY: 成功!
2018-07-17 09:52:06,928 - root - INFO - ***************开启和关闭预约理财接口结束****************
2018-07-17 09:52:06,930 - root - INFO - ***************开启和关闭预约理财接口开始****************
2018-07-17 09:52:06,931 - root - INFO - qyd_app login is running...
2018-07-17 09:52:08,316 - root - INFO - applogin is running success!
2018-07-17 09:52:08,876 - root - INFO - 手动关闭预约BUY_QYY: 成功!
2018-07-17 09:52:08,879 - root - INFO - ***************开启和关闭预约理财接口结束****************
2018-07-17 09:52:08,881 - root - INFO - ***************开启和关闭预约理财接口开始****************
2018-07-17 09:52:08,884 - root - INFO - qyd_app login is running...
2018-07-17 09:52:10,055 - root - INFO - applogin is running success!
2018-07-17 09:52:10,751 - root - INFO - 开启预约BUY_ZRZQ: 成功!
2018-07-17 09:52:10,753 - root - INFO - ***************开启和关闭预约理财接口结束****************
2018-07-17 09:52:10,756 - root - INFO - ***************开启和关闭预约理财接口开始****************
2018-07-17 09:52:10,758 - root - INFO - qyd_app login is running...
2018-07-17 09:52:11,795 - root - INFO - applogin is running success!
2018-07-17 09:52:12,377 - root - INFO - 系统取消预约BUY_ZRZQ: 成功!
2018-07-17 09:52:12,378 - root - INFO - ***************开启和关闭预约理财接口结束****************
2018-07-17 09:52:12,381 - root - INFO - ***************开启和关闭预约理财接口开始****************
2018-07-17 09:52:12,383 - root - INFO - qyd_app login is running...
2018-07-17 09:52:13,835 - root - INFO - applogin is running success!
2018-07-17 09:52:14,477 - root - INFO - 开启预约BUY_YY: 成功!
2018-07-17 09:52:14,479 - root - INFO - ***************开启和关闭预约理财接口结束****************
2018-07-17 09:52:14,481 - root - INFO - ***************开启和关闭预约理财接口开始****************
2018-07-17 09:52:14,482 - root - INFO - qyd_app login is running...
2018-07-17 09:52:15,493 - root - INFO - applogin is running success!
2018-07-17 09:52:16,015 - root - INFO - 系统取消预约BUY_YY: 成功!
2018-07-17 09:52:16,017 - root - INFO - ***************开启和关闭预约理财接口结束****************
2018-07-17 09:52:16,019 - root - INFO - ***************开启和关闭预约理财接口开始****************
2018-07-17 09:52:16,020 - root - INFO - qyd_app login is running...
2018-07-17 09:52:17,713 - root - INFO - applogin is running success!
2018-07-17 09:52:18,727 - root - INFO - 开启预约BUY_YYZR: 成功!
2018-07-17 09:52:18,728 - root - INFO - ***************开启和关闭预约理财接口结束****************
2018-07-17 09:52:18,731 - root - INFO - ***************开启和关闭预约理财接口开始****************
2018-07-17 09:52:18,733 - root - INFO - qyd_app login is running...
2018-07-17 09:52:19,855 - root - INFO - applogin is running success!
2018-07-17 09:52:20,585 - root - INFO - 手动关闭预约BUY_YYZR: 成功!
2018-07-17 09:52:20,587 - root - INFO - ***************开启和关闭预约理财接口结束****************
2018-07-17 09:52:20,589 - root - INFO - ***************开启和关闭预约理财接口开始****************
2018-07-17 09:52:20,591 - root - INFO - qyd_app login is running...
2018-07-17 09:52:21,640 - root - INFO - applogin is running success!
2018-07-17 09:52:22,255 - root - INFO - 开启预约BUY_ZY: 成功!
2018-07-17 09:52:22,257 - root - INFO - ***************开启和关闭预约理财接口结束****************
2018-07-17 09:52:22,259 - root - INFO - ***************开启和关闭预约理财接口开始****************
2018-07-17 09:52:22,261 - root - INFO - qyd_app login is running...
2018-07-17 09:52:23,516 - root - INFO - applogin is running success!
2018-07-17 09:52:24,076 - root - INFO - 系统取消预约BUY_ZY: 成功!
2018-07-17 09:52:24,079 - root - INFO - ***************开启和关闭预约理财接口结束****************
2018-07-17 09:52:24,081 - root - INFO - ***************开启和关闭预约理财接口开始****************
2018-07-17 09:52:24,083 - root - INFO - qyd_app login is running...
2018-07-17 09:52:25,072 - root - INFO - applogin is running success!
2018-07-17 09:52:25,804 - root - INFO - 手动关闭预约BUY_XYY: 成功!
2018-07-17 09:52:25,806 - root - INFO - ***************开启和关闭预约理财接口结束****************
2018-07-17 09:52:25,808 - root - INFO - ***************开启和关闭预约理财接口开始****************
2018-07-17 09:52:25,810 - root - INFO - qyd_app login is running...
2018-07-17 09:52:26,975 - root - INFO - applogin is running success!
2018-07-17 09:52:27,953 - root - INFO - 开启预约BUY_ZRXYY: 成功!
2018-07-17 09:52:27,956 - root - INFO - ***************开启和关闭预约理财接口结束****************
2018-07-17 09:52:27,958 - root - INFO - ***************开启和关闭预约理财接口开始****************
2018-07-17 09:52:27,959 - root - INFO - qyd_app login is running...
2018-07-17 09:52:28,942 - root - INFO - applogin is running success!
2018-07-17 09:52:29,640 - root - INFO - 系统取消预约BUY_ZRXYY: 成功!
2018-07-17 09:52:29,641 - root - INFO - ***************开启和关闭预约理财接口结束****************
2018-07-17 09:52:29,643 - root - INFO - ***************开启和关闭预约理财接口开始****************
2018-07-17 09:52:29,646 - root - INFO - qyd_app login is running...
2018-07-17 09:52:30,636 - root - INFO - applogin is running success!
2018-07-17 09:52:32,737 - root - INFO - 开启预约BUY_XZY: 成功!
2018-07-17 09:52:32,739 - root - INFO - ***************开启和关闭预约理财接口结束****************
2018-07-17 09:52:32,741 - root - INFO - ***************开启和关闭预约理财接口开始****************
2018-07-17 09:52:32,743 - root - INFO - qyd_app login is running...
2018-07-17 09:52:33,903 - root - INFO - applogin is running success!
2018-07-17 09:52:35,019 - root - INFO - 手动关闭预约BUY_XZY: 成功!
2018-07-17 09:52:35,021 - root - INFO - ***************开启和关闭预约理财接口结束****************
2018-07-17 09:52:35,023 - root - INFO - ***************开启和关闭预约理财接口开始****************
2018-07-17 09:52:35,025 - root - INFO - qyd_app login is running...
2018-07-17 09:52:36,206 - root - INFO - applogin is running success!
2018-07-17 09:52:37,145 - root - INFO - 开启预约BUY_XSB: 成功!
2018-07-17 09:52:37,147 - root - INFO - ***************开启和关闭预约理财接口结束****************
2018-07-17 09:52:37,149 - root - INFO - ***************开启和关闭预约理财接口开始****************
2018-07-17 09:52:37,151 - root - INFO - qyd_app login is running...
2018-07-17 09:52:38,323 - root - INFO - applogin is running success!
2018-07-17 09:52:38,825 - root - INFO - 手动关闭预约BUY_XSB: 成功!
2018-07-17 09:52:38,827 - root - INFO - ***************开启和关闭预约理财接口结束****************
2018-07-17 09:52:38,829 - root - INFO - ***************开启和关闭预约理财接口开始****************
2018-07-17 09:52:38,831 - root - INFO - qyd_app login is running...
2018-07-17 09:52:40,934 - root - INFO - applogin is running success!
2018-07-17 09:52:41,712 - root - INFO - 开启预约BUY_QYY: 成功!
2018-07-17 09:52:41,714 - root - INFO - ***************开启和关闭预约理财接口结束****************
