2018-07-19 11:40:48,060 - root - INFO - ***************一级市场购买开始****************
2018-07-19 11:40:48,063 - root - INFO - qyd_app login is running...
2018-07-19 11:40:50,236 - root - INFO - applogin is running success!
2018-07-19 11:40:51,637 - root - ERROR - 购买XYY失败:
 其他错误
2018-07-19 11:40:51,640 - root - INFO - ***************一级市场购买结束****************
2018-07-19 11:40:51,642 - root - INFO - ***************一级市场购买开始****************
2018-07-19 11:40:51,643 - root - INFO - qyd_app login is running...
2018-07-19 11:40:54,526 - root - INFO - applogin is running success!
2018-07-19 11:40:55,854 - root - ERROR - 购买XZY失败:
 其他错误
2018-07-19 11:40:55,856 - root - INFO - ***************一级市场购买结束****************
2018-07-19 11:40:55,858 - root - INFO - ***************一级市场购买开始****************
2018-07-19 11:40:55,860 - root - INFO - qyd_app login is running...
2018-07-19 11:40:59,087 - root - INFO - applogin is running success!
2018-07-19 11:41:00,642 - root - ERROR - 购买XYY失败:
 其他错误
2018-07-19 11:41:00,644 - root - INFO - ***************一级市场购买结束****************
2018-07-19 11:41:00,647 - root - INFO - ***************一级市场购买开始****************
2018-07-19 11:41:00,649 - root - INFO - qyd_app login is running...
2018-07-19 11:41:02,664 - root - INFO - applogin is running success!
2018-07-19 11:41:03,985 - root - ERROR - 购买XZY失败:
 其他错误
2018-07-19 11:41:03,987 - root - INFO - ***************一级市场购买结束****************
