2018-07-10 18:01:46,250 - root - INFO - ***************一级市场购买开始****************
2018-07-10 18:01:46,252 - root - INFO - qyd_app login is running...
2018-07-10 18:01:47,518 - root - INFO - applogin is running success!
2018-07-10 18:01:48,210 - root - INFO - 平台剩余可投金额为0!
2018-07-10 18:01:48,211 - root - INFO - ***************一级市场购买结束****************
2018-07-10 18:01:48,213 - root - INFO - ***************一级市场购买开始****************
2018-07-10 18:01:48,214 - root - INFO - qyd_app login is running...
2018-07-10 18:01:49,115 - root - INFO - applogin is running success!
2018-07-10 18:01:49,912 - root - INFO - 平台剩余可投金额为0!
2018-07-10 18:01:49,914 - root - INFO - ***************一级市场购买结束****************
2018-07-10 18:01:49,915 - root - INFO - ***************一级市场购买开始****************
2018-07-10 18:01:49,917 - root - INFO - qyd_app login is running...
2018-07-10 18:01:51,105 - root - INFO - applogin is running success!
2018-07-10 18:01:51,880 - root - INFO - 平台剩余可投金额为0!
2018-07-10 18:01:51,881 - root - INFO - ***************一级市场购买结束****************
2018-07-10 18:01:51,883 - root - INFO - ***************一级市场购买开始****************
2018-07-10 18:01:51,884 - root - INFO - qyd_app login is running...
2018-07-10 18:01:52,826 - root - INFO - applogin is running success!
2018-07-10 18:01:53,798 - root - INFO - 平台剩余可投金额为0!
2018-07-10 18:01:53,799 - root - INFO - ***************一级市场购买结束****************
