2018-07-19 16:00:11,271 - root - INFO - ***************一级市场购买开始****************
2018-07-19 16:00:11,274 - root - INFO - qyd_app login is running...
2018-07-19 16:00:13,016 - root - INFO - applogin is running success!
2018-07-19 16:00:13,886 - root - INFO - 购买XYY: 平台剩余可投金额为0!
2018-07-19 16:00:13,888 - root - INFO - ***************一级市场购买结束****************
2018-07-19 16:00:13,890 - root - INFO - ***************一级市场购买开始****************
2018-07-19 16:00:13,892 - root - INFO - qyd_app login is running...
2018-07-19 16:00:14,980 - root - INFO - applogin is running success!
2018-07-19 16:00:15,723 - root - INFO - 购买XZY: 平台剩余可投金额为0!
2018-07-19 16:00:15,725 - root - INFO - ***************一级市场购买结束****************
2018-07-19 16:00:15,728 - root - INFO - ***************一级市场购买开始****************
2018-07-19 16:00:15,729 - root - INFO - qyd_app login is running...
2018-07-19 16:00:16,970 - root - INFO - applogin is running success!
2018-07-19 16:00:17,929 - root - INFO - 购买XYY: 平台剩余可投金额为0!
2018-07-19 16:00:17,930 - root - INFO - ***************一级市场购买结束****************
2018-07-19 16:00:17,934 - root - INFO - ***************一级市场购买开始****************
2018-07-19 16:00:17,936 - root - INFO - qyd_app login is running...
2018-07-19 16:00:19,509 - root - INFO - applogin is running success!
2018-07-19 16:00:20,247 - root - INFO - 购买XZY: 平台剩余可投金额为0!
2018-07-19 16:00:20,249 - root - INFO - ***************一级市场购买结束****************
