2018-07-19 15:50:39,469 - root - INFO - qyd_app login is running...
2018-07-19 15:50:41,200 - root - INFO - applogin is running success!
2018-07-19 15:50:41,202 - root - INFO - qyd_app login is running...
2018-07-19 15:50:42,265 - root - INFO - applogin is running success!
2018-07-19 15:50:42,534 - root - INFO - 获取众盈持有中债权列表成功!
2018-07-19 15:50:42,850 - root - INFO - 您目前没有持有中的新众盈!
2018-07-19 15:50:42,872 - root - INFO - qyd_app login is running...
2018-07-19 15:50:44,197 - root - INFO - applogin is running success!
2018-07-19 15:50:44,613 - root - INFO - 获取预约理财状态成功!
2018-07-19 15:50:44,622 - root - INFO - ***************一级市场购买开始****************
2018-07-19 15:50:44,624 - root - INFO - qyd_app login is running...
2018-07-19 15:50:45,974 - root - INFO - applogin is running success!
2018-07-19 15:50:47,292 - root - INFO - 购买XYY: 成功!
2018-07-19 15:50:47,294 - root - INFO - ***************一级市场购买结束****************
2018-07-19 15:50:47,296 - root - INFO - ***************一级市场购买开始****************
2018-07-19 15:50:47,298 - root - INFO - qyd_app login is running...
2018-07-19 15:50:48,672 - root - INFO - applogin is running success!
2018-07-19 15:50:49,737 - root - INFO - 购买XZY: 平台剩余可投金额为0!
2018-07-19 15:50:49,739 - root - INFO - ***************一级市场购买结束****************
2018-07-19 15:50:49,742 - root - INFO - ***************一级市场购买开始****************
2018-07-19 15:50:49,744 - root - INFO - qyd_app login is running...
2018-07-19 15:50:51,233 - root - INFO - applogin is running success!
2018-07-19 15:50:52,257 - root - INFO - 购买XYY: 成功!
2018-07-19 15:50:52,259 - root - INFO - ***************一级市场购买结束****************
2018-07-19 15:50:52,261 - root - INFO - ***************一级市场购买开始****************
2018-07-19 15:50:52,263 - root - INFO - qyd_app login is running...
2018-07-19 15:50:53,696 - root - INFO - applogin is running success!
2018-07-19 15:50:56,009 - root - INFO - 购买XZY: 平台剩余可投金额为0!
2018-07-19 15:50:56,012 - root - INFO - ***************一级市场购买结束****************
2018-07-19 15:50:56,014 - root - INFO - ***************查询 新月盈、新众盈 预期收益开始****************
2018-07-19 15:50:56,016 - root - INFO - qyd_app login is running...
2018-07-19 15:50:57,812 - root - INFO - applogin is running success!
2018-07-19 15:50:58,158 - root - ERROR - 查询XYY预期收益失败:
 其他错误
2018-07-19 15:50:58,160 - root - INFO - ***************查询 新月盈、新众盈 预期收益结束****************
2018-07-19 15:50:58,161 - root - INFO - ***************查询 新月盈、新众盈 预期收益开始****************
2018-07-19 15:50:58,163 - root - INFO - qyd_app login is running...
2018-07-19 15:50:59,880 - root - INFO - applogin is running success!
2018-07-19 15:51:00,255 - root - ERROR - 查询XZY预期收益失败:
 其他错误
2018-07-19 15:51:00,256 - root - INFO - ***************查询 新月盈、新众盈 预期收益结束****************
2018-07-19 15:51:00,258 - root - INFO - ************** 收益计算器计算接口开始执行 **************
2018-07-19 15:51:00,504 - root - INFO - XYY收益计算器：执行成功！
2018-07-19 15:51:00,506 - root - INFO - ************** 收益计算器计算接口执行完毕 ************** 
2018-07-19 15:51:00,507 - root - INFO - ************** 收益计算器计算接口开始执行 **************
2018-07-19 15:51:00,798 - root - INFO - XYYA收益计算器：执行成功！
2018-07-19 15:51:00,801 - root - INFO - ************** 收益计算器计算接口执行完毕 ************** 
2018-07-19 15:51:00,803 - root - INFO - ************** 新月盈、新众盈计算器信息展示接口开始执行 **************
2018-07-19 15:51:01,081 - root - INFO - NWYY计算器信息展示接口：执行成功！
2018-07-19 15:51:01,083 - root - INFO - ************** 新月盈、新众盈计算器信息展示接口执行结束 ************** 
2018-07-19 15:51:01,084 - root - INFO - ************** 新月盈、新众盈计算器信息展示接口开始执行 **************
2018-07-19 15:51:01,307 - root - INFO - NWYYOPT计算器信息展示接口：执行成功！
2018-07-19 15:51:01,309 - root - INFO - ************** 新月盈、新众盈计算器信息展示接口执行结束 ************** 
2018-07-19 15:51:01,311 - root - INFO - ************** 新月盈、新众盈计算器信息展示接口开始执行 **************
2018-07-19 15:51:01,655 - root - INFO - NWZY计算器信息展示接口：执行成功！
2018-07-19 15:51:01,657 - root - INFO - ************** 新月盈、新众盈计算器信息展示接口执行结束 ************** 
2018-07-19 15:51:01,659 - root - INFO - ***************开启和关闭预约理财接口开始****************
2018-07-19 15:51:01,661 - root - INFO - qyd_app login is running...
2018-07-19 15:51:02,974 - root - INFO - applogin is running success!
2018-07-19 15:51:05,160 - root - INFO - 开启预约BUY_XYY: 成功!
2018-07-19 15:51:05,162 - root - INFO - ***************开启和关闭预约理财接口结束****************
2018-07-19 15:51:05,164 - root - INFO - ***************开启和关闭预约理财接口开始****************
2018-07-19 15:51:05,166 - root - INFO - qyd_app login is running...
2018-07-19 15:51:06,689 - root - INFO - applogin is running success!
2018-07-19 15:51:07,385 - root - INFO - 手动关闭预约BUY_QYY: 成功!
2018-07-19 15:51:07,387 - root - INFO - ***************开启和关闭预约理财接口结束****************
2018-07-19 15:51:07,389 - root - INFO - ***************开启和关闭预约理财接口开始****************
2018-07-19 15:51:07,391 - root - INFO - qyd_app login is running...
2018-07-19 15:51:08,621 - root - INFO - applogin is running success!
2018-07-19 15:51:10,332 - root - INFO - 开启预约BUY_ZRZQ: 成功!
2018-07-19 15:51:10,335 - root - INFO - ***************开启和关闭预约理财接口结束****************
2018-07-19 15:51:10,337 - root - INFO - ***************开启和关闭预约理财接口开始****************
2018-07-19 15:51:10,339 - root - INFO - qyd_app login is running...
2018-07-19 15:51:11,916 - root - INFO - applogin is running success!
2018-07-19 15:51:13,009 - root - INFO - 系统取消预约BUY_ZRZQ: 成功!
2018-07-19 15:51:13,011 - root - INFO - ***************开启和关闭预约理财接口结束****************
2018-07-19 15:51:13,013 - root - INFO - ***************开启和关闭预约理财接口开始****************
2018-07-19 15:51:13,015 - root - INFO - qyd_app login is running...
2018-07-19 15:51:14,422 - root - INFO - applogin is running success!
2018-07-19 15:51:15,424 - root - INFO - 开启预约BUY_YY: 成功!
2018-07-19 15:51:15,426 - root - INFO - ***************开启和关闭预约理财接口结束****************
2018-07-19 15:51:15,428 - root - INFO - ***************开启和关闭预约理财接口开始****************
2018-07-19 15:51:15,430 - root - INFO - qyd_app login is running...
2018-07-19 15:51:17,000 - root - INFO - applogin is running success!
2018-07-19 15:51:17,817 - root - INFO - 系统取消预约BUY_YY: 成功!
2018-07-19 15:51:17,819 - root - INFO - ***************开启和关闭预约理财接口结束****************
2018-07-19 15:51:17,821 - root - INFO - ***************开启和关闭预约理财接口开始****************
2018-07-19 15:51:17,822 - root - INFO - qyd_app login is running...
2018-07-19 15:51:18,879 - root - INFO - applogin is running success!
2018-07-19 15:51:19,523 - root - INFO - 开启预约BUY_YYZR: 成功!
2018-07-19 15:51:19,525 - root - INFO - ***************开启和关闭预约理财接口结束****************
2018-07-19 15:51:19,527 - root - INFO - ***************开启和关闭预约理财接口开始****************
2018-07-19 15:51:19,529 - root - INFO - qyd_app login is running...
2018-07-19 15:51:20,780 - root - INFO - applogin is running success!
2018-07-19 15:51:21,346 - root - INFO - 手动关闭预约BUY_YYZR: 成功!
2018-07-19 15:51:21,348 - root - INFO - ***************开启和关闭预约理财接口结束****************
2018-07-19 15:51:21,350 - root - INFO - ***************开启和关闭预约理财接口开始****************
2018-07-19 15:51:21,352 - root - INFO - qyd_app login is running...
2018-07-19 15:51:22,627 - root - INFO - applogin is running success!
2018-07-19 15:51:23,240 - root - INFO - 开启预约BUY_ZY: 成功!
2018-07-19 15:51:23,242 - root - INFO - ***************开启和关闭预约理财接口结束****************
2018-07-19 15:51:23,243 - root - INFO - ***************开启和关闭预约理财接口开始****************
2018-07-19 15:51:23,244 - root - INFO - qyd_app login is running...
2018-07-19 15:51:24,237 - root - INFO - applogin is running success!
2018-07-19 15:51:24,756 - root - INFO - 系统取消预约BUY_ZY: 成功!
2018-07-19 15:51:24,758 - root - INFO - ***************开启和关闭预约理财接口结束****************
2018-07-19 15:51:24,759 - root - INFO - ***************开启和关闭预约理财接口开始****************
2018-07-19 15:51:24,761 - root - INFO - qyd_app login is running...
2018-07-19 15:51:25,760 - root - INFO - applogin is running success!
2018-07-19 15:51:26,517 - root - INFO - 手动关闭预约BUY_XYY: 成功!
2018-07-19 15:51:26,519 - root - INFO - ***************开启和关闭预约理财接口结束****************
2018-07-19 15:51:26,520 - root - INFO - ***************开启和关闭预约理财接口开始****************
2018-07-19 15:51:26,522 - root - INFO - qyd_app login is running...
2018-07-19 15:51:27,544 - root - INFO - applogin is running success!
2018-07-19 15:51:28,854 - root - INFO - 开启预约BUY_ZRXYY: 成功!
2018-07-19 15:51:28,856 - root - INFO - ***************开启和关闭预约理财接口结束****************
2018-07-19 15:51:28,858 - root - INFO - ***************开启和关闭预约理财接口开始****************
2018-07-19 15:51:28,859 - root - INFO - qyd_app login is running...
2018-07-19 15:51:30,029 - root - INFO - applogin is running success!
2018-07-19 15:51:30,728 - root - INFO - 系统取消预约BUY_ZRXYY: 成功!
2018-07-19 15:51:30,730 - root - INFO - ***************开启和关闭预约理财接口结束****************
2018-07-19 15:51:30,733 - root - INFO - ***************开启和关闭预约理财接口开始****************
2018-07-19 15:51:30,734 - root - INFO - qyd_app login is running...
2018-07-19 15:51:31,988 - root - INFO - applogin is running success!
2018-07-19 15:51:33,217 - root - INFO - 开启预约BUY_XZY: 成功!
2018-07-19 15:51:33,219 - root - INFO - ***************开启和关闭预约理财接口结束****************
2018-07-19 15:51:33,221 - root - INFO - ***************开启和关闭预约理财接口开始****************
2018-07-19 15:51:33,222 - root - INFO - qyd_app login is running...
2018-07-19 15:51:34,169 - root - INFO - applogin is running success!
2018-07-19 15:51:34,661 - root - INFO - 手动关闭预约BUY_XZY: 成功!
2018-07-19 15:51:34,663 - root - INFO - ***************开启和关闭预约理财接口结束****************
2018-07-19 15:51:34,665 - root - INFO - ***************开启和关闭预约理财接口开始****************
2018-07-19 15:51:34,666 - root - INFO - qyd_app login is running...
2018-07-19 15:51:35,895 - root - INFO - applogin is running success!
2018-07-19 15:51:37,069 - root - INFO - 开启预约BUY_XSB: 成功!
2018-07-19 15:51:37,071 - root - INFO - ***************开启和关闭预约理财接口结束****************
2018-07-19 15:51:37,073 - root - INFO - ***************开启和关闭预约理财接口开始****************
2018-07-19 15:51:37,076 - root - INFO - qyd_app login is running...
2018-07-19 15:51:38,046 - root - INFO - applogin is running success!
2018-07-19 15:51:38,549 - root - INFO - 手动关闭预约BUY_XSB: 成功!
2018-07-19 15:51:38,551 - root - INFO - ***************开启和关闭预约理财接口结束****************
2018-07-19 15:51:38,552 - root - INFO - ***************开启和关闭预约理财接口开始****************
2018-07-19 15:51:38,554 - root - INFO - qyd_app login is running...
2018-07-19 15:51:39,575 - root - INFO - applogin is running success!
2018-07-19 15:51:40,221 - root - INFO - 开启预约BUY_QYY: 成功!
2018-07-19 15:51:40,223 - root - INFO - ***************开启和关闭预约理财接口结束****************
