2018-07-19 16:44:14,206 - root - INFO - qyd_app login is running...
2018-07-19 16:44:15,751 - root - INFO - applogin is running success!
2018-07-19 16:44:15,753 - root - INFO - qyd_app login is running...
2018-07-19 16:44:16,742 - root - INFO - applogin is running success!
2018-07-19 16:44:16,894 - root - INFO - 获取众盈持有中债权列表成功!
2018-07-19 16:44:17,049 - root - INFO - 您目前没有持有中的新众盈!
2018-07-19 16:44:17,064 - root - INFO - qyd_app login is running...
2018-07-19 16:44:18,415 - root - INFO - applogin is running success!
2018-07-19 16:44:18,584 - root - INFO - 获取预约理财状态成功!
2018-07-19 16:44:18,594 - root - INFO - ***************一级市场购买开始****************
2018-07-19 16:44:18,596 - root - INFO - qyd_app login is running...
2018-07-19 16:44:19,512 - root - INFO - applogin is running success!
2018-07-19 16:44:20,256 - root - INFO - 购买XYY: 平台剩余可投金额为0!
2018-07-19 16:44:20,258 - root - INFO - ***************一级市场购买结束****************
2018-07-19 16:44:20,259 - root - INFO - ***************一级市场购买开始****************
2018-07-19 16:44:20,260 - root - INFO - qyd_app login is running...
2018-07-19 16:44:21,193 - root - INFO - applogin is running success!
2018-07-19 16:44:21,855 - root - INFO - 购买XZY: 平台剩余可投金额为0!
2018-07-19 16:44:21,856 - root - INFO - ***************一级市场购买结束****************
2018-07-19 16:44:21,858 - root - INFO - ***************一级市场购买开始****************
2018-07-19 16:44:21,860 - root - INFO - qyd_app login is running...
2018-07-19 16:44:22,810 - root - INFO - applogin is running success!
2018-07-19 16:44:23,410 - root - INFO - 购买XYY: 平台剩余可投金额为0!
2018-07-19 16:44:23,412 - root - INFO - ***************一级市场购买结束****************
2018-07-19 16:44:23,413 - root - INFO - ***************一级市场购买开始****************
2018-07-19 16:44:23,415 - root - INFO - qyd_app login is running...
2018-07-19 16:44:24,603 - root - INFO - applogin is running success!
2018-07-19 16:44:25,648 - root - INFO - 购买XZY: 平台剩余可投金额为0!
2018-07-19 16:44:25,649 - root - INFO - ***************一级市场购买结束****************
2018-07-19 16:44:25,651 - root - INFO - ***************查询 新月盈、新众盈 预期收益开始****************
2018-07-19 16:44:25,653 - root - INFO - qyd_app login is running...
2018-07-19 16:44:26,564 - root - INFO - applogin is running success!
2018-07-19 16:44:26,721 - root - ERROR - 查询XYY预期收益失败:
 其他错误
2018-07-19 16:44:26,723 - root - INFO - ***************查询 新月盈、新众盈 预期收益结束****************
2018-07-19 16:44:26,724 - root - INFO - ***************查询 新月盈、新众盈 预期收益开始****************
2018-07-19 16:44:26,726 - root - INFO - qyd_app login is running...
2018-07-19 16:44:27,676 - root - INFO - applogin is running success!
2018-07-19 16:44:27,838 - root - ERROR - 查询XZY预期收益失败:
 其他错误
2018-07-19 16:44:27,840 - root - INFO - ***************查询 新月盈、新众盈 预期收益结束****************
2018-07-19 16:44:27,842 - root - INFO - ************** 收益计算器计算接口开始执行 **************
2018-07-19 16:44:27,977 - root - INFO - XYY收益计算器：执行成功！
2018-07-19 16:44:27,979 - root - INFO - ************** 收益计算器计算接口执行完毕 ************** 
2018-07-19 16:44:27,981 - root - INFO - ************** 收益计算器计算接口开始执行 **************
2018-07-19 16:44:28,165 - root - INFO - XYYA收益计算器：执行成功！
2018-07-19 16:44:28,167 - root - INFO - ************** 收益计算器计算接口执行完毕 ************** 
2018-07-19 16:44:28,168 - root - INFO - ************** 新月盈、新众盈计算器信息展示接口开始执行 **************
2018-07-19 16:44:28,282 - root - INFO - NWYY计算器信息展示接口：执行成功！
2018-07-19 16:44:28,284 - root - INFO - ************** 新月盈、新众盈计算器信息展示接口执行结束 ************** 
2018-07-19 16:44:28,285 - root - INFO - ************** 新月盈、新众盈计算器信息展示接口开始执行 **************
2018-07-19 16:44:28,402 - root - INFO - NWYYOPT计算器信息展示接口：执行成功！
2018-07-19 16:44:28,404 - root - INFO - ************** 新月盈、新众盈计算器信息展示接口执行结束 ************** 
2018-07-19 16:44:28,405 - root - INFO - ************** 新月盈、新众盈计算器信息展示接口开始执行 **************
2018-07-19 16:44:28,523 - root - INFO - NWZY计算器信息展示接口：执行成功！
2018-07-19 16:44:28,525 - root - INFO - ************** 新月盈、新众盈计算器信息展示接口执行结束 ************** 
2018-07-19 16:44:28,527 - root - INFO - ***************开启和关闭预约理财接口开始****************
2018-07-19 16:44:28,528 - root - INFO - qyd_app login is running...
2018-07-19 16:44:29,437 - root - INFO - applogin is running success!
2018-07-19 16:44:30,454 - root - INFO - 开启预约BUY_XYY: 成功!
2018-07-19 16:44:30,456 - root - INFO - ***************开启和关闭预约理财接口结束****************
2018-07-19 16:44:30,458 - root - INFO - ***************开启和关闭预约理财接口开始****************
2018-07-19 16:44:30,459 - root - INFO - qyd_app login is running...
2018-07-19 16:44:31,769 - root - INFO - applogin is running success!
2018-07-19 16:44:32,234 - root - INFO - 手动关闭预约BUY_QYY: 成功!
2018-07-19 16:44:32,236 - root - INFO - ***************开启和关闭预约理财接口结束****************
2018-07-19 16:44:32,239 - root - INFO - ***************开启和关闭预约理财接口开始****************
2018-07-19 16:44:32,241 - root - INFO - qyd_app login is running...
2018-07-19 16:44:33,201 - root - INFO - applogin is running success!
2018-07-19 16:44:33,900 - root - INFO - 开启预约BUY_ZRZQ: 成功!
2018-07-19 16:44:33,902 - root - INFO - ***************开启和关闭预约理财接口结束****************
2018-07-19 16:44:33,903 - root - INFO - ***************开启和关闭预约理财接口开始****************
2018-07-19 16:44:33,905 - root - INFO - qyd_app login is running...
2018-07-19 16:44:34,816 - root - INFO - applogin is running success!
2018-07-19 16:44:35,461 - root - INFO - 系统取消预约BUY_ZRZQ: 成功!
2018-07-19 16:44:35,462 - root - INFO - ***************开启和关闭预约理财接口结束****************
2018-07-19 16:44:35,464 - root - INFO - ***************开启和关闭预约理财接口开始****************
2018-07-19 16:44:35,466 - root - INFO - qyd_app login is running...
2018-07-19 16:44:36,634 - root - INFO - applogin is running success!
2018-07-19 16:44:37,316 - root - INFO - 开启预约BUY_YY: 成功!
2018-07-19 16:44:37,317 - root - INFO - ***************开启和关闭预约理财接口结束****************
2018-07-19 16:44:37,319 - root - INFO - ***************开启和关闭预约理财接口开始****************
2018-07-19 16:44:37,322 - root - INFO - qyd_app login is running...
2018-07-19 16:44:38,280 - root - INFO - applogin is running success!
2018-07-19 16:44:38,729 - root - INFO - 系统取消预约BUY_YY: 成功!
2018-07-19 16:44:38,731 - root - INFO - ***************开启和关闭预约理财接口结束****************
2018-07-19 16:44:38,732 - root - INFO - ***************开启和关闭预约理财接口开始****************
2018-07-19 16:44:38,734 - root - INFO - qyd_app login is running...
2018-07-19 16:44:39,907 - root - INFO - applogin is running success!
2018-07-19 16:44:40,425 - root - INFO - 开启预约BUY_YYZR: 成功!
2018-07-19 16:44:40,426 - root - INFO - ***************开启和关闭预约理财接口结束****************
2018-07-19 16:44:40,428 - root - INFO - ***************开启和关闭预约理财接口开始****************
2018-07-19 16:44:40,429 - root - INFO - qyd_app login is running...
2018-07-19 16:44:41,442 - root - INFO - applogin is running success!
2018-07-19 16:44:41,926 - root - INFO - 手动关闭预约BUY_YYZR: 成功!
2018-07-19 16:44:41,927 - root - INFO - ***************开启和关闭预约理财接口结束****************
2018-07-19 16:44:41,929 - root - INFO - ***************开启和关闭预约理财接口开始****************
2018-07-19 16:44:41,930 - root - INFO - qyd_app login is running...
2018-07-19 16:44:42,875 - root - INFO - applogin is running success!
2018-07-19 16:44:43,374 - root - INFO - 开启预约BUY_ZY: 成功!
2018-07-19 16:44:43,376 - root - INFO - ***************开启和关闭预约理财接口结束****************
2018-07-19 16:44:43,377 - root - INFO - ***************开启和关闭预约理财接口开始****************
2018-07-19 16:44:43,378 - root - INFO - qyd_app login is running...
2018-07-19 16:44:44,362 - root - INFO - applogin is running success!
2018-07-19 16:44:44,815 - root - INFO - 系统取消预约BUY_ZY: 成功!
2018-07-19 16:44:44,816 - root - INFO - ***************开启和关闭预约理财接口结束****************
2018-07-19 16:44:44,818 - root - INFO - ***************开启和关闭预约理财接口开始****************
2018-07-19 16:44:44,819 - root - INFO - qyd_app login is running...
2018-07-19 16:44:46,149 - root - INFO - applogin is running success!
2018-07-19 16:44:46,790 - root - INFO - 手动关闭预约BUY_XYY: 成功!
2018-07-19 16:44:46,792 - root - INFO - ***************开启和关闭预约理财接口结束****************
2018-07-19 16:44:46,793 - root - INFO - ***************开启和关闭预约理财接口开始****************
2018-07-19 16:44:46,794 - root - INFO - qyd_app login is running...
2018-07-19 16:44:47,761 - root - INFO - applogin is running success!
2018-07-19 16:44:48,665 - root - INFO - 开启预约BUY_ZRXYY: 成功!
2018-07-19 16:44:48,667 - root - INFO - ***************开启和关闭预约理财接口结束****************
2018-07-19 16:44:48,669 - root - INFO - ***************开启和关闭预约理财接口开始****************
2018-07-19 16:44:48,671 - root - INFO - qyd_app login is running...
2018-07-19 16:44:49,619 - root - INFO - applogin is running success!
2018-07-19 16:44:50,561 - root - INFO - 系统取消预约BUY_ZRXYY: 成功!
2018-07-19 16:44:50,563 - root - INFO - ***************开启和关闭预约理财接口结束****************
2018-07-19 16:44:50,564 - root - INFO - ***************开启和关闭预约理财接口开始****************
2018-07-19 16:44:50,566 - root - INFO - qyd_app login is running...
2018-07-19 16:44:51,595 - root - INFO - applogin is running success!
2018-07-19 16:44:52,548 - root - INFO - 开启预约BUY_XZY: 成功!
2018-07-19 16:44:52,549 - root - INFO - ***************开启和关闭预约理财接口结束****************
2018-07-19 16:44:52,551 - root - INFO - ***************开启和关闭预约理财接口开始****************
2018-07-19 16:44:52,552 - root - INFO - qyd_app login is running...
2018-07-19 16:44:53,733 - root - INFO - applogin is running success!
2018-07-19 16:44:54,225 - root - INFO - 手动关闭预约BUY_XZY: 成功!
2018-07-19 16:44:54,227 - root - INFO - ***************开启和关闭预约理财接口结束****************
2018-07-19 16:44:54,228 - root - INFO - ***************开启和关闭预约理财接口开始****************
2018-07-19 16:44:54,229 - root - INFO - qyd_app login is running...
2018-07-19 16:44:55,239 - root - INFO - applogin is running success!
2018-07-19 16:44:56,675 - root - INFO - 开启预约BUY_XSB: 成功!
2018-07-19 16:44:56,677 - root - INFO - ***************开启和关闭预约理财接口结束****************
2018-07-19 16:44:56,678 - root - INFO - ***************开启和关闭预约理财接口开始****************
2018-07-19 16:44:56,680 - root - INFO - qyd_app login is running...
2018-07-19 16:44:57,627 - root - INFO - applogin is running success!
2018-07-19 16:44:58,086 - root - INFO - 手动关闭预约BUY_XSB: 成功!
2018-07-19 16:44:58,088 - root - INFO - ***************开启和关闭预约理财接口结束****************
2018-07-19 16:44:58,090 - root - INFO - ***************开启和关闭预约理财接口开始****************
2018-07-19 16:44:58,093 - root - INFO - qyd_app login is running...
2018-07-19 16:44:59,042 - root - INFO - applogin is running success!
2018-07-19 16:44:59,552 - root - INFO - 开启预约BUY_QYY: 成功!
2018-07-19 16:44:59,554 - root - INFO - ***************开启和关闭预约理财接口结束****************
