2018-07-19 16:27:46,475 - root - INFO - qyd_app login is running...
2018-07-19 16:27:47,743 - root - INFO - applogin is running success!
2018-07-19 16:27:47,745 - root - INFO - qyd_app login is running...
2018-07-19 16:27:48,731 - root - INFO - applogin is running success!
2018-07-19 16:27:48,891 - root - INFO - 获取众盈持有中债权列表成功!
2018-07-19 16:27:49,120 - root - INFO - 您目前没有持有中的新众盈!
2018-07-19 16:27:49,138 - root - INFO - qyd_app login is running...
2018-07-19 16:27:50,208 - root - INFO - applogin is running success!
2018-07-19 16:27:50,377 - root - INFO - 获取预约理财状态成功!
2018-07-19 16:27:50,386 - root - INFO - ***************一级市场购买开始****************
2018-07-19 16:27:50,388 - root - INFO - qyd_app login is running...
2018-07-19 16:27:51,402 - root - INFO - applogin is running success!
2018-07-19 16:27:52,130 - root - INFO - 购买XYY: 平台剩余可投金额为0!
2018-07-19 16:27:52,132 - root - INFO - ***************一级市场购买结束****************
2018-07-19 16:27:52,134 - root - INFO - ***************一级市场购买开始****************
2018-07-19 16:27:52,135 - root - INFO - qyd_app login is running...
2018-07-19 16:27:53,097 - root - INFO - applogin is running success!
2018-07-19 16:27:54,278 - root - INFO - 购买XZY: 平台剩余可投金额为0!
2018-07-19 16:27:54,280 - root - INFO - ***************一级市场购买结束****************
2018-07-19 16:27:54,282 - root - INFO - ***************一级市场购买开始****************
2018-07-19 16:27:54,283 - root - INFO - qyd_app login is running...
2018-07-19 16:27:55,286 - root - INFO - applogin is running success!
2018-07-19 16:27:55,952 - root - INFO - 购买XYY: 平台剩余可投金额为0!
2018-07-19 16:27:55,954 - root - INFO - ***************一级市场购买结束****************
2018-07-19 16:27:55,955 - root - INFO - ***************一级市场购买开始****************
2018-07-19 16:27:55,956 - root - INFO - qyd_app login is running...
2018-07-19 16:27:56,947 - root - INFO - applogin is running success!
2018-07-19 16:27:57,561 - root - INFO - 购买XZY: 平台剩余可投金额为0!
2018-07-19 16:27:57,563 - root - INFO - ***************一级市场购买结束****************
2018-07-19 16:27:57,564 - root - INFO - ***************查询 新月盈、新众盈 预期收益开始****************
2018-07-19 16:27:57,565 - root - INFO - qyd_app login is running...
2018-07-19 16:27:58,666 - root - INFO - applogin is running success!
2018-07-19 16:27:58,805 - root - ERROR - 查询XYY预期收益失败:
 其他错误
2018-07-19 16:27:58,806 - root - INFO - ***************查询 新月盈、新众盈 预期收益结束****************
2018-07-19 16:27:58,808 - root - INFO - ***************查询 新月盈、新众盈 预期收益开始****************
2018-07-19 16:27:58,809 - root - INFO - qyd_app login is running...
2018-07-19 16:27:59,707 - root - INFO - applogin is running success!
2018-07-19 16:27:59,859 - root - ERROR - 查询XZY预期收益失败:
 其他错误
2018-07-19 16:27:59,860 - root - INFO - ***************查询 新月盈、新众盈 预期收益结束****************
2018-07-19 16:27:59,862 - root - INFO - ************** 收益计算器计算接口开始执行 **************
2018-07-19 16:27:59,981 - root - INFO - XYY收益计算器：执行成功！
2018-07-19 16:27:59,983 - root - INFO - ************** 收益计算器计算接口执行完毕 ************** 
2018-07-19 16:27:59,984 - root - INFO - ************** 收益计算器计算接口开始执行 **************
2018-07-19 16:28:00,159 - root - INFO - XYYA收益计算器：执行成功！
2018-07-19 16:28:00,161 - root - INFO - ************** 收益计算器计算接口执行完毕 ************** 
2018-07-19 16:28:00,163 - root - INFO - ************** 新月盈、新众盈计算器信息展示接口开始执行 **************
2018-07-19 16:28:00,268 - root - INFO - NWYY计算器信息展示接口：执行成功！
2018-07-19 16:28:00,269 - root - INFO - ************** 新月盈、新众盈计算器信息展示接口执行结束 ************** 
2018-07-19 16:28:00,271 - root - INFO - ************** 新月盈、新众盈计算器信息展示接口开始执行 **************
2018-07-19 16:28:00,384 - root - INFO - NWYYOPT计算器信息展示接口：执行成功！
2018-07-19 16:28:00,385 - root - INFO - ************** 新月盈、新众盈计算器信息展示接口执行结束 ************** 
2018-07-19 16:28:00,387 - root - INFO - ************** 新月盈、新众盈计算器信息展示接口开始执行 **************
2018-07-19 16:28:00,505 - root - INFO - NWZY计算器信息展示接口：执行成功！
2018-07-19 16:28:00,507 - root - INFO - ************** 新月盈、新众盈计算器信息展示接口执行结束 ************** 
2018-07-19 16:28:00,508 - root - INFO - ***************开启和关闭预约理财接口开始****************
2018-07-19 16:28:00,510 - root - INFO - qyd_app login is running...
2018-07-19 16:28:01,644 - root - INFO - applogin is running success!
2018-07-19 16:28:02,848 - root - INFO - 开启预约BUY_XYY: 成功!
2018-07-19 16:28:02,850 - root - INFO - ***************开启和关闭预约理财接口结束****************
2018-07-19 16:28:02,852 - root - INFO - ***************开启和关闭预约理财接口开始****************
2018-07-19 16:28:02,853 - root - INFO - qyd_app login is running...
2018-07-19 16:28:03,836 - root - INFO - applogin is running success!
2018-07-19 16:28:04,704 - root - INFO - 手动关闭预约BUY_QYY: 成功!
2018-07-19 16:28:04,706 - root - INFO - ***************开启和关闭预约理财接口结束****************
2018-07-19 16:28:04,707 - root - INFO - ***************开启和关闭预约理财接口开始****************
2018-07-19 16:28:04,709 - root - INFO - qyd_app login is running...
2018-07-19 16:28:05,700 - root - INFO - applogin is running success!
2018-07-19 16:28:06,223 - root - INFO - 开启预约BUY_ZRZQ: 成功!
2018-07-19 16:28:06,226 - root - INFO - ***************开启和关闭预约理财接口结束****************
2018-07-19 16:28:06,228 - root - INFO - ***************开启和关闭预约理财接口开始****************
2018-07-19 16:28:06,229 - root - INFO - qyd_app login is running...
2018-07-19 16:28:07,349 - root - INFO - applogin is running success!
2018-07-19 16:28:08,056 - root - INFO - 系统取消预约BUY_ZRZQ: 成功!
2018-07-19 16:28:08,058 - root - INFO - ***************开启和关闭预约理财接口结束****************
2018-07-19 16:28:08,059 - root - INFO - ***************开启和关闭预约理财接口开始****************
2018-07-19 16:28:08,060 - root - INFO - qyd_app login is running...
2018-07-19 16:28:08,985 - root - INFO - applogin is running success!
2018-07-19 16:28:09,659 - root - INFO - 开启预约BUY_YY: 成功!
2018-07-19 16:28:09,660 - root - INFO - ***************开启和关闭预约理财接口结束****************
2018-07-19 16:28:09,662 - root - INFO - ***************开启和关闭预约理财接口开始****************
2018-07-19 16:28:09,663 - root - INFO - qyd_app login is running...
2018-07-19 16:28:10,883 - root - INFO - applogin is running success!
2018-07-19 16:28:11,330 - root - INFO - 系统取消预约BUY_YY: 成功!
2018-07-19 16:28:11,332 - root - INFO - ***************开启和关闭预约理财接口结束****************
2018-07-19 16:28:11,333 - root - INFO - ***************开启和关闭预约理财接口开始****************
2018-07-19 16:28:11,335 - root - INFO - qyd_app login is running...
2018-07-19 16:28:12,237 - root - INFO - applogin is running success!
2018-07-19 16:28:12,927 - root - INFO - 开启预约BUY_YYZR: 成功!
2018-07-19 16:28:12,929 - root - INFO - ***************开启和关闭预约理财接口结束****************
2018-07-19 16:28:12,930 - root - INFO - ***************开启和关闭预约理财接口开始****************
2018-07-19 16:28:12,932 - root - INFO - qyd_app login is running...
2018-07-19 16:28:13,853 - root - INFO - applogin is running success!
2018-07-19 16:28:14,302 - root - INFO - 手动关闭预约BUY_YYZR: 成功!
2018-07-19 16:28:14,304 - root - INFO - ***************开启和关闭预约理财接口结束****************
2018-07-19 16:28:14,306 - root - INFO - ***************开启和关闭预约理财接口开始****************
2018-07-19 16:28:14,307 - root - INFO - qyd_app login is running...
2018-07-19 16:28:15,281 - root - INFO - applogin is running success!
2018-07-19 16:28:15,943 - root - INFO - 开启预约BUY_ZY: 成功!
2018-07-19 16:28:15,946 - root - INFO - ***************开启和关闭预约理财接口结束****************
2018-07-19 16:28:15,947 - root - INFO - ***************开启和关闭预约理财接口开始****************
2018-07-19 16:28:15,949 - root - INFO - qyd_app login is running...
2018-07-19 16:28:17,083 - root - INFO - applogin is running success!
2018-07-19 16:28:17,747 - root - INFO - 系统取消预约BUY_ZY: 成功!
2018-07-19 16:28:17,749 - root - INFO - ***************开启和关闭预约理财接口结束****************
2018-07-19 16:28:17,751 - root - INFO - ***************开启和关闭预约理财接口开始****************
2018-07-19 16:28:17,752 - root - INFO - qyd_app login is running...
2018-07-19 16:28:18,688 - root - INFO - applogin is running success!
2018-07-19 16:28:19,135 - root - INFO - 手动关闭预约BUY_XYY: 成功!
2018-07-19 16:28:19,138 - root - INFO - ***************开启和关闭预约理财接口结束****************
2018-07-19 16:28:19,139 - root - INFO - ***************开启和关闭预约理财接口开始****************
2018-07-19 16:28:19,140 - root - INFO - qyd_app login is running...
2018-07-19 16:28:20,290 - root - INFO - applogin is running success!
2018-07-19 16:28:21,326 - root - INFO - 开启预约BUY_ZRXYY: 成功!
2018-07-19 16:28:21,328 - root - INFO - ***************开启和关闭预约理财接口结束****************
2018-07-19 16:28:21,329 - root - INFO - ***************开启和关闭预约理财接口开始****************
2018-07-19 16:28:21,330 - root - INFO - qyd_app login is running...
2018-07-19 16:28:22,640 - root - INFO - applogin is running success!
2018-07-19 16:28:23,296 - root - INFO - 系统取消预约BUY_ZRXYY: 成功!
2018-07-19 16:28:23,298 - root - INFO - ***************开启和关闭预约理财接口结束****************
2018-07-19 16:28:23,299 - root - INFO - ***************开启和关闭预约理财接口开始****************
2018-07-19 16:28:23,300 - root - INFO - qyd_app login is running...
2018-07-19 16:28:24,433 - root - INFO - applogin is running success!
2018-07-19 16:28:25,384 - root - INFO - 开启预约BUY_XZY: 成功!
2018-07-19 16:28:25,387 - root - INFO - ***************开启和关闭预约理财接口结束****************
2018-07-19 16:28:25,389 - root - INFO - ***************开启和关闭预约理财接口开始****************
2018-07-19 16:28:25,391 - root - INFO - qyd_app login is running...
2018-07-19 16:28:26,515 - root - INFO - applogin is running success!
2018-07-19 16:28:27,007 - root - INFO - 手动关闭预约BUY_XZY: 成功!
2018-07-19 16:28:27,009 - root - INFO - ***************开启和关闭预约理财接口结束****************
2018-07-19 16:28:27,011 - root - INFO - ***************开启和关闭预约理财接口开始****************
2018-07-19 16:28:27,013 - root - INFO - qyd_app login is running...
2018-07-19 16:28:28,369 - root - INFO - applogin is running success!
2018-07-19 16:28:30,166 - root - INFO - 开启预约BUY_XSB: 成功!
2018-07-19 16:28:30,168 - root - INFO - ***************开启和关闭预约理财接口结束****************
2018-07-19 16:28:30,170 - root - INFO - ***************开启和关闭预约理财接口开始****************
2018-07-19 16:28:30,171 - root - INFO - qyd_app login is running...
2018-07-19 16:28:31,261 - root - INFO - applogin is running success!
2018-07-19 16:28:31,748 - root - INFO - 手动关闭预约BUY_XSB: 成功!
2018-07-19 16:28:31,750 - root - INFO - ***************开启和关闭预约理财接口结束****************
2018-07-19 16:28:31,751 - root - INFO - ***************开启和关闭预约理财接口开始****************
2018-07-19 16:28:31,753 - root - INFO - qyd_app login is running...
2018-07-19 16:28:32,691 - root - INFO - applogin is running success!
2018-07-19 16:28:33,424 - root - INFO - 开启预约BUY_QYY: 成功!
2018-07-19 16:28:33,425 - root - INFO - ***************开启和关闭预约理财接口结束****************
