2018-07-19 16:41:57,654 - root - INFO - qyd_app login is running...
2018-07-19 16:41:59,506 - root - INFO - applogin is running success!
2018-07-19 16:41:59,508 - root - INFO - qyd_app login is running...
2018-07-19 16:42:01,039 - root - INFO - applogin is running success!
2018-07-19 16:42:01,273 - root - INFO - 获取众盈持有中债权列表成功!
2018-07-19 16:42:01,499 - root - INFO - 您目前没有持有中的新众盈!
2018-07-19 16:42:01,514 - root - INFO - qyd_app login is running...
2018-07-19 16:42:02,817 - root - INFO - applogin is running success!
2018-07-19 16:42:03,022 - root - INFO - 获取预约理财状态成功!
2018-07-19 16:42:03,033 - root - INFO - ***************一级市场购买开始****************
2018-07-19 16:42:03,035 - root - INFO - qyd_app login is running...
2018-07-19 16:42:04,405 - root - INFO - applogin is running success!
2018-07-19 16:42:05,310 - root - INFO - 购买XYY: 平台剩余可投金额为0!
2018-07-19 16:42:05,312 - root - INFO - ***************一级市场购买结束****************
2018-07-19 16:42:05,314 - root - INFO - ***************一级市场购买开始****************
2018-07-19 16:42:05,315 - root - INFO - qyd_app login is running...
2018-07-19 16:42:06,640 - root - INFO - applogin is running success!
2018-07-19 16:42:07,489 - root - INFO - 购买XZY: 平台剩余可投金额为0!
2018-07-19 16:42:07,491 - root - INFO - ***************一级市场购买结束****************
2018-07-19 16:42:07,493 - root - INFO - ***************一级市场购买开始****************
2018-07-19 16:42:07,495 - root - INFO - qyd_app login is running...
2018-07-19 16:42:08,498 - root - INFO - applogin is running success!
2018-07-19 16:42:09,089 - root - INFO - 购买XYY: 平台剩余可投金额为0!
2018-07-19 16:42:09,090 - root - INFO - ***************一级市场购买结束****************
2018-07-19 16:42:09,092 - root - INFO - ***************一级市场购买开始****************
2018-07-19 16:42:09,093 - root - INFO - qyd_app login is running...
2018-07-19 16:42:10,119 - root - INFO - applogin is running success!
2018-07-19 16:42:10,753 - root - INFO - 购买XZY: 平台剩余可投金额为0!
2018-07-19 16:42:10,755 - root - INFO - ***************一级市场购买结束****************
2018-07-19 16:42:10,757 - root - INFO - ***************查询 新月盈、新众盈 预期收益开始****************
2018-07-19 16:42:10,759 - root - INFO - qyd_app login is running...
2018-07-19 16:42:11,810 - root - INFO - applogin is running success!
2018-07-19 16:42:11,997 - root - ERROR - 查询XYY预期收益失败:
 其他错误
2018-07-19 16:42:11,999 - root - INFO - ***************查询 新月盈、新众盈 预期收益结束****************
2018-07-19 16:42:12,001 - root - INFO - ***************查询 新月盈、新众盈 预期收益开始****************
2018-07-19 16:42:12,003 - root - INFO - qyd_app login is running...
2018-07-19 16:42:13,058 - root - INFO - applogin is running success!
2018-07-19 16:42:13,409 - root - ERROR - 查询XZY预期收益失败:
 其他错误
2018-07-19 16:42:13,411 - root - INFO - ***************查询 新月盈、新众盈 预期收益结束****************
2018-07-19 16:42:13,413 - root - INFO - ************** 收益计算器计算接口开始执行 **************
2018-07-19 16:42:13,518 - root - INFO - XYY收益计算器：执行成功！
2018-07-19 16:42:13,520 - root - INFO - ************** 收益计算器计算接口执行完毕 ************** 
2018-07-19 16:42:13,523 - root - INFO - ************** 收益计算器计算接口开始执行 **************
2018-07-19 16:42:13,685 - root - INFO - XYYA收益计算器：执行成功！
2018-07-19 16:42:13,687 - root - INFO - ************** 收益计算器计算接口执行完毕 ************** 
2018-07-19 16:42:13,690 - root - INFO - ************** 新月盈、新众盈计算器信息展示接口开始执行 **************
2018-07-19 16:42:13,794 - root - INFO - NWYY计算器信息展示接口：执行成功！
2018-07-19 16:42:13,796 - root - INFO - ************** 新月盈、新众盈计算器信息展示接口执行结束 ************** 
2018-07-19 16:42:13,797 - root - INFO - ************** 新月盈、新众盈计算器信息展示接口开始执行 **************
2018-07-19 16:42:13,911 - root - INFO - NWYYOPT计算器信息展示接口：执行成功！
2018-07-19 16:42:13,913 - root - INFO - ************** 新月盈、新众盈计算器信息展示接口执行结束 ************** 
2018-07-19 16:42:13,915 - root - INFO - ************** 新月盈、新众盈计算器信息展示接口开始执行 **************
2018-07-19 16:42:14,046 - root - INFO - NWZY计算器信息展示接口：执行成功！
2018-07-19 16:42:14,047 - root - INFO - ************** 新月盈、新众盈计算器信息展示接口执行结束 ************** 
2018-07-19 16:42:14,049 - root - INFO - ***************开启和关闭预约理财接口开始****************
2018-07-19 16:42:14,050 - root - INFO - qyd_app login is running...
2018-07-19 16:42:15,225 - root - INFO - applogin is running success!
2018-07-19 16:42:16,508 - root - INFO - 开启预约BUY_XYY: 成功!
2018-07-19 16:42:16,510 - root - INFO - ***************开启和关闭预约理财接口结束****************
2018-07-19 16:42:16,511 - root - INFO - ***************开启和关闭预约理财接口开始****************
2018-07-19 16:42:16,512 - root - INFO - qyd_app login is running...
2018-07-19 16:42:17,551 - root - INFO - applogin is running success!
2018-07-19 16:42:18,054 - root - INFO - 手动关闭预约BUY_QYY: 成功!
2018-07-19 16:42:18,056 - root - INFO - ***************开启和关闭预约理财接口结束****************
2018-07-19 16:42:18,058 - root - INFO - ***************开启和关闭预约理财接口开始****************
2018-07-19 16:42:18,059 - root - INFO - qyd_app login is running...
2018-07-19 16:42:19,053 - root - INFO - applogin is running success!
2018-07-19 16:42:19,617 - root - INFO - 开启预约BUY_ZRZQ: 成功!
2018-07-19 16:42:19,619 - root - INFO - ***************开启和关闭预约理财接口结束****************
2018-07-19 16:42:19,621 - root - INFO - ***************开启和关闭预约理财接口开始****************
2018-07-19 16:42:19,622 - root - INFO - qyd_app login is running...
2018-07-19 16:42:20,865 - root - INFO - applogin is running success!
2018-07-19 16:42:21,600 - root - INFO - 系统取消预约BUY_ZRZQ: 成功!
2018-07-19 16:42:21,602 - root - INFO - ***************开启和关闭预约理财接口结束****************
2018-07-19 16:42:21,603 - root - INFO - ***************开启和关闭预约理财接口开始****************
2018-07-19 16:42:21,605 - root - INFO - qyd_app login is running...
2018-07-19 16:42:22,498 - root - INFO - applogin is running success!
2018-07-19 16:42:22,994 - root - INFO - 开启预约BUY_YY: 成功!
2018-07-19 16:42:22,996 - root - INFO - ***************开启和关闭预约理财接口结束****************
2018-07-19 16:42:22,997 - root - INFO - ***************开启和关闭预约理财接口开始****************
2018-07-19 16:42:22,999 - root - INFO - qyd_app login is running...
2018-07-19 16:42:23,994 - root - INFO - applogin is running success!
2018-07-19 16:42:24,551 - root - INFO - 系统取消预约BUY_YY: 成功!
2018-07-19 16:42:24,553 - root - INFO - ***************开启和关闭预约理财接口结束****************
2018-07-19 16:42:24,554 - root - INFO - ***************开启和关闭预约理财接口开始****************
2018-07-19 16:42:24,555 - root - INFO - qyd_app login is running...
2018-07-19 16:42:25,551 - root - INFO - applogin is running success!
2018-07-19 16:42:26,057 - root - INFO - 开启预约BUY_YYZR: 成功!
2018-07-19 16:42:26,059 - root - INFO - ***************开启和关闭预约理财接口结束****************
2018-07-19 16:42:26,060 - root - INFO - ***************开启和关闭预约理财接口开始****************
2018-07-19 16:42:26,062 - root - INFO - qyd_app login is running...
2018-07-19 16:42:26,999 - root - INFO - applogin is running success!
2018-07-19 16:42:28,127 - root - INFO - 手动关闭预约BUY_YYZR: 成功!
2018-07-19 16:42:28,128 - root - INFO - ***************开启和关闭预约理财接口结束****************
2018-07-19 16:42:28,130 - root - INFO - ***************开启和关闭预约理财接口开始****************
2018-07-19 16:42:28,131 - root - INFO - qyd_app login is running...
2018-07-19 16:42:29,529 - root - INFO - applogin is running success!
2018-07-19 16:42:31,072 - root - INFO - 开启预约BUY_ZY: 成功!
2018-07-19 16:42:31,074 - root - INFO - ***************开启和关闭预约理财接口结束****************
2018-07-19 16:42:31,075 - root - INFO - ***************开启和关闭预约理财接口开始****************
2018-07-19 16:42:31,077 - root - INFO - qyd_app login is running...
2018-07-19 16:42:32,309 - root - INFO - applogin is running success!
2018-07-19 16:42:33,193 - root - INFO - 系统取消预约BUY_ZY: 成功!
2018-07-19 16:42:33,195 - root - INFO - ***************开启和关闭预约理财接口结束****************
2018-07-19 16:42:33,196 - root - INFO - ***************开启和关闭预约理财接口开始****************
2018-07-19 16:42:33,197 - root - INFO - qyd_app login is running...
2018-07-19 16:42:34,251 - root - INFO - applogin is running success!
2018-07-19 16:42:34,731 - root - INFO - 手动关闭预约BUY_XYY: 成功!
2018-07-19 16:42:34,733 - root - INFO - ***************开启和关闭预约理财接口结束****************
2018-07-19 16:42:34,734 - root - INFO - ***************开启和关闭预约理财接口开始****************
2018-07-19 16:42:34,736 - root - INFO - qyd_app login is running...
2018-07-19 16:42:36,109 - root - INFO - applogin is running success!
2018-07-19 16:42:37,078 - root - INFO - 开启预约BUY_ZRXYY: 成功!
2018-07-19 16:42:37,080 - root - INFO - ***************开启和关闭预约理财接口结束****************
2018-07-19 16:42:37,082 - root - INFO - ***************开启和关闭预约理财接口开始****************
2018-07-19 16:42:37,083 - root - INFO - qyd_app login is running...
2018-07-19 16:42:38,125 - root - INFO - applogin is running success!
2018-07-19 16:42:38,639 - root - INFO - 系统取消预约BUY_ZRXYY: 成功!
2018-07-19 16:42:38,641 - root - INFO - ***************开启和关闭预约理财接口结束****************
2018-07-19 16:42:38,642 - root - INFO - ***************开启和关闭预约理财接口开始****************
2018-07-19 16:42:38,644 - root - INFO - qyd_app login is running...
2018-07-19 16:42:39,803 - root - INFO - applogin is running success!
2018-07-19 16:42:41,986 - root - INFO - 开启预约BUY_XZY: 成功!
2018-07-19 16:42:41,988 - root - INFO - ***************开启和关闭预约理财接口结束****************
2018-07-19 16:42:41,991 - root - INFO - ***************开启和关闭预约理财接口开始****************
2018-07-19 16:42:41,992 - root - INFO - qyd_app login is running...
2018-07-19 16:42:43,186 - root - INFO - applogin is running success!
2018-07-19 16:42:43,854 - root - INFO - 手动关闭预约BUY_XZY: 成功!
2018-07-19 16:42:43,856 - root - INFO - ***************开启和关闭预约理财接口结束****************
2018-07-19 16:42:43,858 - root - INFO - ***************开启和关闭预约理财接口开始****************
2018-07-19 16:42:43,859 - root - INFO - qyd_app login is running...
2018-07-19 16:42:44,852 - root - INFO - applogin is running success!
2018-07-19 16:42:47,013 - root - INFO - 开启预约BUY_XSB: 成功!
2018-07-19 16:42:47,015 - root - INFO - ***************开启和关闭预约理财接口结束****************
2018-07-19 16:42:47,016 - root - INFO - ***************开启和关闭预约理财接口开始****************
2018-07-19 16:42:47,018 - root - INFO - qyd_app login is running...
2018-07-19 16:42:48,064 - root - INFO - applogin is running success!
2018-07-19 16:42:48,537 - root - INFO - 手动关闭预约BUY_XSB: 成功!
2018-07-19 16:42:48,539 - root - INFO - ***************开启和关闭预约理财接口结束****************
2018-07-19 16:42:48,540 - root - INFO - ***************开启和关闭预约理财接口开始****************
2018-07-19 16:42:48,542 - root - INFO - qyd_app login is running...
2018-07-19 16:42:49,844 - root - INFO - applogin is running success!
2018-07-19 16:42:50,512 - root - INFO - 开启预约BUY_QYY: 成功!
2018-07-19 16:42:50,514 - root - INFO - ***************开启和关闭预约理财接口结束****************
