2018-07-19 16:09:47,848 - root - INFO - qyd_app login is running...
2018-07-19 16:09:49,435 - root - INFO - applogin is running success!
2018-07-19 16:09:49,437 - root - INFO - qyd_app login is running...
2018-07-19 16:09:50,686 - root - INFO - applogin is running success!
2018-07-19 16:09:50,925 - root - INFO - 获取众盈持有中债权列表成功!
2018-07-19 16:09:51,187 - root - INFO - 您目前没有持有中的新众盈!
2018-07-19 16:09:51,208 - root - INFO - qyd_app login is running...
2018-07-19 16:09:52,222 - root - INFO - applogin is running success!
2018-07-19 16:09:52,623 - root - INFO - 获取预约理财状态成功!
2018-07-19 16:09:52,633 - root - INFO - ***************一级市场购买开始****************
2018-07-19 16:09:52,635 - root - INFO - qyd_app login is running...
2018-07-19 16:09:54,973 - root - INFO - applogin is running success!
2018-07-19 16:09:55,662 - root - INFO - 购买XYY: 平台剩余可投金额为0!
2018-07-19 16:09:55,663 - root - INFO - ***************一级市场购买结束****************
2018-07-19 16:09:55,665 - root - INFO - ***************一级市场购买开始****************
2018-07-19 16:09:55,666 - root - INFO - qyd_app login is running...
2018-07-19 16:09:56,704 - root - INFO - applogin is running success!
2018-07-19 16:09:57,421 - root - INFO - 购买XZY: 平台剩余可投金额为0!
2018-07-19 16:09:57,423 - root - INFO - ***************一级市场购买结束****************
2018-07-19 16:09:57,425 - root - INFO - ***************一级市场购买开始****************
2018-07-19 16:09:57,428 - root - INFO - qyd_app login is running...
2018-07-19 16:09:58,478 - root - INFO - applogin is running success!
2018-07-19 16:09:59,153 - root - INFO - 购买XYY: 平台剩余可投金额为0!
2018-07-19 16:09:59,155 - root - INFO - ***************一级市场购买结束****************
2018-07-19 16:09:59,157 - root - INFO - ***************一级市场购买开始****************
2018-07-19 16:09:59,158 - root - INFO - qyd_app login is running...
2018-07-19 16:10:00,629 - root - INFO - applogin is running success!
2018-07-19 16:10:01,682 - root - INFO - 购买XZY: 平台剩余可投金额为0!
2018-07-19 16:10:01,684 - root - INFO - ***************一级市场购买结束****************
2018-07-19 16:10:01,685 - root - INFO - ***************查询 新月盈、新众盈 预期收益开始****************
2018-07-19 16:10:01,686 - root - INFO - qyd_app login is running...
2018-07-19 16:10:02,998 - root - INFO - applogin is running success!
2018-07-19 16:10:03,183 - root - ERROR - 查询XYY预期收益失败:
 其他错误
2018-07-19 16:10:03,184 - root - INFO - ***************查询 新月盈、新众盈 预期收益结束****************
2018-07-19 16:10:03,186 - root - INFO - ***************查询 新月盈、新众盈 预期收益开始****************
2018-07-19 16:10:03,187 - root - INFO - qyd_app login is running...
2018-07-19 16:10:04,267 - root - INFO - applogin is running success!
2018-07-19 16:10:04,472 - root - ERROR - 查询XZY预期收益失败:
 其他错误
2018-07-19 16:10:04,474 - root - INFO - ***************查询 新月盈、新众盈 预期收益结束****************
2018-07-19 16:10:04,476 - root - INFO - ************** 收益计算器计算接口开始执行 **************
2018-07-19 16:10:04,630 - root - INFO - XYY收益计算器：执行成功！
2018-07-19 16:10:04,632 - root - INFO - ************** 收益计算器计算接口执行完毕 ************** 
2018-07-19 16:10:04,634 - root - INFO - ************** 收益计算器计算接口开始执行 **************
2018-07-19 16:10:04,797 - root - INFO - XYYA收益计算器：执行成功！
2018-07-19 16:10:04,798 - root - INFO - ************** 收益计算器计算接口执行完毕 ************** 
2018-07-19 16:10:04,800 - root - INFO - ************** 新月盈、新众盈计算器信息展示接口开始执行 **************
2018-07-19 16:10:04,922 - root - INFO - NWYY计算器信息展示接口：执行成功！
2018-07-19 16:10:04,924 - root - INFO - ************** 新月盈、新众盈计算器信息展示接口执行结束 ************** 
2018-07-19 16:10:04,926 - root - INFO - ************** 新月盈、新众盈计算器信息展示接口开始执行 **************
2018-07-19 16:10:05,049 - root - INFO - NWYYOPT计算器信息展示接口：执行成功！
2018-07-19 16:10:05,050 - root - INFO - ************** 新月盈、新众盈计算器信息展示接口执行结束 ************** 
2018-07-19 16:10:05,052 - root - INFO - ************** 新月盈、新众盈计算器信息展示接口开始执行 **************
2018-07-19 16:10:05,179 - root - INFO - NWZY计算器信息展示接口：执行成功！
2018-07-19 16:10:05,181 - root - INFO - ************** 新月盈、新众盈计算器信息展示接口执行结束 ************** 
2018-07-19 16:10:05,182 - root - INFO - ***************开启和关闭预约理财接口开始****************
2018-07-19 16:10:05,184 - root - INFO - qyd_app login is running...
2018-07-19 16:10:06,353 - root - INFO - applogin is running success!
2018-07-19 16:10:07,585 - root - INFO - 开启预约BUY_XYY: 成功!
2018-07-19 16:10:07,586 - root - INFO - ***************开启和关闭预约理财接口结束****************
2018-07-19 16:10:07,588 - root - INFO - ***************开启和关闭预约理财接口开始****************
2018-07-19 16:10:07,589 - root - INFO - qyd_app login is running...
2018-07-19 16:10:08,695 - root - INFO - applogin is running success!
2018-07-19 16:10:09,470 - root - INFO - 手动关闭预约BUY_QYY: 成功!
2018-07-19 16:10:09,472 - root - INFO - ***************开启和关闭预约理财接口结束****************
2018-07-19 16:10:09,473 - root - INFO - ***************开启和关闭预约理财接口开始****************
2018-07-19 16:10:09,474 - root - INFO - qyd_app login is running...
2018-07-19 16:10:11,020 - root - INFO - applogin is running success!
2018-07-19 16:10:11,618 - root - INFO - 开启预约BUY_ZRZQ: 成功!
2018-07-19 16:10:11,619 - root - INFO - ***************开启和关闭预约理财接口结束****************
2018-07-19 16:10:11,621 - root - INFO - ***************开启和关闭预约理财接口开始****************
2018-07-19 16:10:11,622 - root - INFO - qyd_app login is running...
2018-07-19 16:10:12,750 - root - INFO - applogin is running success!
2018-07-19 16:10:13,261 - root - INFO - 系统取消预约BUY_ZRZQ: 成功!
2018-07-19 16:10:13,263 - root - INFO - ***************开启和关闭预约理财接口结束****************
2018-07-19 16:10:13,265 - root - INFO - ***************开启和关闭预约理财接口开始****************
2018-07-19 16:10:13,266 - root - INFO - qyd_app login is running...
2018-07-19 16:10:14,377 - root - INFO - applogin is running success!
2018-07-19 16:10:14,901 - root - INFO - 开启预约BUY_YY: 成功!
2018-07-19 16:10:14,903 - root - INFO - ***************开启和关闭预约理财接口结束****************
2018-07-19 16:10:14,904 - root - INFO - ***************开启和关闭预约理财接口开始****************
2018-07-19 16:10:14,906 - root - INFO - qyd_app login is running...
2018-07-19 16:10:16,602 - root - INFO - applogin is running success!
2018-07-19 16:10:17,123 - root - INFO - 系统取消预约BUY_YY: 成功!
2018-07-19 16:10:17,124 - root - INFO - ***************开启和关闭预约理财接口结束****************
2018-07-19 16:10:17,126 - root - INFO - ***************开启和关闭预约理财接口开始****************
2018-07-19 16:10:17,128 - root - INFO - qyd_app login is running...
2018-07-19 16:10:18,589 - root - INFO - applogin is running success!
2018-07-19 16:10:19,100 - root - INFO - 开启预约BUY_YYZR: 成功!
2018-07-19 16:10:19,102 - root - INFO - ***************开启和关闭预约理财接口结束****************
2018-07-19 16:10:19,104 - root - INFO - ***************开启和关闭预约理财接口开始****************
2018-07-19 16:10:19,105 - root - INFO - qyd_app login is running...
2018-07-19 16:10:20,292 - root - INFO - applogin is running success!
2018-07-19 16:10:20,788 - root - INFO - 手动关闭预约BUY_YYZR: 成功!
2018-07-19 16:10:20,790 - root - INFO - ***************开启和关闭预约理财接口结束****************
2018-07-19 16:10:20,791 - root - INFO - ***************开启和关闭预约理财接口开始****************
2018-07-19 16:10:20,792 - root - INFO - qyd_app login is running...
2018-07-19 16:10:21,852 - root - INFO - applogin is running success!
2018-07-19 16:10:22,579 - root - INFO - 开启预约BUY_ZY: 成功!
2018-07-19 16:10:22,581 - root - INFO - ***************开启和关闭预约理财接口结束****************
2018-07-19 16:10:22,583 - root - INFO - ***************开启和关闭预约理财接口开始****************
2018-07-19 16:10:22,584 - root - INFO - qyd_app login is running...
2018-07-19 16:10:23,570 - root - INFO - applogin is running success!
2018-07-19 16:10:24,302 - root - INFO - 系统取消预约BUY_ZY: 成功!
2018-07-19 16:10:24,303 - root - INFO - ***************开启和关闭预约理财接口结束****************
2018-07-19 16:10:24,305 - root - INFO - ***************开启和关闭预约理财接口开始****************
2018-07-19 16:10:24,306 - root - INFO - qyd_app login is running...
2018-07-19 16:10:25,363 - root - INFO - applogin is running success!
2018-07-19 16:10:25,819 - root - INFO - 手动关闭预约BUY_XYY: 成功!
2018-07-19 16:10:25,821 - root - INFO - ***************开启和关闭预约理财接口结束****************
2018-07-19 16:10:25,822 - root - INFO - ***************开启和关闭预约理财接口开始****************
2018-07-19 16:10:25,824 - root - INFO - qyd_app login is running...
2018-07-19 16:10:26,836 - root - INFO - applogin is running success!
2018-07-19 16:10:28,075 - root - INFO - 开启预约BUY_ZRXYY: 成功!
2018-07-19 16:10:28,077 - root - INFO - ***************开启和关闭预约理财接口结束****************
2018-07-19 16:10:28,079 - root - INFO - ***************开启和关闭预约理财接口开始****************
2018-07-19 16:10:28,080 - root - INFO - qyd_app login is running...
2018-07-19 16:10:29,045 - root - INFO - applogin is running success!
2018-07-19 16:10:29,572 - root - INFO - 系统取消预约BUY_ZRXYY: 成功!
2018-07-19 16:10:29,574 - root - INFO - ***************开启和关闭预约理财接口结束****************
2018-07-19 16:10:29,576 - root - INFO - ***************开启和关闭预约理财接口开始****************
2018-07-19 16:10:29,577 - root - INFO - qyd_app login is running...
2018-07-19 16:10:30,894 - root - INFO - applogin is running success!
2018-07-19 16:10:31,984 - root - INFO - 开启预约BUY_XZY: 成功!
2018-07-19 16:10:31,986 - root - INFO - ***************开启和关闭预约理财接口结束****************
2018-07-19 16:10:31,987 - root - INFO - ***************开启和关闭预约理财接口开始****************
2018-07-19 16:10:31,989 - root - INFO - qyd_app login is running...
2018-07-19 16:10:33,423 - root - INFO - applogin is running success!
2018-07-19 16:10:33,925 - root - INFO - 手动关闭预约BUY_XZY: 成功!
2018-07-19 16:10:33,927 - root - INFO - ***************开启和关闭预约理财接口结束****************
2018-07-19 16:10:33,929 - root - INFO - ***************开启和关闭预约理财接口开始****************
2018-07-19 16:10:33,931 - root - INFO - qyd_app login is running...
2018-07-19 16:10:34,957 - root - INFO - applogin is running success!
2018-07-19 16:10:36,089 - root - INFO - 开启预约BUY_XSB: 成功!
2018-07-19 16:10:36,091 - root - INFO - ***************开启和关闭预约理财接口结束****************
2018-07-19 16:10:36,092 - root - INFO - ***************开启和关闭预约理财接口开始****************
2018-07-19 16:10:36,094 - root - INFO - qyd_app login is running...
2018-07-19 16:10:37,292 - root - INFO - applogin is running success!
2018-07-19 16:10:37,864 - root - INFO - 手动关闭预约BUY_XSB: 成功!
2018-07-19 16:10:37,866 - root - INFO - ***************开启和关闭预约理财接口结束****************
2018-07-19 16:10:37,868 - root - INFO - ***************开启和关闭预约理财接口开始****************
2018-07-19 16:10:37,869 - root - INFO - qyd_app login is running...
2018-07-19 16:10:38,884 - root - INFO - applogin is running success!
2018-07-19 16:10:39,415 - root - INFO - 开启预约BUY_QYY: 成功!
2018-07-19 16:10:39,417 - root - INFO - ***************开启和关闭预约理财接口结束****************
