2018-07-19 16:38:52,141 - root - INFO - qyd_app login is running...
2018-07-19 16:38:54,611 - root - INFO - applogin is running success!
2018-07-19 16:38:54,613 - root - INFO - qyd_app login is running...
2018-07-19 16:38:55,856 - root - INFO - applogin is running success!
2018-07-19 16:38:56,244 - root - INFO - 获取众盈持有中债权列表成功!
2018-07-19 16:38:56,688 - root - INFO - 您目前没有持有中的新众盈!
2018-07-19 16:38:56,702 - root - INFO - qyd_app login is running...
2018-07-19 16:38:57,660 - root - INFO - applogin is running success!
2018-07-19 16:38:58,014 - root - INFO - 获取预约理财状态成功!
2018-07-19 16:38:58,024 - root - INFO - ***************一级市场购买开始****************
2018-07-19 16:38:58,026 - root - INFO - qyd_app login is running...
2018-07-19 16:38:59,362 - root - INFO - applogin is running success!
2018-07-19 16:38:59,933 - root - INFO - 购买XYY: 平台剩余可投金额为0!
2018-07-19 16:38:59,935 - root - INFO - ***************一级市场购买结束****************
2018-07-19 16:38:59,936 - root - INFO - ***************一级市场购买开始****************
2018-07-19 16:38:59,938 - root - INFO - qyd_app login is running...
2018-07-19 16:39:01,642 - root - INFO - applogin is running success!
2018-07-19 16:39:02,434 - root - INFO - 购买XZY: 平台剩余可投金额为0!
2018-07-19 16:39:02,435 - root - INFO - ***************一级市场购买结束****************
2018-07-19 16:39:02,437 - root - INFO - ***************一级市场购买开始****************
2018-07-19 16:39:02,438 - root - INFO - qyd_app login is running...
2018-07-19 16:39:03,585 - root - INFO - applogin is running success!
2018-07-19 16:39:05,141 - root - INFO - 购买XYY: 平台剩余可投金额为0!
2018-07-19 16:39:05,143 - root - INFO - ***************一级市场购买结束****************
2018-07-19 16:39:05,144 - root - INFO - ***************一级市场购买开始****************
2018-07-19 16:39:05,146 - root - INFO - qyd_app login is running...
2018-07-19 16:39:06,244 - root - INFO - applogin is running success!
2018-07-19 16:39:06,772 - root - INFO - 购买XZY: 平台剩余可投金额为0!
2018-07-19 16:39:06,774 - root - INFO - ***************一级市场购买结束****************
2018-07-19 16:39:06,776 - root - INFO - ***************查询 新月盈、新众盈 预期收益开始****************
2018-07-19 16:39:06,777 - root - INFO - qyd_app login is running...
2018-07-19 16:39:07,741 - root - INFO - applogin is running success!
2018-07-19 16:39:07,909 - root - ERROR - 查询XYY预期收益失败:
 其他错误
2018-07-19 16:39:07,911 - root - INFO - ***************查询 新月盈、新众盈 预期收益结束****************
2018-07-19 16:39:07,913 - root - INFO - ***************查询 新月盈、新众盈 预期收益开始****************
2018-07-19 16:39:07,915 - root - INFO - qyd_app login is running...
2018-07-19 16:39:08,888 - root - INFO - applogin is running success!
2018-07-19 16:39:09,051 - root - ERROR - 查询XZY预期收益失败:
 其他错误
2018-07-19 16:39:09,053 - root - INFO - ***************查询 新月盈、新众盈 预期收益结束****************
2018-07-19 16:39:09,055 - root - INFO - ************** 收益计算器计算接口开始执行 **************
2018-07-19 16:39:09,210 - root - INFO - XYY收益计算器：执行成功！
2018-07-19 16:39:09,213 - root - INFO - ************** 收益计算器计算接口执行完毕 ************** 
2018-07-19 16:39:09,214 - root - INFO - ************** 收益计算器计算接口开始执行 **************
2018-07-19 16:39:09,582 - root - INFO - XYYA收益计算器：执行成功！
2018-07-19 16:39:09,584 - root - INFO - ************** 收益计算器计算接口执行完毕 ************** 
2018-07-19 16:39:09,585 - root - INFO - ************** 新月盈、新众盈计算器信息展示接口开始执行 **************
2018-07-19 16:39:09,704 - root - INFO - NWYY计算器信息展示接口：执行成功！
2018-07-19 16:39:09,706 - root - INFO - ************** 新月盈、新众盈计算器信息展示接口执行结束 ************** 
2018-07-19 16:39:09,707 - root - INFO - ************** 新月盈、新众盈计算器信息展示接口开始执行 **************
2018-07-19 16:39:10,834 - root - INFO - NWYYOPT计算器信息展示接口：执行成功！
2018-07-19 16:39:10,836 - root - INFO - ************** 新月盈、新众盈计算器信息展示接口执行结束 ************** 
2018-07-19 16:39:10,838 - root - INFO - ************** 新月盈、新众盈计算器信息展示接口开始执行 **************
2018-07-19 16:39:10,951 - root - INFO - NWZY计算器信息展示接口：执行成功！
2018-07-19 16:39:10,952 - root - INFO - ************** 新月盈、新众盈计算器信息展示接口执行结束 ************** 
2018-07-19 16:39:10,954 - root - INFO - ***************开启和关闭预约理财接口开始****************
2018-07-19 16:39:10,955 - root - INFO - qyd_app login is running...
2018-07-19 16:39:12,147 - root - INFO - applogin is running success!
2018-07-19 16:39:13,140 - root - INFO - 开启预约BUY_XYY: 成功!
2018-07-19 16:39:13,142 - root - INFO - ***************开启和关闭预约理财接口结束****************
2018-07-19 16:39:13,143 - root - INFO - ***************开启和关闭预约理财接口开始****************
2018-07-19 16:39:13,145 - root - INFO - qyd_app login is running...
2018-07-19 16:39:14,437 - root - INFO - applogin is running success!
2018-07-19 16:39:14,895 - root - INFO - 手动关闭预约BUY_QYY: 成功!
2018-07-19 16:39:14,897 - root - INFO - ***************开启和关闭预约理财接口结束****************
2018-07-19 16:39:14,899 - root - INFO - ***************开启和关闭预约理财接口开始****************
2018-07-19 16:39:14,901 - root - INFO - qyd_app login is running...
2018-07-19 16:39:16,092 - root - INFO - applogin is running success!
2018-07-19 16:39:16,615 - root - INFO - 开启预约BUY_ZRZQ: 成功!
2018-07-19 16:39:16,616 - root - INFO - ***************开启和关闭预约理财接口结束****************
2018-07-19 16:39:16,618 - root - INFO - ***************开启和关闭预约理财接口开始****************
2018-07-19 16:39:16,619 - root - INFO - qyd_app login is running...
2018-07-19 16:39:17,576 - root - INFO - applogin is running success!
2018-07-19 16:39:18,039 - root - INFO - 系统取消预约BUY_ZRZQ: 成功!
2018-07-19 16:39:18,041 - root - INFO - ***************开启和关闭预约理财接口结束****************
2018-07-19 16:39:18,043 - root - INFO - ***************开启和关闭预约理财接口开始****************
2018-07-19 16:39:18,044 - root - INFO - qyd_app login is running...
2018-07-19 16:39:19,205 - root - INFO - applogin is running success!
2018-07-19 16:39:19,754 - root - INFO - 开启预约BUY_YY: 成功!
2018-07-19 16:39:19,755 - root - INFO - ***************开启和关闭预约理财接口结束****************
2018-07-19 16:39:19,757 - root - INFO - ***************开启和关闭预约理财接口开始****************
2018-07-19 16:39:19,758 - root - INFO - qyd_app login is running...
2018-07-19 16:39:21,012 - root - INFO - applogin is running success!
2018-07-19 16:39:21,710 - root - INFO - 系统取消预约BUY_YY: 成功!
2018-07-19 16:39:21,712 - root - INFO - ***************开启和关闭预约理财接口结束****************
2018-07-19 16:39:21,714 - root - INFO - ***************开启和关闭预约理财接口开始****************
2018-07-19 16:39:21,715 - root - INFO - qyd_app login is running...
2018-07-19 16:39:22,914 - root - INFO - applogin is running success!
2018-07-19 16:39:23,419 - root - INFO - 开启预约BUY_YYZR: 成功!
2018-07-19 16:39:23,421 - root - INFO - ***************开启和关闭预约理财接口结束****************
2018-07-19 16:39:23,422 - root - INFO - ***************开启和关闭预约理财接口开始****************
2018-07-19 16:39:23,424 - root - INFO - qyd_app login is running...
2018-07-19 16:39:24,604 - root - INFO - applogin is running success!
2018-07-19 16:39:25,058 - root - INFO - 手动关闭预约BUY_YYZR: 成功!
2018-07-19 16:39:25,061 - root - INFO - ***************开启和关闭预约理财接口结束****************
2018-07-19 16:39:25,063 - root - INFO - ***************开启和关闭预约理财接口开始****************
2018-07-19 16:39:25,065 - root - INFO - qyd_app login is running...
2018-07-19 16:39:26,032 - root - INFO - applogin is running success!
2018-07-19 16:39:26,523 - root - INFO - 开启预约BUY_ZY: 成功!
2018-07-19 16:39:26,525 - root - INFO - ***************开启和关闭预约理财接口结束****************
2018-07-19 16:39:26,527 - root - INFO - ***************开启和关闭预约理财接口开始****************
2018-07-19 16:39:26,528 - root - INFO - qyd_app login is running...
2018-07-19 16:39:27,450 - root - INFO - applogin is running success!
2018-07-19 16:39:28,112 - root - INFO - 系统取消预约BUY_ZY: 成功!
2018-07-19 16:39:28,114 - root - INFO - ***************开启和关闭预约理财接口结束****************
2018-07-19 16:39:28,116 - root - INFO - ***************开启和关闭预约理财接口开始****************
2018-07-19 16:39:28,117 - root - INFO - qyd_app login is running...
2018-07-19 16:39:29,565 - root - INFO - applogin is running success!
2018-07-19 16:39:30,067 - root - INFO - 手动关闭预约BUY_XYY: 成功!
2018-07-19 16:39:30,069 - root - INFO - ***************开启和关闭预约理财接口结束****************
2018-07-19 16:39:30,070 - root - INFO - ***************开启和关闭预约理财接口开始****************
2018-07-19 16:39:30,072 - root - INFO - qyd_app login is running...
2018-07-19 16:39:31,021 - root - INFO - applogin is running success!
2018-07-19 16:39:31,996 - root - INFO - 开启预约BUY_ZRXYY: 成功!
2018-07-19 16:39:31,999 - root - INFO - ***************开启和关闭预约理财接口结束****************
2018-07-19 16:39:32,001 - root - INFO - ***************开启和关闭预约理财接口开始****************
2018-07-19 16:39:32,002 - root - INFO - qyd_app login is running...
2018-07-19 16:39:32,993 - root - INFO - applogin is running success!
2018-07-19 16:39:33,884 - root - INFO - 系统取消预约BUY_ZRXYY: 成功!
2018-07-19 16:39:33,885 - root - INFO - ***************开启和关闭预约理财接口结束****************
2018-07-19 16:39:33,887 - root - INFO - ***************开启和关闭预约理财接口开始****************
2018-07-19 16:39:33,888 - root - INFO - qyd_app login is running...
2018-07-19 16:39:36,850 - root - INFO - applogin is running success!
2018-07-19 16:39:37,832 - root - INFO - 开启预约BUY_XZY: 成功!
2018-07-19 16:39:37,833 - root - INFO - ***************开启和关闭预约理财接口结束****************
2018-07-19 16:39:37,835 - root - INFO - ***************开启和关闭预约理财接口开始****************
2018-07-19 16:39:37,837 - root - INFO - qyd_app login is running...
2018-07-19 16:39:38,849 - root - INFO - applogin is running success!
2018-07-19 16:39:39,341 - root - INFO - 手动关闭预约BUY_XZY: 成功!
2018-07-19 16:39:39,343 - root - INFO - ***************开启和关闭预约理财接口结束****************
2018-07-19 16:39:39,344 - root - INFO - ***************开启和关闭预约理财接口开始****************
2018-07-19 16:39:39,346 - root - INFO - qyd_app login is running...
2018-07-19 16:39:40,351 - root - INFO - applogin is running success!
2018-07-19 16:39:42,415 - root - INFO - 开启预约BUY_XSB: 成功!
2018-07-19 16:39:42,417 - root - INFO - ***************开启和关闭预约理财接口结束****************
2018-07-19 16:39:42,419 - root - INFO - ***************开启和关闭预约理财接口开始****************
2018-07-19 16:39:42,420 - root - INFO - qyd_app login is running...
2018-07-19 16:39:43,318 - root - INFO - applogin is running success!
2018-07-19 16:39:44,194 - root - INFO - 手动关闭预约BUY_XSB: 成功!
2018-07-19 16:39:44,196 - root - INFO - ***************开启和关闭预约理财接口结束****************
2018-07-19 16:39:44,197 - root - INFO - ***************开启和关闭预约理财接口开始****************
2018-07-19 16:39:44,199 - root - INFO - qyd_app login is running...
2018-07-19 16:39:45,164 - root - INFO - applogin is running success!
2018-07-19 16:39:46,931 - root - INFO - 开启预约BUY_QYY: 成功!
2018-07-19 16:39:46,933 - root - INFO - ***************开启和关闭预约理财接口结束****************
