2018-07-17 09:40:30,592 - root - INFO - ***************开启和关闭预约理财接口开始****************
2018-07-17 09:40:30,596 - root - INFO - qyd_app login is running...
2018-07-17 09:40:32,191 - root - INFO - applogin is running success!
2018-07-17 09:40:33,723 - root - INFO - 系统取消预约BUY_XYY: 成功!
2018-07-17 09:40:33,725 - root - INFO - ***************开启和关闭预约理财接口结束****************
2018-07-17 09:40:33,728 - root - INFO - ***************开启和关闭预约理财接口开始****************
2018-07-17 09:40:33,729 - root - INFO - qyd_app login is running...
2018-07-17 09:40:35,912 - root - INFO - applogin is running success!
2018-07-17 09:40:36,745 - root - INFO - 系统取消预约BUY_XYY: 成功!
2018-07-17 09:40:36,747 - root - INFO - ***************开启和关闭预约理财接口结束****************
2018-07-17 09:40:36,749 - root - INFO - ***************开启和关闭预约理财接口开始****************
2018-07-17 09:40:36,751 - root - INFO - qyd_app login is running...
2018-07-17 09:40:37,998 - root - INFO - applogin is running success!
2018-07-17 09:40:39,516 - root - INFO - 系统取消预约BUY_ZRXYY: 成功!
2018-07-17 09:40:39,518 - root - INFO - ***************开启和关闭预约理财接口结束****************
2018-07-17 09:40:39,520 - root - INFO - ***************开启和关闭预约理财接口开始****************
2018-07-17 09:40:39,521 - root - INFO - qyd_app login is running...
2018-07-17 09:40:40,733 - root - INFO - applogin is running success!
2018-07-17 09:40:41,405 - root - INFO - 系统取消预约BUY_ZRXYY: 成功!
2018-07-17 09:40:41,407 - root - INFO - ***************开启和关闭预约理财接口结束****************
2018-07-17 09:40:41,409 - root - INFO - ***************开启和关闭预约理财接口开始****************
2018-07-17 09:40:41,411 - root - INFO - qyd_app login is running...
2018-07-17 09:40:42,710 - root - INFO - applogin is running success!
2018-07-17 09:40:43,878 - root - INFO - 系统取消预约BUY_XZY: 成功!
2018-07-17 09:40:43,879 - root - INFO - ***************开启和关闭预约理财接口结束****************
2018-07-17 09:40:43,881 - root - INFO - ***************开启和关闭预约理财接口开始****************
2018-07-17 09:40:43,883 - root - INFO - qyd_app login is running...
2018-07-17 09:40:44,847 - root - INFO - applogin is running success!
2018-07-17 09:40:45,528 - root - INFO - 系统取消预约BUY_XZY: 成功!
2018-07-17 09:40:45,530 - root - INFO - ***************开启和关闭预约理财接口结束****************
