2018-07-19 15:53:50,273 - root - INFO - qyd_app login is running...
2018-07-19 15:53:52,217 - root - INFO - applogin is running success!
2018-07-19 15:53:52,218 - root - INFO - qyd_app login is running...
2018-07-19 15:53:53,384 - root - INFO - applogin is running success!
2018-07-19 15:53:53,583 - root - INFO - 获取众盈持有中债权列表成功!
2018-07-19 15:53:53,952 - root - INFO - 您目前没有持有中的新众盈!
2018-07-19 15:53:53,975 - root - INFO - qyd_app login is running...
2018-07-19 15:53:55,166 - root - INFO - applogin is running success!
2018-07-19 15:53:55,362 - root - INFO - 获取预约理财状态成功!
2018-07-19 15:53:55,372 - root - INFO - ***************一级市场购买开始****************
2018-07-19 15:53:55,374 - root - INFO - qyd_app login is running...
2018-07-19 15:53:56,361 - root - INFO - applogin is running success!
2018-07-19 15:53:56,948 - root - INFO - 购买XYY: 平台剩余可投金额为0!
2018-07-19 15:53:56,950 - root - INFO - ***************一级市场购买结束****************
2018-07-19 15:53:56,952 - root - INFO - ***************一级市场购买开始****************
2018-07-19 15:53:56,955 - root - INFO - qyd_app login is running...
2018-07-19 15:53:58,304 - root - INFO - applogin is running success!
2018-07-19 15:53:58,903 - root - INFO - 购买XZY: 平台剩余可投金额为0!
2018-07-19 15:53:58,905 - root - INFO - ***************一级市场购买结束****************
2018-07-19 15:53:58,906 - root - INFO - ***************一级市场购买开始****************
2018-07-19 15:53:58,908 - root - INFO - qyd_app login is running...
2018-07-19 15:53:59,876 - root - INFO - applogin is running success!
2018-07-19 15:54:00,560 - root - INFO - 购买XYY: 平台剩余可投金额为0!
2018-07-19 15:54:00,563 - root - INFO - ***************一级市场购买结束****************
2018-07-19 15:54:00,565 - root - INFO - ***************一级市场购买开始****************
2018-07-19 15:54:00,566 - root - INFO - qyd_app login is running...
2018-07-19 15:54:01,878 - root - INFO - applogin is running success!
2018-07-19 15:54:02,672 - root - INFO - 购买XZY: 平台剩余可投金额为0!
2018-07-19 15:54:02,674 - root - INFO - ***************一级市场购买结束****************
2018-07-19 15:54:02,676 - root - INFO - ***************查询 新月盈、新众盈 预期收益开始****************
2018-07-19 15:54:02,678 - root - INFO - qyd_app login is running...
2018-07-19 15:54:03,671 - root - INFO - applogin is running success!
2018-07-19 15:54:03,834 - root - ERROR - 查询XYY预期收益失败:
 其他错误
2018-07-19 15:54:03,836 - root - INFO - ***************查询 新月盈、新众盈 预期收益结束****************
2018-07-19 15:54:03,838 - root - INFO - ***************查询 新月盈、新众盈 预期收益开始****************
2018-07-19 15:54:03,840 - root - INFO - qyd_app login is running...
2018-07-19 15:54:04,814 - root - INFO - applogin is running success!
2018-07-19 15:54:04,979 - root - ERROR - 查询XZY预期收益失败:
 其他错误
2018-07-19 15:54:04,981 - root - INFO - ***************查询 新月盈、新众盈 预期收益结束****************
2018-07-19 15:54:04,984 - root - INFO - ************** 收益计算器计算接口开始执行 **************
2018-07-19 15:54:05,123 - root - INFO - XYY收益计算器：执行成功！
2018-07-19 15:54:05,126 - root - INFO - ************** 收益计算器计算接口执行完毕 ************** 
2018-07-19 15:54:05,127 - root - INFO - ************** 收益计算器计算接口开始执行 **************
2018-07-19 15:54:05,298 - root - INFO - XYYA收益计算器：执行成功！
2018-07-19 15:54:05,300 - root - INFO - ************** 收益计算器计算接口执行完毕 ************** 
2018-07-19 15:54:05,302 - root - INFO - ************** 新月盈、新众盈计算器信息展示接口开始执行 **************
2018-07-19 15:54:05,422 - root - INFO - NWYY计算器信息展示接口：执行成功！
2018-07-19 15:54:05,424 - root - INFO - ************** 新月盈、新众盈计算器信息展示接口执行结束 ************** 
2018-07-19 15:54:05,426 - root - INFO - ************** 新月盈、新众盈计算器信息展示接口开始执行 **************
2018-07-19 15:54:05,564 - root - INFO - NWYYOPT计算器信息展示接口：执行成功！
2018-07-19 15:54:05,566 - root - INFO - ************** 新月盈、新众盈计算器信息展示接口执行结束 ************** 
2018-07-19 15:54:05,568 - root - INFO - ************** 新月盈、新众盈计算器信息展示接口开始执行 **************
2018-07-19 15:54:05,690 - root - INFO - NWZY计算器信息展示接口：执行成功！
2018-07-19 15:54:05,692 - root - INFO - ************** 新月盈、新众盈计算器信息展示接口执行结束 ************** 
2018-07-19 15:54:05,693 - root - INFO - ***************开启和关闭预约理财接口开始****************
2018-07-19 15:54:05,695 - root - INFO - qyd_app login is running...
2018-07-19 15:54:06,627 - root - INFO - applogin is running success!
2018-07-19 15:54:07,898 - root - INFO - 开启预约BUY_XYY: 成功!
2018-07-19 15:54:07,900 - root - INFO - ***************开启和关闭预约理财接口结束****************
2018-07-19 15:54:07,903 - root - INFO - ***************开启和关闭预约理财接口开始****************
2018-07-19 15:54:07,904 - root - INFO - qyd_app login is running...
2018-07-19 15:54:08,873 - root - INFO - applogin is running success!
2018-07-19 15:54:09,529 - root - INFO - 手动关闭预约BUY_QYY: 成功!
2018-07-19 15:54:09,531 - root - INFO - ***************开启和关闭预约理财接口结束****************
2018-07-19 15:54:09,533 - root - INFO - ***************开启和关闭预约理财接口开始****************
2018-07-19 15:54:09,535 - root - INFO - qyd_app login is running...
2018-07-19 15:54:10,906 - root - INFO - applogin is running success!
2018-07-19 15:54:11,409 - root - INFO - 开启预约BUY_ZRZQ: 成功!
2018-07-19 15:54:11,411 - root - INFO - ***************开启和关闭预约理财接口结束****************
2018-07-19 15:54:11,413 - root - INFO - ***************开启和关闭预约理财接口开始****************
2018-07-19 15:54:11,414 - root - INFO - qyd_app login is running...
2018-07-19 15:54:12,530 - root - INFO - applogin is running success!
2018-07-19 15:54:12,970 - root - INFO - 系统取消预约BUY_ZRZQ: 成功!
2018-07-19 15:54:12,972 - root - INFO - ***************开启和关闭预约理财接口结束****************
2018-07-19 15:54:12,973 - root - INFO - ***************开启和关闭预约理财接口开始****************
2018-07-19 15:54:12,975 - root - INFO - qyd_app login is running...
2018-07-19 15:54:13,937 - root - INFO - applogin is running success!
2018-07-19 15:54:14,447 - root - INFO - 开启预约BUY_YY: 成功!
2018-07-19 15:54:14,449 - root - INFO - ***************开启和关闭预约理财接口结束****************
2018-07-19 15:54:14,451 - root - INFO - ***************开启和关闭预约理财接口开始****************
2018-07-19 15:54:14,452 - root - INFO - qyd_app login is running...
2018-07-19 15:54:15,811 - root - INFO - applogin is running success!
2018-07-19 15:54:16,300 - root - INFO - 系统取消预约BUY_YY: 成功!
2018-07-19 15:54:16,302 - root - INFO - ***************开启和关闭预约理财接口结束****************
2018-07-19 15:54:16,303 - root - INFO - ***************开启和关闭预约理财接口开始****************
2018-07-19 15:54:16,305 - root - INFO - qyd_app login is running...
2018-07-19 15:54:17,383 - root - INFO - applogin is running success!
2018-07-19 15:54:17,871 - root - INFO - 开启预约BUY_YYZR: 成功!
2018-07-19 15:54:17,873 - root - INFO - ***************开启和关闭预约理财接口结束****************
2018-07-19 15:54:17,875 - root - INFO - ***************开启和关闭预约理财接口开始****************
2018-07-19 15:54:17,876 - root - INFO - qyd_app login is running...
2018-07-19 15:54:18,835 - root - INFO - applogin is running success!
2018-07-19 15:54:19,432 - root - INFO - 手动关闭预约BUY_YYZR: 成功!
2018-07-19 15:54:19,434 - root - INFO - ***************开启和关闭预约理财接口结束****************
2018-07-19 15:54:19,436 - root - INFO - ***************开启和关闭预约理财接口开始****************
2018-07-19 15:54:19,438 - root - INFO - qyd_app login is running...
2018-07-19 15:54:20,585 - root - INFO - applogin is running success!
2018-07-19 15:54:21,184 - root - INFO - 开启预约BUY_ZY: 成功!
2018-07-19 15:54:21,187 - root - INFO - ***************开启和关闭预约理财接口结束****************
2018-07-19 15:54:21,189 - root - INFO - ***************开启和关闭预约理财接口开始****************
2018-07-19 15:54:21,190 - root - INFO - qyd_app login is running...
2018-07-19 15:54:22,329 - root - INFO - applogin is running success!
2018-07-19 15:54:23,204 - root - INFO - 系统取消预约BUY_ZY: 成功!
2018-07-19 15:54:23,206 - root - INFO - ***************开启和关闭预约理财接口结束****************
2018-07-19 15:54:23,207 - root - INFO - ***************开启和关闭预约理财接口开始****************
2018-07-19 15:54:23,209 - root - INFO - qyd_app login is running...
2018-07-19 15:54:24,167 - root - INFO - applogin is running success!
2018-07-19 15:54:25,027 - root - INFO - 手动关闭预约BUY_XYY: 成功!
2018-07-19 15:54:25,029 - root - INFO - ***************开启和关闭预约理财接口结束****************
2018-07-19 15:54:25,031 - root - INFO - ***************开启和关闭预约理财接口开始****************
2018-07-19 15:54:25,033 - root - INFO - qyd_app login is running...
2018-07-19 15:54:25,953 - root - INFO - applogin is running success!
2018-07-19 15:54:27,108 - root - INFO - 开启预约BUY_ZRXYY: 成功!
2018-07-19 15:54:27,111 - root - INFO - ***************开启和关闭预约理财接口结束****************
2018-07-19 15:54:27,113 - root - INFO - ***************开启和关闭预约理财接口开始****************
2018-07-19 15:54:27,115 - root - INFO - qyd_app login is running...
2018-07-19 15:54:28,233 - root - INFO - applogin is running success!
2018-07-19 15:54:28,731 - root - INFO - 系统取消预约BUY_ZRXYY: 成功!
2018-07-19 15:54:28,733 - root - INFO - ***************开启和关闭预约理财接口结束****************
2018-07-19 15:54:28,734 - root - INFO - ***************开启和关闭预约理财接口开始****************
2018-07-19 15:54:28,736 - root - INFO - qyd_app login is running...
2018-07-19 15:54:30,545 - root - INFO - applogin is running success!
2018-07-19 15:54:31,723 - root - INFO - 开启预约BUY_XZY: 成功!
2018-07-19 15:54:31,725 - root - INFO - ***************开启和关闭预约理财接口结束****************
2018-07-19 15:54:31,726 - root - INFO - ***************开启和关闭预约理财接口开始****************
2018-07-19 15:54:31,728 - root - INFO - qyd_app login is running...
2018-07-19 15:54:32,888 - root - INFO - applogin is running success!
2018-07-19 15:54:33,384 - root - INFO - 手动关闭预约BUY_XZY: 成功!
2018-07-19 15:54:33,386 - root - INFO - ***************开启和关闭预约理财接口结束****************
2018-07-19 15:54:33,388 - root - INFO - ***************开启和关闭预约理财接口开始****************
2018-07-19 15:54:33,389 - root - INFO - qyd_app login is running...
2018-07-19 15:54:34,301 - root - INFO - applogin is running success!
2018-07-19 15:54:35,549 - root - INFO - 开启预约BUY_XSB: 成功!
2018-07-19 15:54:35,551 - root - INFO - ***************开启和关闭预约理财接口结束****************
2018-07-19 15:54:35,553 - root - INFO - ***************开启和关闭预约理财接口开始****************
2018-07-19 15:54:35,554 - root - INFO - qyd_app login is running...
2018-07-19 15:54:36,718 - root - INFO - applogin is running success!
2018-07-19 15:54:37,228 - root - INFO - 手动关闭预约BUY_XSB: 成功!
2018-07-19 15:54:37,230 - root - INFO - ***************开启和关闭预约理财接口结束****************
2018-07-19 15:54:37,231 - root - INFO - ***************开启和关闭预约理财接口开始****************
2018-07-19 15:54:37,233 - root - INFO - qyd_app login is running...
2018-07-19 15:54:38,171 - root - INFO - applogin is running success!
2018-07-19 15:54:38,702 - root - INFO - 开启预约BUY_QYY: 成功!
2018-07-19 15:54:38,704 - root - INFO - ***************开启和关闭预约理财接口结束****************
