2018-07-11 10:26:01,154 - root - INFO - ***************一级市场购买开始****************
2018-07-11 10:26:01,157 - root - INFO - qyd_app login is running...
2018-07-11 10:26:02,578 - root - INFO - applogin is running success!
2018-07-11 10:26:03,184 - root - INFO - 购买XYY:平台剩余可投金额为0!
2018-07-11 10:26:03,186 - root - INFO - ***************一级市场购买结束****************
2018-07-11 10:26:03,187 - root - INFO - ***************一级市场购买开始****************
2018-07-11 10:26:03,189 - root - INFO - qyd_app login is running...
2018-07-11 10:26:04,142 - root - INFO - applogin is running success!
2018-07-11 10:26:05,226 - root - INFO - 购买XZY成功
2018-07-11 10:26:05,227 - root - INFO - ***************一级市场购买结束****************
2018-07-11 10:26:05,229 - root - INFO - ***************一级市场购买开始****************
2018-07-11 10:26:05,231 - root - INFO - qyd_app login is running...
2018-07-11 10:26:06,530 - root - INFO - applogin is running success!
2018-07-11 10:26:07,273 - root - INFO - 购买XYY:平台剩余可投金额为0!
2018-07-11 10:26:07,274 - root - INFO - ***************一级市场购买结束****************
2018-07-11 10:26:07,276 - root - INFO - ***************一级市场购买开始****************
2018-07-11 10:26:07,277 - root - INFO - qyd_app login is running...
2018-07-11 10:26:08,306 - root - INFO - applogin is running success!
2018-07-11 10:26:09,299 - root - INFO - 购买XZY成功
2018-07-11 10:26:09,302 - root - INFO - ***************一级市场购买结束****************
