2018-07-17 09:39:02,215 - root - INFO - ***************开启和关闭预约理财接口开始****************
2018-07-17 09:39:02,218 - root - INFO - qyd_app login is running...
2018-07-17 09:39:03,847 - root - INFO - applogin is running success!
2018-07-17 09:39:05,426 - root - INFO - 系统取消预约BUY_XYY: 成功!
2018-07-17 09:39:05,428 - root - INFO - ***************开启和关闭预约理财接口结束****************
2018-07-17 09:39:05,430 - root - INFO - ***************开启和关闭预约理财接口开始****************
2018-07-17 09:39:05,432 - root - INFO - qyd_app login is running...
2018-07-17 09:39:06,840 - root - INFO - applogin is running success!
2018-07-17 09:39:08,059 - root - INFO - 系统取消预约BUY_XYY: 成功!
2018-07-17 09:39:08,061 - root - INFO - ***************开启和关闭预约理财接口结束****************
2018-07-17 09:39:08,063 - root - INFO - ***************开启和关闭预约理财接口开始****************
2018-07-17 09:39:08,064 - root - INFO - qyd_app login is running...
2018-07-17 09:39:09,391 - root - INFO - applogin is running success!
2018-07-17 09:39:11,106 - root - INFO - 系统取消预约BUY_ZRXYY: 成功!
2018-07-17 09:39:11,108 - root - INFO - ***************开启和关闭预约理财接口结束****************
2018-07-17 09:39:11,110 - root - INFO - ***************开启和关闭预约理财接口开始****************
2018-07-17 09:39:11,111 - root - INFO - qyd_app login is running...
2018-07-17 09:39:12,296 - root - INFO - applogin is running success!
2018-07-17 09:39:13,301 - root - INFO - 系统取消预约BUY_ZRXYY: 成功!
2018-07-17 09:39:13,303 - root - INFO - ***************开启和关闭预约理财接口结束****************
2018-07-17 09:39:13,305 - root - INFO - ***************开启和关闭预约理财接口开始****************
2018-07-17 09:39:13,307 - root - INFO - qyd_app login is running...
2018-07-17 09:39:14,726 - root - INFO - applogin is running success!
2018-07-17 09:39:16,236 - root - INFO - 系统取消预约BUY_XZY: 成功!
2018-07-17 09:39:16,238 - root - INFO - ***************开启和关闭预约理财接口结束****************
2018-07-17 09:39:16,241 - root - INFO - ***************开启和关闭预约理财接口开始****************
2018-07-17 09:39:16,242 - root - INFO - qyd_app login is running...
2018-07-17 09:39:17,789 - root - INFO - applogin is running success!
2018-07-17 09:39:18,805 - root - INFO - 系统取消预约BUY_XZY: 成功!
2018-07-17 09:39:18,808 - root - INFO - ***************开启和关闭预约理财接口结束****************
